#
# There is insufficient memory for the Java Runtime Environment to continue.
# Native memory allocation (mmap) failed to map 17825792 bytes for G1 virtual space
# Possible reasons:
#   The system is out of physical RAM or swap space
#   The process is running with CompressedOops enabled, and the Java Heap may be blocking the growth of the native heap
# Possible solutions:
#   Reduce memory load on the system
#   Increase physical memory or swap space
#   Check if swap backing store is full
#   Decrease Java heap size (-Xmx/-Xms)
#   Decrease number of Java threads
#   Decrease Java thread stack sizes (-Xss)
#   Set larger code cache with -XX:ReservedCodeCacheSize=
#   JVM is running with Unscaled Compressed Oops mode in which the Java heap is
#     placed in the first 4GB address space. The Java Heap base address is the
#     maximum limit for the native heap growth. Please use -XX:HeapBaseMinAddress
#     to set the Java Heap base and to place the Java Heap above 4GB virtual address.
# This output file may be truncated or incomplete.
#
#  Out of Memory Error (os_windows.cpp:3548), pid=8656, tid=6300
#
# JRE version: Java(TM) SE Runtime Environment (17.0.12+8) (build 17.0.12+8-LTS-286)
# Java VM: Java HotSpot(TM) 64-Bit Server VM (17.0.12+8-LTS-286, mixed mode, sharing, tiered, compressed oops, compressed class ptrs, g1 gc, windows-amd64)
# No core dump will be written. Minidumps are not enabled by default on client versions of Windows
#

---------------  S U M M A R Y ------------

Command Line: -XX:MaxMetaspaceSize=512m --add-opens=java.base/java.util=ALL-UNNAMED --add-opens=java.base/java.lang=ALL-UNNAMED --add-opens=java.base/java.lang.invoke=ALL-UNNAMED --add-opens=java.prefs/java.util.prefs=ALL-UNNAMED --add-opens=java.base/java.nio.charset=ALL-UNNAMED --add-opens=java.base/java.net=ALL-UNNAMED --add-opens=java.base/java.util.concurrent.atomic=ALL-UNNAMED -Xmx2048m -Dfile.encoding=windows-1252 -Duser.country=IN -Duser.language=en -Duser.variant -javaagent:C:\Users\ASHISH\.gradle\wrapper\dists\gradle-8.3-all\6en3ugtfdg5xnpx44z4qbwgas\gradle-8.3\lib\agents\gradle-instrumentation-agent-8.3.jar org.gradle.launcher.daemon.bootstrap.GradleDaemon 8.3

Host: AMD Ryzen 5 5600H with Radeon Graphics         , 12 cores, 7G,  Windows 11 , 64 bit Build 26100 (10.0.26100.3902)
Time: Thu Apr 17 07:51:21 2025 India Standard Time elapsed time: 43.206264 seconds (0d 0h 0m 43s)

---------------  T H R E A D  ---------------

Current thread (0x00000245a465a070):  VMThread "VM Thread" [stack: 0x000000950fb00000,0x000000950fc00000] [id=6300]

Stack: [0x000000950fb00000,0x000000950fc00000]
Native frames: (J=compiled Java code, j=interpreted, Vv=VM code, C=native code)
V  [jvm.dll+0x67a04a]
V  [jvm.dll+0x7da4ed]
V  [jvm.dll+0x7dbe33]
V  [jvm.dll+0x7dc4a3]
V  [jvm.dll+0x24508f]
V  [jvm.dll+0x677089]
V  [jvm.dll+0x66bd32]
V  [jvm.dll+0x301fa6]
V  [jvm.dll+0x309546]
V  [jvm.dll+0x359d2e]
V  [jvm.dll+0x359f5f]
V  [jvm.dll+0x2d9078]
V  [jvm.dll+0x2dc0e6]
V  [jvm.dll+0x2e67eb]
V  [jvm.dll+0x31a870]
V  [jvm.dll+0x7e0d9b]
V  [jvm.dll+0x7e1ad4]
V  [jvm.dll+0x7e1fed]
V  [jvm.dll+0x7e23c4]
V  [jvm.dll+0x7e2490]
V  [jvm.dll+0x78abea]
V  [jvm.dll+0x678f35]
C  [ucrtbase.dll+0x37b0]
C  [KERNEL32.DLL+0x2e8d7]
C  [ntdll.dll+0x9c5dc]

VM_Operation (0x000000950f7ff750): G1Concurrent, mode: safepoint, requested by thread 0x000002458609ae10


---------------  P R O C E S S  ---------------

Threads class SMR info:
_java_thread_list=0x00000245c4074c00, length=136, elements={
0x000002458602b7e0, 0x00000245a465e4a0, 0x00000245a465f8e0, 0x00000245a4673d20,
0x00000245a4676600, 0x00000245a4677a40, 0x00000245a4678e80, 0x00000245a467ccc0,
0x00000245a4687160, 0x00000245a46987d0, 0x00000245a48aa210, 0x00000245a4a082b0,
0x00000245c4ea0270, 0x00000245c59fc6b0, 0x00000245c4fc73d0, 0x00000245c65f5b10,
0x00000245c6a00080, 0x00000245c4e2f900, 0x00000245c4e2daa0, 0x00000245c4e2fe10,
0x00000245c4e2eee0, 0x00000245c4e2f3f0, 0x00000245c4e2dfb0, 0x00000245c4e2e4c0,
0x00000245c4e30320, 0x00000245c4e30830, 0x00000245c4e2d080, 0x00000245c4e2d590,
0x00000245c7125300, 0x00000245c7122f90, 0x00000245c7125810, 0x00000245c7123ec0,
0x00000245c71234a0, 0x00000245c7122060, 0x00000245c71239b0, 0x00000245c71248e0,
0x00000245c7126230, 0x00000245c71243d0, 0x00000245c7122a80, 0x00000245c7127160,
0x00000245c7127670, 0x00000245c7126c50, 0x00000245c7127b80, 0x00000245c7128090,
0x00000245c7125d20, 0x00000245c71285a0, 0x00000245c7124df0, 0x00000245c71299e0,
0x00000245c7128ab0, 0x00000245c71294d0, 0x00000245c7126740, 0x00000245c8076800,
0x00000245c8073050, 0x00000245c8073f80, 0x00000245c80758d0, 0x00000245c8074eb0,
0x00000245c80762f0, 0x00000245c8073560, 0x00000245c8076d10, 0x00000245c8077220,
0x00000245c8074490, 0x00000245c80749a0, 0x00000245c8078150, 0x00000245c8078660,
0x00000245c8079080, 0x00000245c8077730, 0x00000245c8077c40, 0x00000245c8078b70,
0x00000245c8079590, 0x00000245c8075de0, 0x00000245c807a9d0, 0x00000245c8079aa0,
0x00000245c8079fb0, 0x00000245c807a4c0, 0x00000245c4a91240, 0x00000245c4a91750,
0x00000245c4a8f8f0, 0x00000245c4a90820, 0x00000245c4a92170, 0x00000245c4a90310,
0x00000245c4a92680, 0x00000245c4a91c60, 0x00000245c4a90d30, 0x00000245c4a92b90,
0x00000245c4a930a0, 0x00000245c4a8fe00, 0x00000245c4a93ac0, 0x00000245c4a96850,
0x00000245c4a93fd0, 0x00000245c4a95410, 0x00000245c4a95920, 0x00000245c4a949f0,
0x00000245c4a96d60, 0x00000245c4a935b0, 0x00000245c4a944e0, 0x00000245c4a94f00,
0x00000245c4a95e30, 0x00000245c4a97270, 0x00000245c7466fe0, 0x00000245c7465690,
0x00000245c7467f10, 0x00000245c7467a00, 0x00000245c74665c0, 0x00000245c74674f0,
0x00000245c7466ad0, 0x00000245c7468420, 0x00000245c7468930, 0x00000245c7465180,
0x00000245c7468e40, 0x00000245c7469350, 0x00000245c7465ba0, 0x00000245c73ecea0,
0x00000245c746a280, 0x00000245c746bbd0, 0x00000245c746a790, 0x00000245c746aca0,
0x00000245c746b1b0, 0x00000245c746c5f0, 0x00000245c4e2e9d0, 0x00000245c94a0e90,
0x00000245c94a1dc0, 0x00000245c94a2cf0, 0x00000245c94a27e0, 0x00000245c94a3200,
0x00000245c94a0470, 0x00000245c94a13a0, 0x00000245c94a0980, 0x00000245c94a18b0,
0x00000245cabd1680, 0x00000245cabd0c60, 0x00000245cabd0240, 0x00000245cabd1170,
0x00000245cabd1b90, 0x00000245cabd25b0, 0x00000245cabd0750, 0x00000245c73ef3d0
}

Java Threads: ( => current thread )
  0x000002458602b7e0 JavaThread "main" [_thread_blocked, id=7364, stack(0x000000950f500000,0x000000950f600000)]
  0x00000245a465e4a0 JavaThread "Reference Handler" daemon [_thread_blocked, id=6560, stack(0x000000950fc00000,0x000000950fd00000)]
  0x00000245a465f8e0 JavaThread "Finalizer" daemon [_thread_blocked, id=9720, stack(0x000000950fd00000,0x000000950fe00000)]
  0x00000245a4673d20 JavaThread "Signal Dispatcher" daemon [_thread_blocked, id=9728, stack(0x000000950fe00000,0x000000950ff00000)]
  0x00000245a4676600 JavaThread "Attach Listener" daemon [_thread_blocked, id=9712, stack(0x000000950ff00000,0x0000009510000000)]
  0x00000245a4677a40 JavaThread "Service Thread" daemon [_thread_blocked, id=9680, stack(0x0000009510000000,0x0000009510100000)]
  0x00000245a4678e80 JavaThread "Monitor Deflation Thread" daemon [_thread_blocked, id=9684, stack(0x0000009510100000,0x0000009510200000)]
  0x00000245a467ccc0 JavaThread "C2 CompilerThread0" daemon [_thread_blocked, id=9724, stack(0x0000009510200000,0x0000009510300000)]
  0x00000245a4687160 JavaThread "C1 CompilerThread0" daemon [_thread_blocked, id=9732, stack(0x0000009510300000,0x0000009510400000)]
  0x00000245a46987d0 JavaThread "Sweeper thread" daemon [_thread_blocked, id=6308, stack(0x0000009510400000,0x0000009510500000)]
  0x00000245a48aa210 JavaThread "Common-Cleaner" daemon [_thread_blocked, id=2080, stack(0x0000009510500000,0x0000009510600000)]
  0x00000245a4a082b0 JavaThread "Notification Thread" daemon [_thread_blocked, id=15288, stack(0x0000009510700000,0x0000009510800000)]
  0x00000245c4ea0270 JavaThread "Daemon health stats" [_thread_blocked, id=15580, stack(0x0000009510e00000,0x0000009510f00000)]
  0x00000245c59fc6b0 JavaThread "Incoming local TCP Connector on port 49897" [_thread_in_native, id=15680, stack(0x0000009510900000,0x0000009510a00000)]
  0x00000245c4fc73d0 JavaThread "Daemon periodic checks" [_thread_blocked, id=5044, stack(0x0000009510f00000,0x0000009511000000)]
  0x00000245c65f5b10 JavaThread "Daemon" [_thread_blocked, id=6040, stack(0x0000009511000000,0x0000009511100000)]
  0x00000245c6a00080 JavaThread "Handler for socket connection from /127.0.0.1:49897 to /127.0.0.1:49898" [_thread_in_native, id=5688, stack(0x0000009511100000,0x0000009511200000)]
  0x00000245c4e2f900 JavaThread "Cancel handler" [_thread_blocked, id=15840, stack(0x0000009511200000,0x0000009511300000)]
  0x00000245c4e2daa0 JavaThread "Daemon worker" [_thread_blocked, id=15996, stack(0x0000009511300000,0x0000009511400000)]
  0x00000245c4e2fe10 JavaThread "Asynchronous log dispatcher for DefaultDaemonConnection: socket connection from /127.0.0.1:49897 to /127.0.0.1:49898" [_thread_blocked, id=15752, stack(0x0000009511400000,0x0000009511500000)]
  0x00000245c4e2eee0 JavaThread "Stdin handler" [_thread_blocked, id=5776, stack(0x0000009511500000,0x0000009511600000)]
  0x00000245c4e2f3f0 JavaThread "Daemon client event forwarder" [_thread_blocked, id=7056, stack(0x0000009511600000,0x0000009511700000)]
  0x00000245c4e2dfb0 JavaThread "Cache worker for journal cache (C:\Users\ASHISH\.gradle\caches\journal-1)" [_thread_blocked, id=7112, stack(0x0000009511700000,0x0000009511800000)]
  0x00000245c4e2e4c0 JavaThread "File lock request listener" [_thread_in_native, id=6864, stack(0x0000009511800000,0x0000009511900000)]
  0x00000245c4e30320 JavaThread "Cache worker for file hash cache (C:\Users\ASHISH\.gradle\caches\8.3\fileHashes)" [_thread_blocked, id=10096, stack(0x0000009511900000,0x0000009511a00000)]
  0x00000245c4e30830 JavaThread "File watcher server" daemon [_thread_blocked, id=9896, stack(0x0000009511f00000,0x0000009512000000)]
  0x00000245c4e2d080 JavaThread "File watcher consumer" daemon [_thread_blocked, id=10072, stack(0x0000009512000000,0x0000009512100000)]
  0x00000245c4e2d590 JavaThread "Cache worker for checksums cache (E:\Projects\React JS\Music-player\Main\MUsic\Frontend\android\.gradle\8.3\checksums)" [_thread_blocked, id=10028, stack(0x0000009512100000,0x0000009512200000)]
  0x00000245c7125300 JavaThread "Cache worker for file hash cache (E:\Projects\React JS\Music-player\Main\MUsic\Frontend\android\.gradle\8.3\fileHashes)" [_thread_blocked, id=4196, stack(0x0000009512200000,0x0000009512300000)]
  0x00000245c7122f90 JavaThread "Cache worker for cache directory md-supplier (C:\Users\ASHISH\.gradle\caches\8.3\md-supplier)" [_thread_blocked, id=15440, stack(0x0000009512300000,0x0000009512400000)]
  0x00000245c7125810 JavaThread "Cache worker for file content cache (C:\Users\ASHISH\.gradle\caches\8.3\fileContent)" [_thread_blocked, id=11244, stack(0x0000009512400000,0x0000009512500000)]
  0x00000245c7123ec0 JavaThread "Cache worker for cache directory md-rule (C:\Users\ASHISH\.gradle\caches\8.3\md-rule)" [_thread_blocked, id=13044, stack(0x0000009512700000,0x0000009512800000)]
  0x00000245c71234a0 JavaThread "Cache worker for execution history cache (C:\Users\ASHISH\.gradle\caches\8.3\executionHistory)" [_thread_blocked, id=14308, stack(0x0000009512800000,0x0000009512900000)]
  0x00000245c7122060 JavaThread "jar transforms" [_thread_blocked, id=6828, stack(0x0000009512a00000,0x0000009512b00000)]
  0x00000245c71239b0 JavaThread "jar transforms Thread 2" [_thread_blocked, id=8328, stack(0x0000009512b00000,0x0000009512c00000)]
  0x00000245c71248e0 JavaThread "jar transforms Thread 3" [_thread_blocked, id=6336, stack(0x0000009512c00000,0x0000009512d00000)]
  0x00000245c7126230 JavaThread "jar transforms Thread 4" [_thread_blocked, id=7284, stack(0x0000009512d00000,0x0000009512e00000)]
  0x00000245c71243d0 JavaThread "Cache worker for kotlin-dsl (C:\Users\ASHISH\.gradle\caches\8.3\kotlin-dsl)" [_thread_blocked, id=12016, stack(0x0000009512e00000,0x0000009512f00000)]
  0x00000245c7122a80 JavaThread "jar transforms Thread 5" [_thread_blocked, id=10912, stack(0x0000009512f00000,0x0000009513000000)]
  0x00000245c7127160 JavaThread "jar transforms Thread 6" [_thread_blocked, id=8336, stack(0x0000009513000000,0x0000009513100000)]
  0x00000245c7127670 JavaThread "Unconstrained build operations" [_thread_blocked, id=8280, stack(0x0000009512900000,0x0000009512a00000)]
  0x00000245c7126c50 JavaThread "Unconstrained build operations Thread 2" [_thread_blocked, id=8296, stack(0x0000009513100000,0x0000009513200000)]
  0x00000245c7127b80 JavaThread "jar transforms Thread 7" [_thread_blocked, id=3160, stack(0x0000009513200000,0x0000009513300000)]
  0x00000245c7128090 JavaThread "jar transforms Thread 8" [_thread_blocked, id=7636, stack(0x0000009513300000,0x0000009513400000)]
  0x00000245c7125d20 JavaThread "jar transforms Thread 9" [_thread_blocked, id=7568, stack(0x0000009513400000,0x0000009513500000)]
  0x00000245c71285a0 JavaThread "jar transforms Thread 10" [_thread_blocked, id=11048, stack(0x0000009513500000,0x0000009513600000)]
  0x00000245c7124df0 JavaThread "jar transforms Thread 11" [_thread_blocked, id=5832, stack(0x0000009513600000,0x0000009513700000)]
  0x00000245c71299e0 JavaThread "jar transforms Thread 12" [_thread_blocked, id=4904, stack(0x0000009513700000,0x0000009513800000)]
  0x00000245c7128ab0 JavaThread "Cache worker for dependencies-accessors (E:\Projects\React JS\Music-player\Main\MUsic\Frontend\android\.gradle\8.3\dependencies-accessors)" [_thread_blocked, id=12744, stack(0x0000009513800000,0x0000009513900000)]
  0x00000245c71294d0 JavaThread "Cache worker for Build Output Cleanup Cache (E:\Projects\React JS\Music-player\Main\MUsic\Frontend\node_modules\@react-native\gradle-plugin\.gradle\buildOutputCleanup)" [_thread_blocked, id=9768, stack(0x0000009513900000,0x0000009513a00000)]
  0x00000245c7126740 JavaThread "Unconstrained build operations Thread 3" [_thread_blocked, id=5232, stack(0x0000009513a00000,0x0000009513b00000)]
  0x00000245c8076800 JavaThread "Unconstrained build operations Thread 4" [_thread_blocked, id=1732, stack(0x0000009513b00000,0x0000009513c00000)]
  0x00000245c8073050 JavaThread "Unconstrained build operations Thread 5" [_thread_blocked, id=14328, stack(0x0000009513c00000,0x0000009513d00000)]
  0x00000245c8073f80 JavaThread "Unconstrained build operations Thread 6" [_thread_blocked, id=12876, stack(0x0000009513d00000,0x0000009513e00000)]
  0x00000245c80758d0 JavaThread "Unconstrained build operations Thread 7" [_thread_blocked, id=10156, stack(0x0000009513e00000,0x0000009513f00000)]
  0x00000245c8074eb0 JavaThread "Unconstrained build operations Thread 8" [_thread_blocked, id=16184, stack(0x0000009513f00000,0x0000009514000000)]
  0x00000245c80762f0 JavaThread "Unconstrained build operations Thread 9" [_thread_blocked, id=14832, stack(0x0000009514000000,0x0000009514100000)]
  0x00000245c8073560 JavaThread "Unconstrained build operations Thread 10" [_thread_blocked, id=1912, stack(0x0000009514100000,0x0000009514200000)]
  0x00000245c8076d10 JavaThread "Unconstrained build operations Thread 11" [_thread_blocked, id=2480, stack(0x0000009514200000,0x0000009514300000)]
  0x00000245c8077220 JavaThread "Unconstrained build operations Thread 12" [_thread_blocked, id=6608, stack(0x0000009514300000,0x0000009514400000)]
  0x00000245c8074490 JavaThread "Unconstrained build operations Thread 13" [_thread_blocked, id=10260, stack(0x0000009514400000,0x0000009514500000)]
  0x00000245c80749a0 JavaThread "Memory manager" [_thread_blocked, id=10452, stack(0x0000009514600000,0x0000009514700000)]
  0x00000245c8078150 JavaThread "Cache worker for Build Output Cleanup Cache (E:\Projects\React JS\Music-player\Main\MUsic\Frontend\android\.gradle\buildOutputCleanup)" [_thread_blocked, id=2912, stack(0x0000009514500000,0x0000009514600000)]
  0x00000245c8078660 JavaThread "ForkJoinPool.commonPool-worker-1" daemon [_thread_blocked, id=15904, stack(0x0000009514800000,0x0000009514900000)]
  0x00000245c8079080 JavaThread "ForkJoinPool.commonPool-worker-2" daemon [_thread_blocked, id=12860, stack(0x0000009514900000,0x0000009514a00000)]
  0x00000245c8077730 JavaThread "ForkJoinPool.commonPool-worker-3" daemon [_thread_blocked, id=15716, stack(0x0000009514a00000,0x0000009514b00000)]
  0x00000245c8077c40 JavaThread "ForkJoinPool.commonPool-worker-4" daemon [_thread_blocked, id=14040, stack(0x0000009514b00000,0x0000009514c00000)]
  0x00000245c8078b70 JavaThread "ForkJoinPool.commonPool-worker-5" daemon [_thread_blocked, id=10848, stack(0x0000009514c00000,0x0000009514d00000)]
  0x00000245c8079590 JavaThread "ForkJoinPool.commonPool-worker-6" daemon [_thread_blocked, id=16168, stack(0x0000009514d00000,0x0000009514e00000)]
  0x00000245c8075de0 JavaThread "ForkJoinPool.commonPool-worker-7" daemon [_thread_blocked, id=3168, stack(0x0000009514e00000,0x0000009514f00000)]
  0x00000245c807a9d0 JavaThread "ForkJoinPool.commonPool-worker-8" daemon [_thread_blocked, id=15484, stack(0x0000009514f00000,0x0000009515000000)]
  0x00000245c8079aa0 JavaThread "ForkJoinPool.commonPool-worker-9" daemon [_thread_blocked, id=15620, stack(0x0000009515000000,0x0000009515100000)]
  0x00000245c8079fb0 JavaThread "ForkJoinPool.commonPool-worker-10" daemon [_thread_blocked, id=14384, stack(0x0000009515100000,0x0000009515200000)]
  0x00000245c807a4c0 JavaThread "ForkJoinPool.commonPool-worker-11" daemon [_thread_blocked, id=4600, stack(0x0000009515200000,0x0000009515300000)]
  0x00000245c4a91240 JavaThread "included builds" [_thread_blocked, id=13024, stack(0x0000009515300000,0x0000009515400000)]
  0x00000245c4a91750 JavaThread "Execution worker" [_thread_blocked, id=13564, stack(0x0000009515400000,0x0000009515500000)]
  0x00000245c4a8f8f0 JavaThread "Execution worker Thread 2" [_thread_blocked, id=7140, stack(0x0000009515500000,0x0000009515600000)]
  0x00000245c4a90820 JavaThread "Execution worker Thread 3" [_thread_blocked, id=12864, stack(0x0000009515600000,0x0000009515700000)]
  0x00000245c4a92170 JavaThread "Execution worker Thread 4" [_thread_blocked, id=5648, stack(0x0000009515700000,0x0000009515800000)]
  0x00000245c4a90310 JavaThread "Execution worker Thread 5" [_thread_blocked, id=9964, stack(0x0000009515800000,0x0000009515900000)]
  0x00000245c4a92680 JavaThread "Execution worker Thread 6" [_thread_blocked, id=15488, stack(0x0000009515900000,0x0000009515a00000)]
  0x00000245c4a91c60 JavaThread "Execution worker Thread 7" [_thread_blocked, id=15764, stack(0x0000009515a00000,0x0000009515b00000)]
  0x00000245c4a90d30 JavaThread "Execution worker Thread 8" [_thread_blocked, id=10216, stack(0x0000009515b00000,0x0000009515c00000)]
  0x00000245c4a92b90 JavaThread "Execution worker Thread 9" [_thread_blocked, id=3012, stack(0x0000009515c00000,0x0000009515d00000)]
  0x00000245c4a930a0 JavaThread "Execution worker Thread 10" [_thread_blocked, id=3876, stack(0x0000009515d00000,0x0000009515e00000)]
  0x00000245c4a8fe00 JavaThread "Execution worker Thread 11" [_thread_blocked, id=4208, stack(0x0000009515e00000,0x0000009515f00000)]
  0x00000245c4a93ac0 JavaThread "Cache worker for execution history cache (E:\Projects\React JS\Music-player\Main\MUsic\Frontend\node_modules\@react-native\gradle-plugin\.gradle\8.3\executionHistory)" [_thread_blocked, id=4152, stack(0x0000009515f00000,0x0000009516000000)]
  0x00000245c4a96850 JavaThread "Unconstrained build operations Thread 14" [_thread_blocked, id=4348, stack(0x0000009516000000,0x0000009516100000)]
  0x00000245c4a93fd0 JavaThread "Unconstrained build operations Thread 15" [_thread_blocked, id=4500, stack(0x0000009516100000,0x0000009516200000)]
  0x00000245c4a95410 JavaThread "Unconstrained build operations Thread 16" [_thread_blocked, id=10836, stack(0x0000009516200000,0x0000009516300000)]
  0x00000245c4a95920 JavaThread "Unconstrained build operations Thread 17" [_thread_blocked, id=5416, stack(0x0000009516300000,0x0000009516400000)]
  0x00000245c4a949f0 JavaThread "Unconstrained build operations Thread 18" [_thread_blocked, id=5448, stack(0x0000009516400000,0x0000009516500000)]
  0x00000245c4a96d60 JavaThread "Unconstrained build operations Thread 19" [_thread_blocked, id=3624, stack(0x0000009516500000,0x0000009516600000)]
  0x00000245c4a935b0 JavaThread "Unconstrained build operations Thread 20" [_thread_blocked, id=10348, stack(0x0000009516600000,0x0000009516700000)]
  0x00000245c4a944e0 JavaThread "Unconstrained build operations Thread 21" [_thread_blocked, id=3680, stack(0x0000009516700000,0x0000009516800000)]
  0x00000245c4a94f00 JavaThread "Unconstrained build operations Thread 22" [_thread_blocked, id=3652, stack(0x0000009516800000,0x0000009516900000)]
  0x00000245c4a95e30 JavaThread "Unconstrained build operations Thread 23" [_thread_blocked, id=5204, stack(0x0000009516900000,0x0000009516a00000)]
  0x00000245c4a97270 JavaThread "Unconstrained build operations Thread 24" [_thread_blocked, id=6960, stack(0x0000009516a00000,0x0000009516b00000)]
  0x00000245c7466fe0 JavaThread "Unconstrained build operations Thread 25" [_thread_blocked, id=4412, stack(0x0000009516b00000,0x0000009516c00000)]
  0x00000245c7465690 JavaThread "Unconstrained build operations Thread 26" [_thread_blocked, id=14352, stack(0x0000009516c00000,0x0000009516d00000)]
  0x00000245c7467f10 JavaThread "Unconstrained build operations Thread 27" [_thread_blocked, id=16224, stack(0x0000009516d00000,0x0000009516e00000)]
  0x00000245c7467a00 JavaThread "Unconstrained build operations Thread 28" [_thread_blocked, id=16228, stack(0x0000009516e00000,0x0000009516f00000)]
  0x00000245c74665c0 JavaThread "Unconstrained build operations Thread 29" [_thread_blocked, id=16236, stack(0x0000009516f00000,0x0000009517000000)]
  0x00000245c74674f0 JavaThread "Unconstrained build operations Thread 30" [_thread_blocked, id=16244, stack(0x0000009517000000,0x0000009517100000)]
  0x00000245c7466ad0 JavaThread "Unconstrained build operations Thread 31" [_thread_blocked, id=16240, stack(0x0000009517100000,0x0000009517200000)]
  0x00000245c7468420 JavaThread "Unconstrained build operations Thread 32" [_thread_blocked, id=16248, stack(0x0000009517200000,0x0000009517300000)]
  0x00000245c7468930 JavaThread "Unconstrained build operations Thread 33" [_thread_blocked, id=16220, stack(0x0000009517300000,0x0000009517400000)]
  0x00000245c7465180 JavaThread "Unconstrained build operations Thread 34" [_thread_blocked, id=16200, stack(0x0000009517400000,0x0000009517500000)]
  0x00000245c7468e40 JavaThread "Unconstrained build operations Thread 35" [_thread_blocked, id=16260, stack(0x0000009517500000,0x0000009517600000)]
  0x00000245c7469350 JavaThread "Unconstrained build operations Thread 36" [_thread_blocked, id=16216, stack(0x0000009517600000,0x0000009517700000)]
  0x00000245c7465ba0 JavaThread "Unconstrained build operations Thread 37" [_thread_blocked, id=16232, stack(0x0000009517700000,0x0000009517800000)]
  0x00000245c73ecea0 JavaThread "C2 CompilerThread1" daemon [_thread_blocked, id=7060, stack(0x0000009514700000,0x0000009514800000)]
  0x00000245c746a280 JavaThread "Unconstrained build operations Thread 38" [_thread_blocked, id=14392, stack(0x0000009517900000,0x0000009517a00000)]
  0x00000245c746bbd0 JavaThread "Unconstrained build operations Thread 39" [_thread_blocked, id=11276, stack(0x0000009517a00000,0x0000009517b00000)]
  0x00000245c746a790 JavaThread "Unconstrained build operations Thread 40" [_thread_blocked, id=9764, stack(0x0000009517b00000,0x0000009517c00000)]
  0x00000245c746aca0 JavaThread "Unconstrained build operations Thread 41" [_thread_blocked, id=11816, stack(0x0000009517c00000,0x0000009517d00000)]
  0x00000245c746b1b0 JavaThread "Unconstrained build operations Thread 42" [_thread_blocked, id=9416, stack(0x0000009517d00000,0x0000009517e00000)]
  0x00000245c746c5f0 JavaThread "Unconstrained build operations Thread 43" [_thread_blocked, id=9200, stack(0x0000009517e00000,0x0000009517f00000)]
  0x00000245c4e2e9d0 JavaThread "Unconstrained build operations Thread 44" [_thread_blocked, id=11352, stack(0x0000009517f00000,0x0000009518000000)]
  0x00000245c94a0e90 JavaThread "Unconstrained build operations Thread 45" [_thread_blocked, id=11336, stack(0x0000009518000000,0x0000009518100000)]
  0x00000245c94a1dc0 JavaThread "Unconstrained build operations Thread 46" [_thread_blocked, id=11576, stack(0x0000009518100000,0x0000009518200000)]
  0x00000245c94a2cf0 JavaThread "Unconstrained build operations Thread 47" [_thread_blocked, id=11584, stack(0x0000009518200000,0x0000009518300000)]
  0x00000245c94a27e0 JavaThread "Unconstrained build operations Thread 48" [_thread_blocked, id=11744, stack(0x0000009518300000,0x0000009518400000)]
  0x00000245c94a3200 JavaThread "Unconstrained build operations Thread 49" [_thread_blocked, id=7592, stack(0x0000009518400000,0x0000009518500000)]
  0x00000245c94a0470 JavaThread "Unconstrained build operations Thread 50" [_thread_blocked, id=12932, stack(0x0000009518500000,0x0000009518600000)]
  0x00000245c94a13a0 JavaThread "Unconstrained build operations Thread 51" [_thread_blocked, id=15524, stack(0x0000009518600000,0x0000009518700000)]
  0x00000245c94a0980 JavaThread "Unconstrained build operations Thread 52" [_thread_blocked, id=11000, stack(0x0000009518700000,0x0000009518800000)]
  0x00000245c94a18b0 JavaThread "Unconstrained build operations Thread 53" [_thread_blocked, id=13100, stack(0x0000009518800000,0x0000009518900000)]
  0x00000245cabd1680 JavaThread "Unconstrained build operations Thread 54" [_thread_blocked, id=13396, stack(0x0000009518900000,0x0000009518a00000)]
  0x00000245cabd0c60 JavaThread "Unconstrained build operations Thread 55" [_thread_blocked, id=14304, stack(0x0000009518a00000,0x0000009518b00000)]
  0x00000245cabd0240 JavaThread "Unconstrained build operations Thread 56" [_thread_blocked, id=7196, stack(0x0000009518b00000,0x0000009518c00000)]
  0x00000245cabd1170 JavaThread "Unconstrained build operations Thread 57" [_thread_blocked, id=6808, stack(0x0000009518c00000,0x0000009518d00000)]
  0x00000245cabd1b90 JavaThread "Unconstrained build operations Thread 58" [_thread_blocked, id=10104, stack(0x0000009518d00000,0x0000009518e00000)]
  0x00000245cabd25b0 JavaThread "Unconstrained build operations Thread 59" [_thread_blocked, id=16212, stack(0x0000009518e00000,0x0000009518f00000)]
  0x00000245cabd0750 JavaThread "Unconstrained build operations Thread 60" [_thread_blocked, id=16264, stack(0x0000009518f00000,0x0000009519000000)]
  0x00000245c73ef3d0 JavaThread "C2 CompilerThread2" daemon [_thread_blocked, id=8132, stack(0x0000009519100000,0x0000009519200000)]

Other Threads:
=>0x00000245a465a070 VMThread "VM Thread" [stack: 0x000000950fb00000,0x000000950fc00000] [id=6300]
  0x00000245a4a08790 WatcherThread [stack: 0x0000009510800000,0x0000009510900000] [id=14644]
  0x0000024586088fa0 GCTaskThread "GC Thread#0" [stack: 0x000000950f600000,0x000000950f700000] [id=13776]
  0x00000245c4b37680 GCTaskThread "GC Thread#1" [stack: 0x0000009510a00000,0x0000009510b00000] [id=1616]
  0x00000245c4970690 GCTaskThread "GC Thread#2" [stack: 0x0000009510b00000,0x0000009510c00000] [id=16056]
  0x00000245c476ea10 GCTaskThread "GC Thread#3" [stack: 0x0000009510c00000,0x0000009510d00000] [id=15640]
  0x00000245c476ecd0 GCTaskThread "GC Thread#4" [stack: 0x0000009510d00000,0x0000009510e00000] [id=7324]
  0x00000245c5164b30 GCTaskThread "GC Thread#5" [stack: 0x0000009511a00000,0x0000009511b00000] [id=15652]
  0x00000245c51645b0 GCTaskThread "GC Thread#6" [stack: 0x0000009511b00000,0x0000009511c00000] [id=1284]
  0x00000245c5165bb0 GCTaskThread "GC Thread#7" [stack: 0x0000009511c00000,0x0000009511d00000] [id=16000]
  0x00000245c51642f0 GCTaskThread "GC Thread#8" [stack: 0x0000009511d00000,0x0000009511e00000] [id=14876]
  0x00000245c5165630 GCTaskThread "GC Thread#9" [stack: 0x0000009511e00000,0x0000009511f00000] [id=11592]
  0x000002458609ae10 ConcurrentGCThread "G1 Main Marker" [stack: 0x000000950f700000,0x000000950f800000] [id=6568]
  0x000002458609c400 ConcurrentGCThread "G1 Conc#0" [stack: 0x000000950f800000,0x000000950f900000] [id=8072]
  0x00000245c5164870 ConcurrentGCThread "G1 Conc#1" [stack: 0x0000009512500000,0x0000009512600000] [id=15432]
  0x00000245c5164df0 ConcurrentGCThread "G1 Conc#2" [stack: 0x0000009512600000,0x0000009512700000] [id=15608]
  0x00000245860ee1b0 ConcurrentGCThread "G1 Refine#0" [stack: 0x000000950f900000,0x000000950fa00000] [id=8820]
  0x00000245c6fa7200 ConcurrentGCThread "G1 Refine#1" [stack: 0x0000009517800000,0x0000009517900000] [id=2248]
  0x00000245c6fa8690 ConcurrentGCThread "G1 Refine#2" [stack: 0x0000009519000000,0x0000009519100000] [id=2368]
  0x00000245860ee9f0 ConcurrentGCThread "G1 Service" [stack: 0x000000950fa00000,0x000000950fb00000] [id=6364]

Threads with active compile tasks:
C2 CompilerThread0    43259 12332       4       java.beans.MethodDescriptor::<init> (48 bytes)
C2 CompilerThread1    43259 12341       4       groovy.lang.MetaClassImpl::applyStrayPropertyMethods (288 bytes)
C2 CompilerThread2    43259 12333  s    4       java.beans.MethodDescriptor::setMethod (41 bytes)

VM state: at safepoint (normal execution)

VM Mutex/Monitor currently owned by a thread:  ([mutex/lock_event])
[0x0000024586024bd0] Threads_lock - owner thread: 0x00000245a465a070
[0x00000245860260a0] Heap_lock - owner thread: 0x000002458609ae10

Heap address: 0x0000000080000000, size: 2048 MB, Compressed Oops mode: 32-bit

CDS archive(s) mapped at: [0x00000245a5000000-0x00000245a5bd0000-0x00000245a5bd0000), size 12386304, SharedBaseAddress: 0x00000245a5000000, ArchiveRelocationMode: 1.
Compressed class space mapped at: 0x00000245a6000000-0x00000245c0000000, reserved size: 436207616
Narrow klass base: 0x00000245a5000000, Narrow klass shift: 0, Narrow klass range: 0x100000000

GC Precious Log:
 CPUs: 12 total, 12 available
 Memory: 7521M
 Large Page Support: Disabled
 NUMA Support: Disabled
 Compressed Oops: Enabled (32-bit)
 Heap Region Size: 1M
 Heap Min Capacity: 8M
 Heap Initial Capacity: 118M
 Heap Max Capacity: 2G
 Pre-touch: Disabled
 Parallel Workers: 10
 Concurrent Workers: 3
 Concurrent Refinement Workers: 10
 Periodic GC: Disabled

Heap:
 garbage-first heap   total 242688K, used 152803K [0x0000000080000000, 0x0000000100000000)
  region size 1024K, 14 young (14336K), 6 survivors (6144K)
 Metaspace       used 96372K, committed 97472K, reserved 557056K
  class space    used 13610K, committed 14080K, reserved 425984K

Heap Regions: E=young(eden), S=young(survivor), O=old, HS=humongous(starts), HC=humongous(continues), CS=collection set, F=free, OA=open archive, CA=closed archive, TAMS=top-at-mark-start (previous, next)
|   0|0x0000000080000000, 0x0000000080100000, 0x0000000080100000|100%|HS|  |TAMS 0x0000000080100000, 0x0000000080000000| Complete 
|   1|0x0000000080100000, 0x0000000080200000, 0x0000000080200000|100%|HC|  |TAMS 0x0000000080200000, 0x0000000080100000| Complete 
|   2|0x0000000080200000, 0x0000000080300000, 0x0000000080300000|100%|HC|  |TAMS 0x0000000080300000, 0x0000000080200000| Complete 
|   3|0x0000000080300000, 0x0000000080400000, 0x0000000080400000|100%|HC|  |TAMS 0x0000000080400000, 0x0000000080300000| Complete 
|   4|0x0000000080400000, 0x0000000080500000, 0x0000000080500000|100%| O|  |TAMS 0x0000000080500000, 0x0000000080400000| Untracked 
|   5|0x0000000080500000, 0x0000000080600000, 0x0000000080600000|100%| O|  |TAMS 0x0000000080600000, 0x0000000080500000| Untracked 
|   6|0x0000000080600000, 0x0000000080700000, 0x0000000080700000|100%| O|  |TAMS 0x0000000080700000, 0x0000000080600000| Untracked 
|   7|0x0000000080700000, 0x0000000080800000, 0x0000000080800000|100%| O|  |TAMS 0x0000000080800000, 0x0000000080700000| Updating 
|   8|0x0000000080800000, 0x0000000080900000, 0x0000000080900000|100%| O|  |TAMS 0x0000000080900000, 0x0000000080800000| Untracked 
|   9|0x0000000080900000, 0x0000000080a00000, 0x0000000080a00000|100%| O|  |TAMS 0x0000000080a00000, 0x0000000080900000| Untracked 
|  10|0x0000000080a00000, 0x0000000080b00000, 0x0000000080b00000|100%| O|  |TAMS 0x0000000080b00000, 0x0000000080a00000| Updating 
|  11|0x0000000080b00000, 0x0000000080c00000, 0x0000000080c00000|100%| O|  |TAMS 0x0000000080c00000, 0x0000000080b00000| Untracked 
|  12|0x0000000080c00000, 0x0000000080d00000, 0x0000000080d00000|100%| O|  |TAMS 0x0000000080d00000, 0x0000000080c00000| Untracked 
|  13|0x0000000080d00000, 0x0000000080e00000, 0x0000000080e00000|100%| O|  |TAMS 0x0000000080e00000, 0x0000000080d00000| Untracked 
|  14|0x0000000080e00000, 0x0000000080f00000, 0x0000000080f00000|100%| O|  |TAMS 0x0000000080f00000, 0x0000000080e00000| Untracked 
|  15|0x0000000080f00000, 0x0000000081000000, 0x0000000081000000|100%| O|  |TAMS 0x0000000081000000, 0x0000000080f00000| Untracked 
|  16|0x0000000081000000, 0x0000000081100000, 0x0000000081100000|100%| O|  |TAMS 0x0000000081100000, 0x0000000081000000| Untracked 
|  17|0x0000000081100000, 0x0000000081200000, 0x0000000081200000|100%| O|  |TAMS 0x0000000081200000, 0x0000000081100000| Untracked 
|  18|0x0000000081200000, 0x0000000081300000, 0x0000000081300000|100%| O|  |TAMS 0x0000000081300000, 0x0000000081200000| Untracked 
|  19|0x0000000081300000, 0x00000000813d2600, 0x0000000081400000| 82%| O|  |TAMS 0x00000000813d2600, 0x0000000081300000| Updating 
|  20|0x0000000081400000, 0x0000000081500000, 0x0000000081500000|100%| O|  |TAMS 0x0000000081500000, 0x0000000081400000| Updating 
|  21|0x0000000081500000, 0x0000000081600000, 0x0000000081600000|100%| O|  |TAMS 0x0000000081600000, 0x0000000081500000| Updating 
|  22|0x0000000081600000, 0x0000000081700000, 0x0000000081700000|100%| O|  |TAMS 0x0000000081700000, 0x0000000081600000| Untracked 
|  23|0x0000000081700000, 0x0000000081800000, 0x0000000081800000|100%| O|  |TAMS 0x0000000081800000, 0x0000000081700000| Untracked 
|  24|0x0000000081800000, 0x0000000081900000, 0x0000000081900000|100%| O|  |TAMS 0x0000000081900000, 0x0000000081800000| Untracked 
|  25|0x0000000081900000, 0x0000000081a00000, 0x0000000081a00000|100%| O|  |TAMS 0x0000000081a00000, 0x0000000081900000| Untracked 
|  26|0x0000000081a00000, 0x0000000081b00000, 0x0000000081b00000|100%| O|  |TAMS 0x0000000081b00000, 0x0000000081a00000| Untracked 
|  27|0x0000000081b00000, 0x0000000081c00000, 0x0000000081c00000|100%| O|  |TAMS 0x0000000081c00000, 0x0000000081b00000| Untracked 
|  28|0x0000000081c00000, 0x0000000081d00000, 0x0000000081d00000|100%| O|  |TAMS 0x0000000081d00000, 0x0000000081c00000| Untracked 
|  29|0x0000000081d00000, 0x0000000081e00000, 0x0000000081e00000|100%| O|  |TAMS 0x0000000081e00000, 0x0000000081d00000| Untracked 
|  30|0x0000000081e00000, 0x0000000081f00000, 0x0000000081f00000|100%|HS|  |TAMS 0x0000000081f00000, 0x0000000081e00000| Complete 
|  31|0x0000000081f00000, 0x0000000082000000, 0x0000000082000000|100%|HC|  |TAMS 0x0000000082000000, 0x0000000081f00000| Complete 
|  32|0x0000000082000000, 0x0000000082100000, 0x0000000082100000|100%| O|  |TAMS 0x0000000082100000, 0x0000000082000000| Untracked 
|  33|0x0000000082100000, 0x0000000082200000, 0x0000000082200000|100%| O|  |TAMS 0x0000000082200000, 0x0000000082100000| Untracked 
|  34|0x0000000082200000, 0x0000000082300000, 0x0000000082300000|100%| O|  |TAMS 0x0000000082300000, 0x0000000082200000| Untracked 
|  35|0x0000000082300000, 0x0000000082400000, 0x0000000082400000|100%| O|  |TAMS 0x0000000082400000, 0x0000000082300000| Untracked 
|  36|0x0000000082400000, 0x0000000082500000, 0x0000000082500000|100%| O|  |TAMS 0x0000000082500000, 0x0000000082400000| Untracked 
|  37|0x0000000082500000, 0x0000000082600000, 0x0000000082600000|100%| O|  |TAMS 0x0000000082600000, 0x0000000082500000| Updating 
|  38|0x0000000082600000, 0x0000000082700000, 0x0000000082700000|100%| O|  |TAMS 0x0000000082700000, 0x0000000082600000| Untracked 
|  39|0x0000000082700000, 0x00000000827ffff8, 0x0000000082800000| 99%| O|  |TAMS 0x00000000827ffff8, 0x0000000082700000| Untracked 
|  40|0x0000000082800000, 0x0000000082900000, 0x0000000082900000|100%|HS|  |TAMS 0x0000000082900000, 0x0000000082800000| Complete 
|  41|0x0000000082900000, 0x0000000082a00000, 0x0000000082a00000|100%|HC|  |TAMS 0x0000000082a00000, 0x0000000082900000| Complete 
|  42|0x0000000082a00000, 0x0000000082b00000, 0x0000000082b00000|100%|HS|  |TAMS 0x0000000082b00000, 0x0000000082a00000| Complete 
|  43|0x0000000082b00000, 0x0000000082c00000, 0x0000000082c00000|100%|HC|  |TAMS 0x0000000082c00000, 0x0000000082b00000| Complete 
|  44|0x0000000082c00000, 0x0000000082d00000, 0x0000000082d00000|100%|HC|  |TAMS 0x0000000082d00000, 0x0000000082c00000| Complete 
|  45|0x0000000082d00000, 0x0000000082e00000, 0x0000000082e00000|100%|HC|  |TAMS 0x0000000082e00000, 0x0000000082d00000| Complete 
|  46|0x0000000082e00000, 0x0000000082f00000, 0x0000000082f00000|100%| O|  |TAMS 0x0000000082f00000, 0x0000000082e00000| Untracked 
|  47|0x0000000082f00000, 0x0000000083000000, 0x0000000083000000|100%| O|  |TAMS 0x0000000083000000, 0x0000000082f00000| Untracked 
|  48|0x0000000083000000, 0x0000000083100000, 0x0000000083100000|100%| O|  |TAMS 0x0000000083100000, 0x0000000083000000| Untracked 
|  49|0x0000000083100000, 0x0000000083200000, 0x0000000083200000|100%| O|  |TAMS 0x0000000083200000, 0x0000000083100000| Untracked 
|  50|0x0000000083200000, 0x0000000083300000, 0x0000000083300000|100%| O|  |TAMS 0x0000000083300000, 0x0000000083200000| Untracked 
|  51|0x0000000083300000, 0x0000000083400000, 0x0000000083400000|100%|HS|  |TAMS 0x0000000083400000, 0x0000000083300000| Complete 
|  52|0x0000000083400000, 0x0000000083500000, 0x0000000083500000|100%|HC|  |TAMS 0x0000000083500000, 0x0000000083400000| Complete 
|  53|0x0000000083500000, 0x0000000083600000, 0x0000000083600000|100%|HC|  |TAMS 0x0000000083600000, 0x0000000083500000| Complete 
|  54|0x0000000083600000, 0x0000000083700000, 0x0000000083700000|100%|HC|  |TAMS 0x0000000083700000, 0x0000000083600000| Complete 
|  55|0x0000000083700000, 0x0000000083800000, 0x0000000083800000|100%| O|  |TAMS 0x0000000083800000, 0x0000000083700000| Untracked 
|  56|0x0000000083800000, 0x0000000083900000, 0x0000000083900000|100%| O|  |TAMS 0x0000000083900000, 0x0000000083800000| Untracked 
|  57|0x0000000083900000, 0x0000000083a00000, 0x0000000083a00000|100%| O|  |TAMS 0x0000000083a00000, 0x0000000083900000| Untracked 
|  58|0x0000000083a00000, 0x0000000083b00000, 0x0000000083b00000|100%|HS|  |TAMS 0x0000000083b00000, 0x0000000083a00000| Complete 
|  59|0x0000000083b00000, 0x0000000083c00000, 0x0000000083c00000|100%|HS|  |TAMS 0x0000000083c00000, 0x0000000083b00000| Complete 
|  60|0x0000000083c00000, 0x0000000083d00000, 0x0000000083d00000|100%|HS|  |TAMS 0x0000000083d00000, 0x0000000083c00000| Complete 
|  61|0x0000000083d00000, 0x0000000083e00000, 0x0000000083e00000|100%| O|  |TAMS 0x0000000083e00000, 0x0000000083d00000| Updating 
|  62|0x0000000083e00000, 0x0000000083f00000, 0x0000000083f00000|100%|HS|  |TAMS 0x0000000083f00000, 0x0000000083e00000| Complete 
|  63|0x0000000083f00000, 0x0000000084000000, 0x0000000084000000|100%| O|  |TAMS 0x0000000084000000, 0x0000000083f00000| Untracked 
|  64|0x0000000084000000, 0x0000000084100000, 0x0000000084100000|100%| O|  |TAMS 0x0000000084100000, 0x0000000084000000| Untracked 
|  65|0x0000000084100000, 0x0000000084200000, 0x0000000084200000|100%| O|  |TAMS 0x0000000084200000, 0x0000000084100000| Untracked 
|  66|0x0000000084200000, 0x0000000084300000, 0x0000000084300000|100%| O|  |TAMS 0x0000000084300000, 0x0000000084200000| Untracked 
|  67|0x0000000084300000, 0x0000000084400000, 0x0000000084400000|100%| O|  |TAMS 0x0000000084400000, 0x0000000084300000| Untracked 
|  68|0x0000000084400000, 0x0000000084500000, 0x0000000084500000|100%| O|  |TAMS 0x0000000084500000, 0x0000000084400000| Untracked 
|  69|0x0000000084500000, 0x0000000084600000, 0x0000000084600000|100%| O|  |TAMS 0x0000000084600000, 0x0000000084500000| Untracked 
|  70|0x0000000084600000, 0x0000000084700000, 0x0000000084700000|100%| O|  |TAMS 0x0000000084700000, 0x0000000084600000| Untracked 
|  71|0x0000000084700000, 0x0000000084800000, 0x0000000084800000|100%| O|  |TAMS 0x0000000084800000, 0x0000000084700000| Updating 
|  72|0x0000000084800000, 0x0000000084900000, 0x0000000084900000|100%| O|  |TAMS 0x0000000084900000, 0x0000000084800000| Untracked 
|  73|0x0000000084900000, 0x0000000084a00000, 0x0000000084a00000|100%| O|  |TAMS 0x0000000084a00000, 0x0000000084900000| Untracked 
|  74|0x0000000084a00000, 0x0000000084b00000, 0x0000000084b00000|100%| O|  |TAMS 0x0000000084b00000, 0x0000000084a00000| Untracked 
|  75|0x0000000084b00000, 0x0000000084c00000, 0x0000000084c00000|100%| O|  |TAMS 0x0000000084c00000, 0x0000000084b00000| Untracked 
|  76|0x0000000084c00000, 0x0000000084d00000, 0x0000000084d00000|100%| O|  |TAMS 0x0000000084d00000, 0x0000000084c00000| Untracked 
|  77|0x0000000084d00000, 0x0000000084e00000, 0x0000000084e00000|100%| O|  |TAMS 0x0000000084e00000, 0x0000000084d00000| Untracked 
|  78|0x0000000084e00000, 0x0000000084f00000, 0x0000000084f00000|100%| O|  |TAMS 0x0000000084f00000, 0x0000000084e00000| Untracked 
|  79|0x0000000084f00000, 0x0000000085000000, 0x0000000085000000|100%| O|  |TAMS 0x0000000085000000, 0x0000000084f00000| Untracked 
|  80|0x0000000085000000, 0x0000000085100000, 0x0000000085100000|100%| O|  |TAMS 0x0000000085100000, 0x0000000085000000| Untracked 
|  81|0x0000000085100000, 0x0000000085200000, 0x0000000085200000|100%| O|  |TAMS 0x0000000085200000, 0x0000000085100000| Updating 
|  82|0x0000000085200000, 0x0000000085300000, 0x0000000085300000|100%| O|  |TAMS 0x0000000085300000, 0x0000000085200000| Untracked 
|  83|0x0000000085300000, 0x0000000085400000, 0x0000000085400000|100%| O|  |TAMS 0x0000000085400000, 0x0000000085300000| Untracked 
|  84|0x0000000085400000, 0x0000000085500000, 0x0000000085500000|100%| O|  |TAMS 0x0000000085500000, 0x0000000085400000| Untracked 
|  85|0x0000000085500000, 0x0000000085600000, 0x0000000085600000|100%| O|  |TAMS 0x0000000085600000, 0x0000000085500000| Untracked 
|  86|0x0000000085600000, 0x0000000085700000, 0x0000000085700000|100%| O|  |TAMS 0x0000000085700000, 0x0000000085600000| Untracked 
|  87|0x0000000085700000, 0x0000000085800000, 0x0000000085800000|100%| O|  |TAMS 0x0000000085800000, 0x0000000085700000| Untracked 
|  88|0x0000000085800000, 0x0000000085900000, 0x0000000085900000|100%| O|  |TAMS 0x0000000085900000, 0x0000000085800000| Untracked 
|  89|0x0000000085900000, 0x0000000085a00000, 0x0000000085a00000|100%| O|  |TAMS 0x0000000085a00000, 0x0000000085900000| Untracked 
|  90|0x0000000085a00000, 0x0000000085b00000, 0x0000000085b00000|100%| O|  |TAMS 0x0000000085b00000, 0x0000000085a00000| Untracked 
|  91|0x0000000085b00000, 0x0000000085c00000, 0x0000000085c00000|100%|HS|  |TAMS 0x0000000085c00000, 0x0000000085b00000| Complete 
|  92|0x0000000085c00000, 0x0000000085d00000, 0x0000000085d00000|100%| O|  |TAMS 0x0000000085d00000, 0x0000000085c00000| Untracked 
|  93|0x0000000085d00000, 0x0000000085e00000, 0x0000000085e00000|100%| O|  |TAMS 0x0000000085e00000, 0x0000000085d00000| Untracked 
|  94|0x0000000085e00000, 0x0000000085f00000, 0x0000000085f00000|100%| O|  |TAMS 0x0000000085f00000, 0x0000000085e00000| Untracked 
|  95|0x0000000085f00000, 0x0000000086000000, 0x0000000086000000|100%| O|  |TAMS 0x0000000086000000, 0x0000000085f00000| Untracked 
|  96|0x0000000086000000, 0x0000000086100000, 0x0000000086100000|100%| O|  |TAMS 0x0000000086100000, 0x0000000086000000| Untracked 
|  97|0x0000000086100000, 0x0000000086200000, 0x0000000086200000|100%| O|  |TAMS 0x0000000086200000, 0x0000000086100000| Untracked 
|  98|0x0000000086200000, 0x0000000086300000, 0x0000000086300000|100%| O|  |TAMS 0x0000000086300000, 0x0000000086200000| Untracked 
|  99|0x0000000086300000, 0x0000000086400000, 0x0000000086400000|100%| O|  |TAMS 0x0000000086400000, 0x0000000086300000| Untracked 
| 100|0x0000000086400000, 0x0000000086500000, 0x0000000086500000|100%| O|  |TAMS 0x0000000086500000, 0x0000000086400000| Untracked 
| 101|0x0000000086500000, 0x0000000086600000, 0x0000000086600000|100%| O|  |TAMS 0x0000000086600000, 0x0000000086500000| Updating 
| 102|0x0000000086600000, 0x0000000086700000, 0x0000000086700000|100%|HS|  |TAMS 0x0000000086700000, 0x0000000086600000| Complete 
| 103|0x0000000086700000, 0x0000000086800000, 0x0000000086800000|100%|HS|  |TAMS 0x0000000086800000, 0x0000000086700000| Complete 
| 104|0x0000000086800000, 0x0000000086900000, 0x0000000086900000|100%|HC|  |TAMS 0x0000000086900000, 0x0000000086800000| Complete 
| 105|0x0000000086900000, 0x0000000086a00000, 0x0000000086a00000|100%|HS|  |TAMS 0x0000000086a00000, 0x0000000086900000| Complete 
| 106|0x0000000086a00000, 0x0000000086b00000, 0x0000000086b00000|100%|HS|  |TAMS 0x0000000086b00000, 0x0000000086a00000| Complete 
| 107|0x0000000086b00000, 0x0000000086c00000, 0x0000000086c00000|100%| O|  |TAMS 0x0000000086c00000, 0x0000000086b00000| Untracked 
| 108|0x0000000086c00000, 0x0000000086d00000, 0x0000000086d00000|100%| O|  |TAMS 0x0000000086d00000, 0x0000000086c00000| Untracked 
| 109|0x0000000086d00000, 0x0000000086e00000, 0x0000000086e00000|100%| O|  |TAMS 0x0000000086e00000, 0x0000000086d00000| Updating 
| 110|0x0000000086e00000, 0x0000000086f00000, 0x0000000086f00000|100%| O|  |TAMS 0x0000000086f00000, 0x0000000086e00000| Untracked 
| 111|0x0000000086f00000, 0x0000000087000000, 0x0000000087000000|100%| O|  |TAMS 0x0000000087000000, 0x0000000086f00000| Untracked 
| 112|0x0000000087000000, 0x0000000087100000, 0x0000000087100000|100%| O|  |TAMS 0x0000000087100000, 0x0000000087000000| Untracked 
| 113|0x0000000087100000, 0x0000000087200000, 0x0000000087200000|100%| O|  |TAMS 0x0000000087200000, 0x0000000087100000| Untracked 
| 114|0x0000000087200000, 0x0000000087300000, 0x0000000087300000|100%| O|  |TAMS 0x0000000087300000, 0x0000000087200000| Untracked 
| 115|0x0000000087300000, 0x0000000087400000, 0x0000000087400000|100%| O|  |TAMS 0x0000000087400000, 0x0000000087300000| Untracked 
| 116|0x0000000087400000, 0x0000000087500000, 0x0000000087500000|100%| O|  |TAMS 0x0000000087500000, 0x0000000087400000| Untracked 
| 117|0x0000000087500000, 0x0000000087600000, 0x0000000087600000|100%| O|  |TAMS 0x0000000087600000, 0x0000000087500000| Untracked 
| 118|0x0000000087600000, 0x0000000087700000, 0x0000000087700000|100%| O|  |TAMS 0x0000000087700000, 0x0000000087600000| Untracked 
| 119|0x0000000087700000, 0x0000000087800000, 0x0000000087800000|100%| O|  |TAMS 0x0000000087800000, 0x0000000087700000| Untracked 
| 120|0x0000000087800000, 0x0000000087900000, 0x0000000087900000|100%| O|  |TAMS 0x0000000087900000, 0x0000000087800000| Untracked 
| 121|0x0000000087900000, 0x0000000087a00000, 0x0000000087a00000|100%| O|  |TAMS 0x0000000087a00000, 0x0000000087900000| Untracked 
| 122|0x0000000087a00000, 0x0000000087b00000, 0x0000000087b00000|100%| O|  |TAMS 0x0000000087b00000, 0x0000000087a00000| Updating 
| 123|0x0000000087b00000, 0x0000000087c00000, 0x0000000087c00000|100%| O|  |TAMS 0x0000000087c00000, 0x0000000087b00000| Updating 
| 124|0x0000000087c00000, 0x0000000087d00000, 0x0000000087d00000|100%| O|  |TAMS 0x0000000087d00000, 0x0000000087c00000| Updating 
| 125|0x0000000087d00000, 0x0000000087e00000, 0x0000000087e00000|100%| O|  |TAMS 0x0000000087e00000, 0x0000000087d00000| Untracked 
| 126|0x0000000087e00000, 0x0000000087f00000, 0x0000000087f00000|100%| O|  |TAMS 0x0000000087f00000, 0x0000000087e00000| Updating 
| 127|0x0000000087f00000, 0x0000000088000000, 0x0000000088000000|100%| O|  |TAMS 0x0000000088000000, 0x0000000087f00000| Untracked 
| 128|0x0000000088000000, 0x0000000088100000, 0x0000000088100000|100%| O|  |TAMS 0x0000000088100000, 0x0000000088000000| Updating 
| 129|0x0000000088100000, 0x0000000088200000, 0x0000000088200000|100%| O|  |TAMS 0x0000000088200000, 0x0000000088100000| Untracked 
| 130|0x0000000088200000, 0x0000000088300000, 0x0000000088300000|100%| O|  |TAMS 0x0000000088300000, 0x0000000088200000| Untracked 
| 131|0x0000000088300000, 0x0000000088300000, 0x0000000088400000|  0%| F|  |TAMS 0x0000000088300000, 0x0000000088300000| Untracked 
| 132|0x0000000088400000, 0x0000000088500000, 0x0000000088500000|100%| O|  |TAMS 0x0000000088500000, 0x0000000088400000| Untracked 
| 133|0x0000000088500000, 0x0000000088600000, 0x0000000088600000|100%| O|  |TAMS 0x0000000088600000, 0x0000000088500000| Untracked 
| 134|0x0000000088600000, 0x0000000088700000, 0x0000000088700000|100%| O|  |TAMS 0x0000000088700000, 0x0000000088600000| Untracked 
| 135|0x0000000088700000, 0x0000000088800000, 0x0000000088800000|100%| O|  |TAMS 0x0000000088800000, 0x0000000088700000| Untracked 
| 136|0x0000000088800000, 0x0000000088900000, 0x0000000088900000|100%| O|  |TAMS 0x0000000088900000, 0x0000000088800000| Updating 
| 137|0x0000000088900000, 0x0000000088a00000, 0x0000000088a00000|100%| O|  |TAMS 0x0000000088a00000, 0x0000000088900000| Untracked 
| 138|0x0000000088a00000, 0x0000000088a53e00, 0x0000000088b00000| 32%| O|  |TAMS 0x0000000088a53e00, 0x0000000088a00000| Updating 
| 139|0x0000000088b00000, 0x0000000088b00000, 0x0000000088c00000|  0%| F|  |TAMS 0x0000000088b00000, 0x0000000088b00000| Untracked 
| 140|0x0000000088c00000, 0x0000000088c00000, 0x0000000088d00000|  0%| F|  |TAMS 0x0000000088c00000, 0x0000000088c00000| Untracked 
| 141|0x0000000088d00000, 0x0000000088d00000, 0x0000000088e00000|  0%| F|  |TAMS 0x0000000088d00000, 0x0000000088d00000| Untracked 
| 142|0x0000000088e00000, 0x0000000088e00000, 0x0000000088f00000|  0%| F|  |TAMS 0x0000000088e00000, 0x0000000088e00000| Untracked 
| 143|0x0000000088f00000, 0x0000000088f00000, 0x0000000089000000|  0%| F|  |TAMS 0x0000000088f00000, 0x0000000088f00000| Untracked 
| 144|0x0000000089000000, 0x0000000089000000, 0x0000000089100000|  0%| F|  |TAMS 0x0000000089000000, 0x0000000089000000| Untracked 
| 145|0x0000000089100000, 0x0000000089100000, 0x0000000089200000|  0%| F|  |TAMS 0x0000000089100000, 0x0000000089100000| Untracked 
| 146|0x0000000089200000, 0x0000000089200000, 0x0000000089300000|  0%| F|  |TAMS 0x0000000089200000, 0x0000000089200000| Untracked 
| 147|0x0000000089300000, 0x0000000089300000, 0x0000000089400000|  0%| F|  |TAMS 0x0000000089300000, 0x0000000089300000| Untracked 
| 148|0x0000000089400000, 0x0000000089400000, 0x0000000089500000|  0%| F|  |TAMS 0x0000000089400000, 0x0000000089400000| Untracked 
| 149|0x0000000089500000, 0x0000000089500000, 0x0000000089600000|  0%| F|  |TAMS 0x0000000089500000, 0x0000000089500000| Untracked 
| 150|0x0000000089600000, 0x0000000089600000, 0x0000000089700000|  0%| F|  |TAMS 0x0000000089600000, 0x0000000089600000| Untracked 
| 151|0x0000000089700000, 0x0000000089700000, 0x0000000089800000|  0%| F|  |TAMS 0x0000000089700000, 0x0000000089700000| Untracked 
| 152|0x0000000089800000, 0x0000000089800000, 0x0000000089900000|  0%| F|  |TAMS 0x0000000089800000, 0x0000000089800000| Untracked 
| 153|0x0000000089900000, 0x0000000089900000, 0x0000000089a00000|  0%| F|  |TAMS 0x0000000089900000, 0x0000000089900000| Untracked 
| 154|0x0000000089a00000, 0x0000000089a00000, 0x0000000089b00000|  0%| F|  |TAMS 0x0000000089a00000, 0x0000000089a00000| Untracked 
| 155|0x0000000089b00000, 0x0000000089b00000, 0x0000000089c00000|  0%| F|  |TAMS 0x0000000089b00000, 0x0000000089b00000| Untracked 
| 156|0x0000000089c00000, 0x0000000089c00000, 0x0000000089d00000|  0%| F|  |TAMS 0x0000000089c00000, 0x0000000089c00000| Untracked 
| 157|0x0000000089d00000, 0x0000000089d00000, 0x0000000089e00000|  0%| F|  |TAMS 0x0000000089d00000, 0x0000000089d00000| Untracked 
| 158|0x0000000089e00000, 0x0000000089e00000, 0x0000000089f00000|  0%| F|  |TAMS 0x0000000089e00000, 0x0000000089e00000| Untracked 
| 159|0x0000000089f00000, 0x0000000089f00000, 0x000000008a000000|  0%| F|  |TAMS 0x0000000089f00000, 0x0000000089f00000| Untracked 
| 160|0x000000008a000000, 0x000000008a000000, 0x000000008a100000|  0%| F|  |TAMS 0x000000008a000000, 0x000000008a000000| Untracked 
| 161|0x000000008a100000, 0x000000008a100000, 0x000000008a200000|  0%| F|  |TAMS 0x000000008a100000, 0x000000008a100000| Untracked 
| 162|0x000000008a200000, 0x000000008a200000, 0x000000008a300000|  0%| F|  |TAMS 0x000000008a200000, 0x000000008a200000| Untracked 
| 163|0x000000008a300000, 0x000000008a300000, 0x000000008a400000|  0%| F|  |TAMS 0x000000008a300000, 0x000000008a300000| Untracked 
| 164|0x000000008a400000, 0x000000008a400000, 0x000000008a500000|  0%| F|  |TAMS 0x000000008a400000, 0x000000008a400000| Untracked 
| 165|0x000000008a500000, 0x000000008a500000, 0x000000008a600000|  0%| F|  |TAMS 0x000000008a500000, 0x000000008a500000| Untracked 
| 166|0x000000008a600000, 0x000000008a600000, 0x000000008a700000|  0%| F|  |TAMS 0x000000008a600000, 0x000000008a600000| Untracked 
| 167|0x000000008a700000, 0x000000008a700000, 0x000000008a800000|  0%| F|  |TAMS 0x000000008a700000, 0x000000008a700000| Untracked 
| 168|0x000000008a800000, 0x000000008a800000, 0x000000008a900000|  0%| F|  |TAMS 0x000000008a800000, 0x000000008a800000| Untracked 
| 169|0x000000008a900000, 0x000000008a900000, 0x000000008aa00000|  0%| F|  |TAMS 0x000000008a900000, 0x000000008a900000| Untracked 
| 170|0x000000008aa00000, 0x000000008aa00000, 0x000000008ab00000|  0%| F|  |TAMS 0x000000008aa00000, 0x000000008aa00000| Untracked 
| 171|0x000000008ab00000, 0x000000008ab00000, 0x000000008ac00000|  0%| F|  |TAMS 0x000000008ab00000, 0x000000008ab00000| Untracked 
| 172|0x000000008ac00000, 0x000000008ac00000, 0x000000008ad00000|  0%| F|  |TAMS 0x000000008ac00000, 0x000000008ac00000| Untracked 
| 173|0x000000008ad00000, 0x000000008ad00000, 0x000000008ae00000|  0%| F|  |TAMS 0x000000008ad00000, 0x000000008ad00000| Untracked 
| 174|0x000000008ae00000, 0x000000008ae00000, 0x000000008af00000|  0%| F|  |TAMS 0x000000008ae00000, 0x000000008ae00000| Untracked 
| 175|0x000000008af00000, 0x000000008af00000, 0x000000008b000000|  0%| F|  |TAMS 0x000000008af00000, 0x000000008af00000| Untracked 
| 176|0x000000008b000000, 0x000000008b000000, 0x000000008b100000|  0%| F|  |TAMS 0x000000008b000000, 0x000000008b000000| Untracked 
| 177|0x000000008b100000, 0x000000008b100000, 0x000000008b200000|  0%| F|  |TAMS 0x000000008b100000, 0x000000008b100000| Untracked 
| 178|0x000000008b200000, 0x000000008b212c00, 0x000000008b300000|  7%| S|CS|TAMS 0x000000008b200000, 0x000000008b200000| Complete 
| 179|0x000000008b300000, 0x000000008b400000, 0x000000008b400000|100%| S|CS|TAMS 0x000000008b300000, 0x000000008b300000| Complete 
| 180|0x000000008b400000, 0x000000008b500000, 0x000000008b500000|100%| S|CS|TAMS 0x000000008b400000, 0x000000008b400000| Complete 
| 181|0x000000008b500000, 0x000000008b600000, 0x000000008b600000|100%| S|CS|TAMS 0x000000008b500000, 0x000000008b500000| Complete 
| 182|0x000000008b600000, 0x000000008b700000, 0x000000008b700000|100%| S|CS|TAMS 0x000000008b600000, 0x000000008b600000| Complete 
| 183|0x000000008b700000, 0x000000008b800000, 0x000000008b800000|100%| S|CS|TAMS 0x000000008b700000, 0x000000008b700000| Complete 
| 184|0x000000008b800000, 0x000000008b800000, 0x000000008b900000|  0%| F|  |TAMS 0x000000008b800000, 0x000000008b800000| Untracked 
| 185|0x000000008b900000, 0x000000008b900000, 0x000000008ba00000|  0%| F|  |TAMS 0x000000008b900000, 0x000000008b900000| Untracked 
| 186|0x000000008ba00000, 0x000000008ba00000, 0x000000008bb00000|  0%| F|  |TAMS 0x000000008ba00000, 0x000000008ba00000| Untracked 
| 187|0x000000008bb00000, 0x000000008bb00000, 0x000000008bc00000|  0%| F|  |TAMS 0x000000008bb00000, 0x000000008bb00000| Untracked 
| 188|0x000000008bc00000, 0x000000008bc00000, 0x000000008bd00000|  0%| F|  |TAMS 0x000000008bc00000, 0x000000008bc00000| Untracked 
| 189|0x000000008bd00000, 0x000000008bd00000, 0x000000008be00000|  0%| F|  |TAMS 0x000000008bd00000, 0x000000008bd00000| Untracked 
| 190|0x000000008be00000, 0x000000008be00000, 0x000000008bf00000|  0%| F|  |TAMS 0x000000008be00000, 0x000000008be00000| Untracked 
| 191|0x000000008bf00000, 0x000000008bf00000, 0x000000008c000000|  0%| F|  |TAMS 0x000000008bf00000, 0x000000008bf00000| Untracked 
| 192|0x000000008c000000, 0x000000008c000000, 0x000000008c100000|  0%| F|  |TAMS 0x000000008c000000, 0x000000008c000000| Untracked 
| 193|0x000000008c100000, 0x000000008c100000, 0x000000008c200000|  0%| F|  |TAMS 0x000000008c100000, 0x000000008c100000| Untracked 
| 194|0x000000008c200000, 0x000000008c200000, 0x000000008c300000|  0%| F|  |TAMS 0x000000008c200000, 0x000000008c200000| Untracked 
| 195|0x000000008c300000, 0x000000008c300000, 0x000000008c400000|  0%| F|  |TAMS 0x000000008c300000, 0x000000008c300000| Untracked 
| 196|0x000000008c400000, 0x000000008c400000, 0x000000008c500000|  0%| F|  |TAMS 0x000000008c400000, 0x000000008c400000| Untracked 
| 197|0x000000008c500000, 0x000000008c500000, 0x000000008c600000|  0%| F|  |TAMS 0x000000008c500000, 0x000000008c500000| Untracked 
| 198|0x000000008c600000, 0x000000008c600000, 0x000000008c700000|  0%| F|  |TAMS 0x000000008c600000, 0x000000008c600000| Untracked 
| 199|0x000000008c700000, 0x000000008c700000, 0x000000008c800000|  0%| F|  |TAMS 0x000000008c700000, 0x000000008c700000| Untracked 
| 200|0x000000008c800000, 0x000000008c800000, 0x000000008c900000|  0%| F|  |TAMS 0x000000008c800000, 0x000000008c800000| Untracked 
| 201|0x000000008c900000, 0x000000008c900000, 0x000000008ca00000|  0%| F|  |TAMS 0x000000008c900000, 0x000000008c900000| Untracked 
| 202|0x000000008ca00000, 0x000000008ca00000, 0x000000008cb00000|  0%| F|  |TAMS 0x000000008ca00000, 0x000000008ca00000| Untracked 
| 203|0x000000008cb00000, 0x000000008cb00000, 0x000000008cc00000|  0%| F|  |TAMS 0x000000008cb00000, 0x000000008cb00000| Untracked 
| 204|0x000000008cc00000, 0x000000008cc00000, 0x000000008cd00000|  0%| F|  |TAMS 0x000000008cc00000, 0x000000008cc00000| Untracked 
| 205|0x000000008cd00000, 0x000000008cd00000, 0x000000008ce00000|  0%| F|  |TAMS 0x000000008cd00000, 0x000000008cd00000| Untracked 
| 206|0x000000008ce00000, 0x000000008ce00000, 0x000000008cf00000|  0%| F|  |TAMS 0x000000008ce00000, 0x000000008ce00000| Untracked 
| 207|0x000000008cf00000, 0x000000008cf00000, 0x000000008d000000|  0%| F|  |TAMS 0x000000008cf00000, 0x000000008cf00000| Untracked 
| 208|0x000000008d000000, 0x000000008d000000, 0x000000008d100000|  0%| F|  |TAMS 0x000000008d000000, 0x000000008d000000| Untracked 
| 209|0x000000008d100000, 0x000000008d100000, 0x000000008d200000|  0%| F|  |TAMS 0x000000008d100000, 0x000000008d100000| Untracked 
| 210|0x000000008d200000, 0x000000008d200000, 0x000000008d300000|  0%| F|  |TAMS 0x000000008d200000, 0x000000008d200000| Untracked 
| 211|0x000000008d300000, 0x000000008d300000, 0x000000008d400000|  0%| F|  |TAMS 0x000000008d300000, 0x000000008d300000| Untracked 
| 212|0x000000008d400000, 0x000000008d400000, 0x000000008d500000|  0%| F|  |TAMS 0x000000008d400000, 0x000000008d400000| Untracked 
| 213|0x000000008d500000, 0x000000008d500000, 0x000000008d600000|  0%| F|  |TAMS 0x000000008d500000, 0x000000008d500000| Untracked 
| 214|0x000000008d600000, 0x000000008d600000, 0x000000008d700000|  0%| F|  |TAMS 0x000000008d600000, 0x000000008d600000| Untracked 
| 215|0x000000008d700000, 0x000000008d700000, 0x000000008d800000|  0%| F|  |TAMS 0x000000008d700000, 0x000000008d700000| Untracked 
| 216|0x000000008d800000, 0x000000008d800000, 0x000000008d900000|  0%| F|  |TAMS 0x000000008d800000, 0x000000008d800000| Untracked 
| 217|0x000000008d900000, 0x000000008d900000, 0x000000008da00000|  0%| F|  |TAMS 0x000000008d900000, 0x000000008d900000| Untracked 
| 218|0x000000008da00000, 0x000000008da00000, 0x000000008db00000|  0%| F|  |TAMS 0x000000008da00000, 0x000000008da00000| Untracked 
| 219|0x000000008db00000, 0x000000008db00000, 0x000000008dc00000|  0%| F|  |TAMS 0x000000008db00000, 0x000000008db00000| Untracked 
| 220|0x000000008dc00000, 0x000000008dc00000, 0x000000008dd00000|  0%| F|  |TAMS 0x000000008dc00000, 0x000000008dc00000| Untracked 
| 221|0x000000008dd00000, 0x000000008dd00000, 0x000000008de00000|  0%| F|  |TAMS 0x000000008dd00000, 0x000000008dd00000| Untracked 
| 222|0x000000008de00000, 0x000000008de00000, 0x000000008df00000|  0%| F|  |TAMS 0x000000008de00000, 0x000000008de00000| Untracked 
| 223|0x000000008df00000, 0x000000008df00000, 0x000000008e000000|  0%| F|  |TAMS 0x000000008df00000, 0x000000008df00000| Untracked 
| 224|0x000000008e000000, 0x000000008e000000, 0x000000008e100000|  0%| F|  |TAMS 0x000000008e000000, 0x000000008e000000| Untracked 
| 225|0x000000008e100000, 0x000000008e100000, 0x000000008e200000|  0%| F|  |TAMS 0x000000008e100000, 0x000000008e100000| Untracked 
| 226|0x000000008e200000, 0x000000008e200000, 0x000000008e300000|  0%| F|  |TAMS 0x000000008e200000, 0x000000008e200000| Untracked 
| 227|0x000000008e300000, 0x000000008e300000, 0x000000008e400000|  0%| F|  |TAMS 0x000000008e300000, 0x000000008e300000| Untracked 
| 228|0x000000008e400000, 0x000000008e400000, 0x000000008e500000|  0%| F|  |TAMS 0x000000008e400000, 0x000000008e400000| Untracked 
| 229|0x000000008e500000, 0x000000008e580800, 0x000000008e600000| 50%| E|  |TAMS 0x000000008e500000, 0x000000008e500000| Complete 
| 230|0x000000008e600000, 0x000000008e700000, 0x000000008e700000|100%| E|CS|TAMS 0x000000008e600000, 0x000000008e600000| Complete 
| 231|0x000000008e700000, 0x000000008e800000, 0x000000008e800000|100%| E|CS|TAMS 0x000000008e700000, 0x000000008e700000| Complete 
| 232|0x000000008e800000, 0x000000008e900000, 0x000000008e900000|100%| E|CS|TAMS 0x000000008e800000, 0x000000008e800000| Complete 
| 233|0x000000008e900000, 0x000000008ea00000, 0x000000008ea00000|100%| E|CS|TAMS 0x000000008e900000, 0x000000008e900000| Complete 
| 234|0x000000008ea00000, 0x000000008eb00000, 0x000000008eb00000|100%| E|CS|TAMS 0x000000008ea00000, 0x000000008ea00000| Complete 
| 235|0x000000008eb00000, 0x000000008ec00000, 0x000000008ec00000|100%| E|CS|TAMS 0x000000008eb00000, 0x000000008eb00000| Complete 
| 236|0x000000008ec00000, 0x000000008ed00000, 0x000000008ed00000|100%| E|CS|TAMS 0x000000008ec00000, 0x000000008ec00000| Complete 

Card table byte_map: [0x000002459d230000,0x000002459d630000] _byte_map_base: 0x000002459ce30000

Marking Bits (Prev, Next): (CMBitMap*) 0x000002458608a4e0, (CMBitMap*) 0x000002458608a520
 Prev Bits: [0x000002459da30000, 0x000002459fa30000)
 Next Bits: [0x000002459fa30000, 0x00000245a1a30000)

Polling page: 0x0000024583f10000

Metaspace:

Usage:
  Non-class:     80.82 MB used.
      Class:     13.29 MB used.
       Both:     94.11 MB used.

Virtual space:
  Non-class space:      128.00 MB reserved,      81.44 MB ( 64%) committed,  2 nodes.
      Class space:      416.00 MB reserved,      13.75 MB (  3%) committed,  1 nodes.
             Both:      544.00 MB reserved,      95.19 MB ( 17%) committed. 

Chunk freelists:
   Non-Class:  13.66 MB
       Class:  2.14 MB
        Both:  15.80 MB

MaxMetaspaceSize: 512.00 MB
CompressedClassSpaceSize: 416.00 MB
Initial GC threshold: 21.00 MB
Current GC threshold: 152.19 MB
CDS: on
MetaspaceReclaimPolicy: balanced
 - commit_granule_bytes: 65536.
 - commit_granule_words: 8192.
 - virtual_space_node_default_size: 8388608.
 - enlarge_chunks_in_place: 1.
 - new_chunks_are_fully_committed: 0.
 - uncommit_free_chunks: 1.
 - use_allocation_guard: 0.
 - handle_deallocations: 1.


Internal statistics:

num_allocs_failed_limit: 6.
num_arena_births: 1296.
num_arena_deaths: 0.
num_vsnodes_births: 3.
num_vsnodes_deaths: 0.
num_space_committed: 1523.
num_space_uncommitted: 0.
num_chunks_returned_to_freelist: 6.
num_chunks_taken_from_freelist: 5536.
num_chunk_merges: 6.
num_chunk_splits: 3577.
num_chunks_enlarged: 2287.
num_inconsistent_stats: 0.

CodeHeap 'non-profiled nmethods': size=120000Kb used=7338Kb max_used=7338Kb free=112661Kb
 bounds [0x00000245953b0000, 0x0000024595ae0000, 0x000002459c8e0000]
CodeHeap 'profiled nmethods': size=120000Kb used=22238Kb max_used=22238Kb free=97762Kb
 bounds [0x000002458d8e0000, 0x000002458eea0000, 0x0000024594e10000]
CodeHeap 'non-nmethods': size=5760Kb used=2412Kb max_used=2483Kb free=3347Kb
 bounds [0x0000024594e10000, 0x0000024595090000, 0x00000245953b0000]
 total_blobs=11858 nmethods=10913 adapters=857
 compilation: enabled
              stopped_count=0, restarted_count=0
 full_count=0

Compilation events (20 events):
Event: 40.999 Thread 0x00000245c73ef3d0 nmethod 12329 0x0000024595ad1910 code [0x0000024595ad1b00, 0x0000024595ad2f08]
Event: 40.999 Thread 0x00000245c73ef3d0 12337 %     4       java.util.HashMap::valuesToArray @ 46 (81 bytes)
Event: 41.014 Thread 0x00000245c73ef3d0 nmethod 12337% 0x0000024595ad3490 code [0x0000024595ad3620, 0x0000024595ad3ad8]
Event: 41.014 Thread 0x00000245c73ef3d0 12333  s    4       java.beans.MethodDescriptor::setMethod (41 bytes)
Event: 41.015 Thread 0x00000245a4687160 12342       1       groovy.lang.MetaClassImpl::setInitialized (6 bytes)
Event: 41.015 Thread 0x00000245a4687160 nmethod 12342 0x0000024595ad3d10 code [0x0000024595ad3ea0, 0x0000024595ad3f78]
Event: 41.015 Thread 0x00000245a4687160 12343       3       org.codehaus.groovy.runtime.callsite.PogoGetPropertySite::<init> (11 bytes)
Event: 41.016 Thread 0x00000245a4687160 nmethod 12343 0x000002458ee93c90 code [0x000002458ee93e60, 0x000002458ee943d8]
Event: 41.085 Thread 0x00000245a4687160 12345       3       org.codehaus.groovy.runtime.typehandling.DefaultTypeTransformation::castToBoolean (39 bytes)
Event: 41.086 Thread 0x00000245a4687160 nmethod 12345 0x000002458ee94590 code [0x000002458ee94760, 0x000002458ee94be8]
Event: 41.086 Thread 0x00000245a4687160 12346       3       org.codehaus.groovy.runtime.typehandling.DefaultTypeTransformation::booleanUnbox (5 bytes)
Event: 41.086 Thread 0x00000245a4687160 nmethod 12346 0x000002458ee94d10 code [0x000002458ee94ea0, 0x000002458ee94fa8]
Event: 41.121 Thread 0x00000245a4687160 12347       3       org.codehaus.groovy.reflection.ClassInfo::getMetaClassUnderLock (80 bytes)
Event: 41.123 Thread 0x00000245a4687160 nmethod 12347 0x000002458ee95090 code [0x000002458ee95360, 0x000002458ee96458]
Event: 41.135 Thread 0x00000245a4687160 12349   !   3       jdk.internal.reflect.GeneratedConstructorAccessor26::newInstance (53 bytes)
Event: 41.136 Thread 0x00000245a4687160 nmethod 12349 0x000002458ee96910 code [0x000002458ee96b40, 0x000002458ee973e8]
Event: 41.141 Thread 0x00000245c73ecea0 nmethod 12316 0x0000024595ad4010 code [0x0000024595ad4400, 0x0000024595ad8438]
Event: 41.142 Thread 0x00000245c73ecea0 12348 %     4       java.util.HashMap::valuesToArray @ 32 (81 bytes)
Event: 41.151 Thread 0x00000245c73ecea0 nmethod 12348% 0x0000024595ada210 code [0x0000024595ada3a0, 0x0000024595ada718]
Event: 41.151 Thread 0x00000245c73ecea0 12341       4       groovy.lang.MetaClassImpl::applyStrayPropertyMethods (288 bytes)

GC Heap History (20 events):
Event: 34.445 GC heap before
{Heap before GC invocations=28 (full 0):
 garbage-first heap   total 208896K, used 163199K [0x0000000080000000, 0x0000000100000000)
  region size 1024K, 78 young (79872K), 4 survivors (4096K)
 Metaspace       used 78882K, committed 79552K, reserved 557056K
  class space    used 11012K, committed 11328K, reserved 425984K
}
Event: 34.460 GC heap after
{Heap after GC invocations=29 (full 0):
 garbage-first heap   total 208896K, used 92164K [0x0000000080000000, 0x0000000100000000)
  region size 1024K, 9 young (9216K), 9 survivors (9216K)
 Metaspace       used 78882K, committed 79552K, reserved 557056K
  class space    used 11012K, committed 11328K, reserved 425984K
}
Event: 35.554 GC heap before
{Heap before GC invocations=29 (full 0):
 garbage-first heap   total 208896K, used 165892K [0x0000000080000000, 0x0000000100000000)
  region size 1024K, 80 young (81920K), 9 survivors (9216K)
 Metaspace       used 83761K, committed 84544K, reserved 557056K
  class space    used 11849K, committed 12224K, reserved 425984K
}
Event: 35.569 GC heap after
{Heap after GC invocations=30 (full 0):
 garbage-first heap   total 208896K, used 94887K [0x0000000080000000, 0x0000000100000000)
  region size 1024K, 8 young (8192K), 8 survivors (8192K)
 Metaspace       used 83761K, committed 84544K, reserved 557056K
  class space    used 11849K, committed 12224K, reserved 425984K
}
Event: 36.595 GC heap before
{Heap before GC invocations=30 (full 0):
 garbage-first heap   total 208896K, used 167591K [0x0000000080000000, 0x0000000100000000)
  region size 1024K, 79 young (80896K), 8 survivors (8192K)
 Metaspace       used 86997K, committed 87808K, reserved 557056K
  class space    used 12330K, committed 12736K, reserved 425984K
}
Event: 36.611 GC heap after
{Heap after GC invocations=31 (full 0):
 garbage-first heap   total 208896K, used 101954K [0x0000000080000000, 0x0000000100000000)
  region size 1024K, 10 young (10240K), 10 survivors (10240K)
 Metaspace       used 86997K, committed 87808K, reserved 557056K
  class space    used 12330K, committed 12736K, reserved 425984K
}
Event: 38.030 GC heap before
{Heap before GC invocations=31 (full 0):
 garbage-first heap   total 208896K, used 158274K [0x0000000080000000, 0x0000000100000000)
  region size 1024K, 66 young (67584K), 10 survivors (10240K)
 Metaspace       used 88107K, committed 89024K, reserved 557056K
  class space    used 12459K, committed 12864K, reserved 425984K
}
Event: 38.045 GC heap after
{Heap after GC invocations=32 (full 0):
 garbage-first heap   total 208896K, used 114014K [0x0000000080000000, 0x0000000100000000)
  region size 1024K, 10 young (10240K), 10 survivors (10240K)
 Metaspace       used 88107K, committed 89024K, reserved 557056K
  class space    used 12459K, committed 12864K, reserved 425984K
}
Event: 39.202 GC heap before
{Heap before GC invocations=33 (full 0):
 garbage-first heap   total 208896K, used 171358K [0x0000000080000000, 0x0000000100000000)
  region size 1024K, 61 young (62464K), 10 survivors (10240K)
 Metaspace       used 90143K, committed 91200K, reserved 557056K
  class space    used 12698K, committed 13184K, reserved 425984K
}
Event: 39.213 GC heap after
{Heap after GC invocations=34 (full 0):
 garbage-first heap   total 208896K, used 132937K [0x0000000080000000, 0x0000000100000000)
  region size 1024K, 8 young (8192K), 8 survivors (8192K)
 Metaspace       used 90143K, committed 91200K, reserved 557056K
  class space    used 12698K, committed 13184K, reserved 425984K
}
Event: 39.249 GC heap before
{Heap before GC invocations=34 (full 0):
 garbage-first heap   total 208896K, used 133961K [0x0000000080000000, 0x0000000100000000)
  region size 1024K, 10 young (10240K), 8 survivors (8192K)
 Metaspace       used 90158K, committed 91200K, reserved 557056K
  class space    used 12702K, committed 13184K, reserved 425984K
}
Event: 39.259 GC heap after
{Heap after GC invocations=35 (full 0):
 garbage-first heap   total 208896K, used 135461K [0x0000000080000000, 0x0000000100000000)
  region size 1024K, 2 young (2048K), 2 survivors (2048K)
 Metaspace       used 90158K, committed 91200K, reserved 557056K
  class space    used 12702K, committed 13184K, reserved 425984K
}
Event: 39.825 GC heap before
{Heap before GC invocations=35 (full 0):
 garbage-first heap   total 208896K, used 170277K [0x0000000080000000, 0x0000000100000000)
  region size 1024K, 36 young (36864K), 2 survivors (2048K)
 Metaspace       used 92252K, committed 93312K, reserved 557056K
  class space    used 13005K, committed 13504K, reserved 425984K
}
Event: 39.831 GC heap after
{Heap after GC invocations=36 (full 0):
 garbage-first heap   total 208896K, used 139773K [0x0000000080000000, 0x0000000100000000)
  region size 1024K, 5 young (5120K), 5 survivors (5120K)
 Metaspace       used 92252K, committed 93312K, reserved 557056K
  class space    used 13005K, committed 13504K, reserved 425984K
}
Event: 40.337 GC heap before
{Heap before GC invocations=37 (full 0):
 garbage-first heap   total 242688K, used 170493K [0x0000000080000000, 0x0000000100000000)
  region size 1024K, 35 young (35840K), 5 survivors (5120K)
 Metaspace       used 93819K, committed 94848K, reserved 557056K
  class space    used 13244K, committed 13696K, reserved 425984K
}
Event: 40.345 GC heap after
{Heap after GC invocations=38 (full 0):
 garbage-first heap   total 242688K, used 141204K [0x0000000080000000, 0x0000000100000000)
  region size 1024K, 2 young (2048K), 2 survivors (2048K)
 Metaspace       used 93819K, committed 94848K, reserved 557056K
  class space    used 13244K, committed 13696K, reserved 425984K
}
Event: 40.446 GC heap before
{Heap before GC invocations=38 (full 0):
 garbage-first heap   total 242688K, used 150420K [0x0000000080000000, 0x0000000100000000)
  region size 1024K, 11 young (11264K), 2 survivors (2048K)
 Metaspace       used 94272K, committed 95296K, reserved 557056K
  class space    used 13312K, committed 13760K, reserved 425984K
}
Event: 40.450 GC heap after
{Heap after GC invocations=39 (full 0):
 garbage-first heap   total 242688K, used 141061K [0x0000000080000000, 0x0000000100000000)
  region size 1024K, 1 young (1024K), 1 survivors (1024K)
 Metaspace       used 94272K, committed 95296K, reserved 557056K
  class space    used 13312K, committed 13760K, reserved 425984K
}
Event: 41.028 GC heap before
{Heap before GC invocations=39 (full 0):
 garbage-first heap   total 242688K, used 194309K [0x0000000080000000, 0x0000000100000000)
  region size 1024K, 53 young (54272K), 1 survivors (1024K)
 Metaspace       used 96345K, committed 97472K, reserved 557056K
  class space    used 13608K, committed 14080K, reserved 425984K
}
Event: 41.036 GC heap after
{Heap after GC invocations=40 (full 0):
 garbage-first heap   total 242688K, used 145635K [0x0000000080000000, 0x0000000100000000)
  region size 1024K, 6 young (6144K), 6 survivors (6144K)
 Metaspace       used 96345K, committed 97472K, reserved 557056K
  class space    used 13608K, committed 14080K, reserved 425984K
}

Deoptimization events (20 events):
Event: 40.236 Thread 0x00000245c4e2daa0 DEOPT PACKING pc=0x0000024595a6e5fc sp=0x00000095113f6100
Event: 40.236 Thread 0x00000245c4e2daa0 DEOPT UNPACKING pc=0x0000024594e623a3 sp=0x00000095113f60b0 mode 2
Event: 40.236 Thread 0x00000245c4e2daa0 Uncommon trap: trap_request=0xfffffff4 fr.pc=0x0000024595a6dc58 relative=0x00000000000009f8
Event: 40.236 Thread 0x00000245c4e2daa0 Uncommon trap: reason=null_check action=make_not_entrant pc=0x0000024595a6dc58 method=org.gradle.internal.instantiation.generator.AbstractClassGenerator$DslMixInPropertyType.visitProperty(Lorg/gradle/internal/instantiation/generator/AbstractClassGenerator
Event: 40.236 Thread 0x00000245c4e2daa0 DEOPT PACKING pc=0x0000024595a6dc58 sp=0x00000095113f6150
Event: 40.236 Thread 0x00000245c4e2daa0 DEOPT UNPACKING pc=0x0000024594e623a3 sp=0x00000095113f6128 mode 2
Event: 40.280 Thread 0x00000245c4e2daa0 Uncommon trap: trap_request=0xfffffff4 fr.pc=0x0000024595a73104 relative=0x0000000000000164
Event: 40.280 Thread 0x00000245c4e2daa0 Uncommon trap: reason=null_check action=make_not_entrant pc=0x0000024595a73104 method=org.gradle.internal.instantiation.generator.AbstractClassGenerator.isPropertyType(Ljava/lang/Class;)Z @ 21 c2
Event: 40.280 Thread 0x00000245c4e2daa0 DEOPT PACKING pc=0x0000024595a73104 sp=0x00000095113f6110
Event: 40.280 Thread 0x00000245c4e2daa0 DEOPT UNPACKING pc=0x0000024594e623a3 sp=0x00000095113f60b0 mode 2
Event: 40.521 Thread 0x00000245c4e2daa0 Uncommon trap: trap_request=0xfffffff4 fr.pc=0x0000024595a955b0 relative=0x00000000000009f0
Event: 40.521 Thread 0x00000245c4e2daa0 Uncommon trap: reason=null_check action=make_not_entrant pc=0x0000024595a955b0 method=org.gradle.internal.instantiation.generator.AbstractClassGenerator.isConfigurableFileCollectionType(Ljava/lang/Class;)Z @ 3 c2
Event: 40.521 Thread 0x00000245c4e2daa0 DEOPT PACKING pc=0x0000024595a955b0 sp=0x00000095113f6150
Event: 40.521 Thread 0x00000245c4e2daa0 DEOPT UNPACKING pc=0x0000024594e623a3 sp=0x00000095113f6068 mode 2
Event: 40.593 Thread 0x00000245c4e2daa0 Uncommon trap: trap_request=0xfffffff4 fr.pc=0x0000024595aa0580 relative=0x0000000000000be0
Event: 40.593 Thread 0x00000245c4e2daa0 Uncommon trap: reason=null_check action=make_not_entrant pc=0x0000024595aa0580 method=org.gradle.internal.instantiation.generator.AbstractClassGenerator.isIneligibleForConventionMapping(Lorg/gradle/internal/instantiation/generator/AbstractClassGenerator$P
Event: 40.593 Thread 0x00000245c4e2daa0 DEOPT PACKING pc=0x0000024595aa0580 sp=0x00000095113f6140
Event: 40.593 Thread 0x00000245c4e2daa0 DEOPT UNPACKING pc=0x0000024594e623a3 sp=0x00000095113f6068 mode 2
Event: 41.015 Thread 0x00000245c4e2daa0 DEOPT PACKING pc=0x000002458dc368fb sp=0x00000095113f6650
Event: 41.015 Thread 0x00000245c4e2daa0 DEOPT UNPACKING pc=0x0000024594e62b43 sp=0x00000095113f5ba0 mode 0

Classes unloaded (0 events):
No events

Classes redefined (0 events):
No events

Internal exceptions (20 events):
Event: 41.095 Thread 0x00000245c4e2daa0 Exception <a 'java/lang/ClassNotFoundException'{0x000000008e937620}: com/android/build/gradle/internal/tasks/CompressAssetsTask_DecoratedBeanInfo> (0x000000008e937620) 
thrown [s\open\src\hotspot\share\classfile\systemDictionary.cpp, line 256]
Event: 41.107 Thread 0x00000245c4e2daa0 Exception <a 'java/lang/ClassNotFoundException'{0x000000008e945870}: com/android/build/gradle/internal/tasks/CompressAssetsTaskBeanInfo> (0x000000008e945870) 
thrown [s\open\src\hotspot\share\classfile\systemDictionary.cpp, line 256]
Event: 41.107 Thread 0x00000245c4e2daa0 Exception <a 'java/lang/ClassNotFoundException'{0x000000008e953550}: com/android/build/gradle/internal/tasks/CompressAssetsTaskCustomizer> (0x000000008e953550) 
thrown [s\open\src\hotspot\share\classfile\systemDictionary.cpp, line 256]
Event: 41.109 Thread 0x00000245c4e2daa0 Exception <a 'java/lang/ClassNotFoundException'{0x000000008e975ab8}: com/android/build/gradle/internal/tasks/CompressAssetsTask_DecoratedCustomizer> (0x000000008e975ab8) 
thrown [s\open\src\hotspot\share\classfile\systemDictionary.cpp, line 256]
Event: 41.116 Thread 0x00000245c4e2daa0 Exception <a 'java/lang/ClassNotFoundException'{0x000000008e8063b8}: com/android/build/gradle/tasks/ExternalNativeBuildJsonTask_DecoratedBeanInfo> (0x000000008e8063b8) 
thrown [s\open\src\hotspot\share\classfile\systemDictionary.cpp, line 256]
Event: 41.117 Thread 0x00000245c4e2daa0 Exception <a 'java/lang/ClassNotFoundException'{0x000000008e8144f8}: com/android/build/gradle/tasks/ExternalNativeBuildJsonTaskBeanInfo> (0x000000008e8144f8) 
thrown [s\open\src\hotspot\share\classfile\systemDictionary.cpp, line 256]
Event: 41.117 Thread 0x00000245c4e2daa0 Exception <a 'java/lang/ClassNotFoundException'{0x000000008e8220c8}: com/android/build/gradle/tasks/ExternalNativeBuildJsonTaskCustomizer> (0x000000008e8220c8) 
thrown [s\open\src\hotspot\share\classfile\systemDictionary.cpp, line 256]
Event: 41.119 Thread 0x00000245c4e2daa0 Exception <a 'java/lang/ClassNotFoundException'{0x000000008e8471b0}: com/android/build/gradle/tasks/ExternalNativeBuildJsonTask_DecoratedCustomizer> (0x000000008e8471b0) 
thrown [s\open\src\hotspot\share\classfile\systemDictionary.cpp, line 256]
Event: 41.124 Thread 0x00000245c4e2daa0 Exception <a 'java/lang/ClassNotFoundException'{0x000000008e8d4928}: com/android/build/gradle/internal/tasks/DeviceSerialTestTask_DecoratedBeanInfo> (0x000000008e8d4928) 
thrown [s\open\src\hotspot\share\classfile\systemDictionary.cpp, line 256]
Event: 41.125 Thread 0x00000245c4e2daa0 Exception <a 'java/lang/ClassNotFoundException'{0x000000008e8e2b90}: com/android/build/gradle/internal/tasks/DeviceSerialTestTaskBeanInfo> (0x000000008e8e2b90) 
thrown [s\open\src\hotspot\share\classfile\systemDictionary.cpp, line 256]
Event: 41.126 Thread 0x00000245c4e2daa0 Exception <a 'java/lang/ClassNotFoundException'{0x000000008e8f0898}: com/android/build/gradle/internal/tasks/DeviceSerialTestTaskCustomizer> (0x000000008e8f0898) 
thrown [s\open\src\hotspot\share\classfile\systemDictionary.cpp, line 256]
Event: 41.127 Thread 0x00000245c4e2daa0 Exception <a 'java/lang/ClassNotFoundException'{0x000000008e70e278}: com/android/build/gradle/internal/tasks/DeviceSerialTestTask_DecoratedCustomizer> (0x000000008e70e278) 
thrown [s\open\src\hotspot\share\classfile\systemDictionary.cpp, line 256]
Event: 41.132 Thread 0x00000245c4e2daa0 Exception <a 'java/lang/ClassNotFoundException'{0x000000008e7ae020}: com/android/build/gradle/internal/tasks/DeviceProviderInstrumentTestTask_DecoratedBeanInfo> (0x000000008e7ae020) 
thrown [s\open\src\hotspot\share\classfile\systemDictionary.cpp, line 256]
Event: 41.133 Thread 0x00000245c4e2daa0 Exception <a 'java/lang/ClassNotFoundException'{0x000000008e7bc418}: com/android/build/gradle/internal/tasks/DeviceProviderInstrumentTestTaskBeanInfo> (0x000000008e7bc418) 
thrown [s\open\src\hotspot\share\classfile\systemDictionary.cpp, line 256]
Event: 41.134 Thread 0x00000245c4e2daa0 Exception <a 'java/lang/ClassNotFoundException'{0x000000008e7ca2c8}: com/android/build/gradle/internal/tasks/DeviceProviderInstrumentTestTaskCustomizer> (0x000000008e7ca2c8) 
thrown [s\open\src\hotspot\share\classfile\systemDictionary.cpp, line 256]
Event: 41.136 Thread 0x00000245c4e2daa0 Exception <a 'java/lang/ClassNotFoundException'{0x000000008e6026d8}: com/android/build/gradle/internal/tasks/DeviceProviderInstrumentTestTask_DecoratedCustomizer> (0x000000008e6026d8) 
thrown [s\open\src\hotspot\share\classfile\systemDictionary.cpp, line 256]
Event: 41.154 Thread 0x00000245c4e2daa0 Exception <a 'java/lang/ClassNotFoundException'{0x000000008e6ec0b8}: com/android/build/gradle/internal/TaskManager$ConfigAttrTask_DecoratedBeanInfo> (0x000000008e6ec0b8) 
thrown [s\open\src\hotspot\share\classfile\systemDictionary.cpp, line 256]
Event: 41.155 Thread 0x00000245c4e2daa0 Exception <a 'java/lang/ClassNotFoundException'{0x000000008e6fa328}: com/android/build/gradle/internal/TaskManager$ConfigAttrTaskBeanInfo> (0x000000008e6fa328) 
thrown [s\open\src\hotspot\share\classfile\systemDictionary.cpp, line 256]
Event: 41.156 Thread 0x00000245c4e2daa0 Exception <a 'java/lang/ClassNotFoundException'{0x000000008e508548}: com/android/build/gradle/internal/TaskManager$ConfigAttrTaskCustomizer> (0x000000008e508548) 
thrown [s\open\src\hotspot\share\classfile\systemDictionary.cpp, line 256]
Event: 41.157 Thread 0x00000245c4e2daa0 Exception <a 'java/lang/ClassNotFoundException'{0x000000008e525b30}: com/android/build/gradle/internal/TaskManager$ConfigAttrTask_DecoratedCustomizer> (0x000000008e525b30) 
thrown [s\open\src\hotspot\share\classfile\systemDictionary.cpp, line 256]

VM Operations (20 events):
Event: 39.260 Executing VM operation: G1CollectForAllocation done
Event: 39.302 Executing VM operation: HandshakeAllThreads
Event: 39.303 Executing VM operation: HandshakeAllThreads done
Event: 39.685 Executing VM operation: HandshakeAllThreads
Event: 39.686 Executing VM operation: HandshakeAllThreads done
Event: 39.825 Executing VM operation: G1CollectForAllocation
Event: 39.832 Executing VM operation: G1CollectForAllocation done
Event: 39.931 Executing VM operation: G1Concurrent
Event: 39.938 Executing VM operation: G1Concurrent done
Event: 39.991 Executing VM operation: G1Concurrent
Event: 39.991 Executing VM operation: G1Concurrent done
Event: 40.073 Executing VM operation: HandshakeAllThreads
Event: 40.073 Executing VM operation: HandshakeAllThreads done
Event: 40.337 Executing VM operation: G1CollectForAllocation
Event: 40.346 Executing VM operation: G1CollectForAllocation done
Event: 40.446 Executing VM operation: G1CollectForAllocation
Event: 40.451 Executing VM operation: G1CollectForAllocation done
Event: 41.028 Executing VM operation: G1CollectForAllocation
Event: 41.037 Executing VM operation: G1CollectForAllocation done
Event: 41.158 Executing VM operation: G1Concurrent

Events (20 events):
Event: 39.637 loading class sun/invoke/util/ValueConversions$1
Event: 39.637 loading class sun/invoke/util/ValueConversions$1 done
Event: 39.638 loading class java/lang/invoke/BoundMethodHandle$Species_LI
Event: 39.638 loading class java/lang/invoke/BoundMethodHandle$Species_LI done
Event: 39.660 loading class java/nio/charset/UnsupportedCharsetException
Event: 39.660 loading class java/nio/charset/UnsupportedCharsetException done
Event: 39.664 loading class jdk/internal/reflect/UnsafeIntegerFieldAccessorImpl
Event: 39.665 loading class jdk/internal/reflect/UnsafeIntegerFieldAccessorImpl done
Event: 39.665 loading class jdk/internal/reflect/UnsafeByteFieldAccessorImpl
Event: 39.665 loading class jdk/internal/reflect/UnsafeByteFieldAccessorImpl done
Event: 39.670 loading class jdk/internal/reflect/UnsafeQualifiedIntegerFieldAccessorImpl
Event: 39.671 loading class jdk/internal/reflect/UnsafeQualifiedIntegerFieldAccessorImpl done
Event: 39.691 loading class jdk/internal/reflect/UnsafeQualifiedBooleanFieldAccessorImpl
Event: 39.691 loading class jdk/internal/reflect/UnsafeQualifiedBooleanFieldAccessorImpl done
Event: 40.678 loading class java/util/zip/ZipOutputStream
Event: 40.679 loading class java/util/zip/ZipOutputStream done
Event: 40.881 loading class java/security/cert/CertificateEncodingException
Event: 40.881 loading class java/security/cert/CertificateEncodingException done
Event: 40.956 loading class java/beans/ParameterDescriptor
Event: 40.956 loading class java/beans/ParameterDescriptor done


Dynamic libraries:
0x00007ff6c1130000 - 0x00007ff6c1140000 	C:\Program Files\Java\jdk-17\bin\java.exe
0x00007ff9d6840000 - 0x00007ff9d6aa6000 	C:\WINDOWS\SYSTEM32\ntdll.dll
0x00007ff9d5cd0000 - 0x00007ff9d5d99000 	C:\WINDOWS\System32\KERNEL32.DLL
0x00007ff9d3a80000 - 0x00007ff9d3e4c000 	C:\WINDOWS\System32\KERNELBASE.dll
0x00007ff9d3e50000 - 0x00007ff9d3f9b000 	C:\WINDOWS\System32\ucrtbase.dll
0x00007ff9b3bd0000 - 0x00007ff9b3beb000 	C:\Program Files\Java\jdk-17\bin\VCRUNTIME140.dll
0x00007ff9b37a0000 - 0x00007ff9b37b9000 	C:\Program Files\Java\jdk-17\bin\jli.dll
0x00007ff9d60c0000 - 0x00007ff9d6172000 	C:\WINDOWS\System32\ADVAPI32.dll
0x00007ff9d5e30000 - 0x00007ff9d5ed9000 	C:\WINDOWS\System32\msvcrt.dll
0x00007ff9d4ab0000 - 0x00007ff9d4b56000 	C:\WINDOWS\System32\sechost.dll
0x00007ff9d66e0000 - 0x00007ff9d67f6000 	C:\WINDOWS\System32\RPCRT4.dll
0x00007ff9d5ee0000 - 0x00007ff9d60aa000 	C:\WINDOWS\System32\USER32.dll
0x00007ff9b66a0000 - 0x00007ff9b693a000 	C:\WINDOWS\WinSxS\amd64_microsoft.windows.common-controls_6595b64144ccf1df_6.0.26100.3902_none_3e0695f2e335fa27\COMCTL32.dll
0x00007ff9d45d0000 - 0x00007ff9d45f7000 	C:\WINDOWS\System32\win32u.dll
0x00007ff9d5e00000 - 0x00007ff9d5e2b000 	C:\WINDOWS\System32\GDI32.dll
0x00007ff9d42a0000 - 0x00007ff9d43d2000 	C:\WINDOWS\System32\gdi32full.dll
0x00007ff9d39d0000 - 0x00007ff9d3a73000 	C:\WINDOWS\System32\msvcp_win.dll
0x00007ff9cd8c0000 - 0x00007ff9cd8cb000 	C:\WINDOWS\SYSTEM32\VERSION.dll
0x00007ff9d66a0000 - 0x00007ff9d66d0000 	C:\WINDOWS\System32\IMM32.DLL
0x00007ff9b3bc0000 - 0x00007ff9b3bcc000 	C:\Program Files\Java\jdk-17\bin\vcruntime140_1.dll
0x00007ff9a7900000 - 0x00007ff9a798e000 	C:\Program Files\Java\jdk-17\bin\msvcp140.dll
0x00007ff9a6d20000 - 0x00007ff9a7900000 	C:\Program Files\Java\jdk-17\bin\server\jvm.dll
0x00007ff9d4aa0000 - 0x00007ff9d4aa8000 	C:\WINDOWS\System32\PSAPI.DLL
0x00007ff9cc170000 - 0x00007ff9cc1a6000 	C:\WINDOWS\SYSTEM32\WINMM.dll
0x00007ff9b0700000 - 0x00007ff9b070a000 	C:\WINDOWS\SYSTEM32\WSOCK32.dll
0x00007ff9d5b50000 - 0x00007ff9d5bc4000 	C:\WINDOWS\System32\WS2_32.dll
0x00007ff9d2810000 - 0x00007ff9d282a000 	C:\WINDOWS\SYSTEM32\kernel.appcore.dll
0x00007ff9b3a40000 - 0x00007ff9b3a4a000 	C:\Program Files\Java\jdk-17\bin\jimage.dll
0x00007ff9c8880000 - 0x00007ff9c8ac1000 	C:\WINDOWS\SYSTEM32\DBGHELP.DLL
0x00007ff9d4ff0000 - 0x00007ff9d5374000 	C:\WINDOWS\System32\combase.dll
0x00007ff9d62f0000 - 0x00007ff9d63d0000 	C:\WINDOWS\System32\OLEAUT32.dll
0x00007ff9b10b0000 - 0x00007ff9b10e9000 	C:\WINDOWS\SYSTEM32\dbgcore.DLL
0x00007ff9d43e0000 - 0x00007ff9d4479000 	C:\WINDOWS\System32\bcryptPrimitives.dll
0x00007ff9b8b60000 - 0x00007ff9b8b6e000 	C:\Program Files\Java\jdk-17\bin\instrument.dll
0x00007ff9b07b0000 - 0x00007ff9b07d5000 	C:\Program Files\Java\jdk-17\bin\java.dll
0x00007ff99b410000 - 0x00007ff99b4e7000 	C:\Program Files\Java\jdk-17\bin\jsvml.dll
0x00007ff9d5380000 - 0x00007ff9d5aad000 	C:\WINDOWS\System32\SHELL32.dll
0x00007ff9d4120000 - 0x00007ff9d4294000 	C:\WINDOWS\System32\wintypes.dll
0x00007ff9d1650000 - 0x00007ff9d1ea6000 	C:\WINDOWS\SYSTEM32\windows.storage.dll
0x00007ff9d47e0000 - 0x00007ff9d48cf000 	C:\WINDOWS\System32\SHCORE.dll
0x00007ff9d4a30000 - 0x00007ff9d4a99000 	C:\WINDOWS\System32\shlwapi.dll
0x00007ff9d38e0000 - 0x00007ff9d390f000 	C:\WINDOWS\SYSTEM32\profapi.dll
0x00007ff9a7b00000 - 0x00007ff9a7b18000 	C:\Program Files\Java\jdk-17\bin\zip.dll
0x00007ff9b0790000 - 0x00007ff9b07a9000 	C:\Program Files\Java\jdk-17\bin\net.dll
0x00007ff9cc4c0000 - 0x00007ff9cc5de000 	C:\WINDOWS\SYSTEM32\WINHTTP.dll
0x00007ff9d2e20000 - 0x00007ff9d2e8a000 	C:\WINDOWS\system32\mswsock.dll
0x00007ff9af460000 - 0x00007ff9af476000 	C:\Program Files\Java\jdk-17\bin\nio.dll
0x00007ff9b0780000 - 0x00007ff9b0790000 	C:\Program Files\Java\jdk-17\bin\verify.dll
0x00007ff9a7ad0000 - 0x00007ff9a7af7000 	C:\Users\ASHISH\.gradle\native\68d5fa5c4cc2d200863cafc0d521ce42e7d3e7ee720ec0a83991735586a16f82\windows-amd64\native-platform.dll
0x00007ff982510000 - 0x00007ff982654000 	C:\Users\ASHISH\.gradle\native\e376f236ea51e6404a007f0833ffe2c6e607c4080706a723a18a27aeea778392\windows-amd64\native-platform-file-events.dll
0x00007ff9af450000 - 0x00007ff9af45a000 	C:\Program Files\Java\jdk-17\bin\management.dll
0x00007ff9a6d10000 - 0x00007ff9a6d1b000 	C:\Program Files\Java\jdk-17\bin\management_ext.dll
0x00007ff9d30c0000 - 0x00007ff9d30dc000 	C:\WINDOWS\SYSTEM32\CRYPTSP.dll
0x00007ff9d2830000 - 0x00007ff9d286a000 	C:\WINDOWS\system32\rsaenh.dll
0x00007ff9d2ec0000 - 0x00007ff9d2eeb000 	C:\WINDOWS\SYSTEM32\USERENV.dll
0x00007ff9d38b0000 - 0x00007ff9d38d6000 	C:\WINDOWS\SYSTEM32\bcrypt.dll
0x00007ff9d30e0000 - 0x00007ff9d30ec000 	C:\WINDOWS\SYSTEM32\CRYPTBASE.dll
0x00007ff9d2210000 - 0x00007ff9d2243000 	C:\WINDOWS\SYSTEM32\IPHLPAPI.DLL
0x00007ff9d60b0000 - 0x00007ff9d60ba000 	C:\WINDOWS\System32\NSI.dll
0x00007ff9cca20000 - 0x00007ff9cca3f000 	C:\WINDOWS\SYSTEM32\dhcpcsvc6.DLL
0x00007ff9cc1b0000 - 0x00007ff9cc1d5000 	C:\WINDOWS\SYSTEM32\dhcpcsvc.DLL
0x00007ff9d2300000 - 0x00007ff9d2427000 	C:\WINDOWS\SYSTEM32\DNSAPI.dll
0x00007ff9b8b50000 - 0x00007ff9b8b5e000 	C:\Program Files\Java\jdk-17\bin\sunmscapi.dll
0x00007ff9d3fa0000 - 0x00007ff9d4117000 	C:\WINDOWS\System32\CRYPT32.dll
0x00007ff9d32d0000 - 0x00007ff9d3300000 	C:\WINDOWS\SYSTEM32\ncrypt.dll
0x00007ff9d3280000 - 0x00007ff9d32bf000 	C:\WINDOWS\SYSTEM32\NTASN1.dll
0x00007ff9c0250000 - 0x00007ff9c0258000 	C:\WINDOWS\system32\wshunix.dll
0x00007ff99d2d0000 - 0x00007ff99d2e8000 	C:\WINDOWS\system32\napinsp.dll
0x00007ff999680000 - 0x00007ff999692000 	C:\WINDOWS\System32\winrnr.dll
0x00007ff99a520000 - 0x00007ff99a550000 	C:\WINDOWS\system32\nlansp_c.dll
0x00007ff9a4440000 - 0x00007ff9a4456000 	C:\WINDOWS\system32\wshbth.dll
0x00007ff9b3a70000 - 0x00007ff9b3a7b000 	C:\Windows\System32\rasadhlp.dll
0x00007ff9c9a90000 - 0x00007ff9c9b16000 	C:\WINDOWS\System32\fwpuclnt.dll

dbghelp: loaded successfully - version: 4.0.5 - missing functions: none
symbol engine: initialized successfully - sym options: 0x614 - pdb path: .;C:\Program Files\Java\jdk-17\bin;C:\WINDOWS\SYSTEM32;C:\WINDOWS\WinSxS\amd64_microsoft.windows.common-controls_6595b64144ccf1df_6.0.26100.3902_none_3e0695f2e335fa27;C:\Program Files\Java\jdk-17\bin\server;C:\Users\ASHISH\.gradle\native\68d5fa5c4cc2d200863cafc0d521ce42e7d3e7ee720ec0a83991735586a16f82\windows-amd64;C:\Users\ASHISH\.gradle\native\e376f236ea51e6404a007f0833ffe2c6e607c4080706a723a18a27aeea778392\windows-amd64

VM Arguments:
jvm_args: -XX:MaxMetaspaceSize=512m --add-opens=java.base/java.util=ALL-UNNAMED --add-opens=java.base/java.lang=ALL-UNNAMED --add-opens=java.base/java.lang.invoke=ALL-UNNAMED --add-opens=java.prefs/java.util.prefs=ALL-UNNAMED --add-opens=java.base/java.nio.charset=ALL-UNNAMED --add-opens=java.base/java.net=ALL-UNNAMED --add-opens=java.base/java.util.concurrent.atomic=ALL-UNNAMED -Xmx2048m -Dfile.encoding=windows-1252 -Duser.country=IN -Duser.language=en -Duser.variant -javaagent:C:\Users\ASHISH\.gradle\wrapper\dists\gradle-8.3-all\6en3ugtfdg5xnpx44z4qbwgas\gradle-8.3\lib\agents\gradle-instrumentation-agent-8.3.jar 
java_command: org.gradle.launcher.daemon.bootstrap.GradleDaemon 8.3
java_class_path (initial): C:\Users\ASHISH\.gradle\wrapper\dists\gradle-8.3-all\6en3ugtfdg5xnpx44z4qbwgas\gradle-8.3\lib\gradle-launcher-8.3.jar
Launcher Type: SUN_STANDARD

[Global flags]
     intx CICompilerCount                          = 4                                         {product} {ergonomic}
   size_t CompressedClassSpaceSize                 = 436207616                                 {product} {ergonomic}
     uint ConcGCThreads                            = 3                                         {product} {ergonomic}
     uint G1ConcRefinementThreads                  = 10                                        {product} {ergonomic}
   size_t G1HeapRegionSize                         = 1048576                                   {product} {ergonomic}
    uintx GCDrainStackTargetSize                   = 64                                        {product} {ergonomic}
   size_t InitialHeapSize                          = 123731968                                 {product} {ergonomic}
   size_t MarkStackSize                            = 4194304                                   {product} {ergonomic}
   size_t MaxHeapSize                              = 2147483648                                {product} {command line}
   size_t MaxMetaspaceSize                         = 536870912                                 {product} {command line}
   size_t MaxNewSize                               = 1287651328                                {product} {ergonomic}
   size_t MinHeapDeltaBytes                        = 1048576                                   {product} {ergonomic}
   size_t MinHeapSize                              = 8388608                                   {product} {ergonomic}
    uintx NonNMethodCodeHeapSize                   = 5839372                                {pd product} {ergonomic}
    uintx NonProfiledCodeHeapSize                  = 122909434                              {pd product} {ergonomic}
    uintx ProfiledCodeHeapSize                     = 122909434                              {pd product} {ergonomic}
    uintx ReservedCodeCacheSize                    = 251658240                              {pd product} {ergonomic}
     bool SegmentedCodeCache                       = true                                      {product} {ergonomic}
   size_t SoftMaxHeapSize                          = 2147483648                             {manageable} {ergonomic}
     bool UseCompressedClassPointers               = true                           {product lp64_product} {ergonomic}
     bool UseCompressedOops                        = true                           {product lp64_product} {ergonomic}
     bool UseG1GC                                  = true                                      {product} {ergonomic}
     bool UseLargePagesIndividualAllocation        = false                                  {pd product} {ergonomic}

Logging:
Log output configuration:
 #0: stdout all=warning uptime,level,tags
 #1: stderr all=off uptime,level,tags

Environment Variables:
CLASSPATH=E:\Projects\React JS\Music-player\Main\MUsic\Frontend\android\\gradle\wrapper\gradle-wrapper.jar
PATH=E:\Projects\React JS\Music-player\Main\MUsic\Frontend\node_modules\.bin;E:\Projects\React JS\Music-player\Main\MUsic\Frontend\node_modules\.bin;E:\Projects\React JS\Music-player\Main\MUsic\node_modules\.bin;E:\Projects\React JS\Music-player\Main\node_modules\.bin;E:\Projects\React JS\Music-player\node_modules\.bin;E:\Projects\React JS\node_modules\.bin;E:\Projects\node_modules\.bin;E:\node_modules\.bin;C:\Program Files\nodejs\node_modules\npm\node_modules\@npmcli\run-script\lib\node-gyp-bin;E:\Projects\React JS\Music-player\Main\MUsic\Frontend\node_modules\.bin;E:\Projects\React JS\Music-player\Main\MUsic\node_modules\.bin;E:\Projects\React JS\Music-player\Main\node_modules\.bin;E:\Projects\React JS\Music-player\node_modules\.bin;E:\Projects\React JS\node_modules\.bin;E:\Projects\node_modules\.bin;E:\node_modules\.bin;C:\Program Files\nodejs\node_modules\npm\node_modules\@npmcli\run-script\lib\node-gyp-bin;c:\Users\ASHISH\AppData\Local\Programs\cursor\resources\app\bin;c:\Users\ASHISH\AppData\Local\Programs\cursor\resources\app\bin;c:\Users\ASHISH\AppData\Local\Programs\cursor\resources\app\bin;C:\Python313\Scripts\;C:\Python313\;c:\Users\ASHISH\AppData\Local\Programs\cursor\resources\app\bin;c:\Users\ASHISH\AppData\Local\Programs\cursor\resources\app\bin;c:\Users\ASHISH\AppData\Local\Programs\cursor\resources\app\bin;C:\Program Files\Common Files\Oracle\Java\javapath;c:\Users\ASHISH\AppData\Local\Programs\cursor\resources\app\bin;C:\WINDOWS\system32;C:\WINDOWS;C:\WINDOWS\System32\Wbem;C:\WINDOWS\System32\WindowsPowerShell\v1.0\;C:\WINDOWS\System32\OpenSSH\;C:\Program Files (x86)\NVIDIA Corporation\PhysX\Common;C:\Program Files\NVIDIA Corporation\NVIDIA app\NvDLISR;C:\Program Files\HP\HP One Agent;C:\Program Files\Git\cmd;c:\Users\ASHISH\AppData\Local\Programs\cursor\resources\app\bin;C:\Users\ASHISH\AppData\Local\Programs\Python\Launcher\;C:\Users\ASHISH\AppData\Local\Microsoft\WindowsApps;C:\Users\ASHISH\AppD;C:\Program Files\nodejs\;C:\Users\ASHISH\AppData\Loca
USERNAME=ASHISH
OS=Windows_NT
PROCESSOR_IDENTIFIER=AMD64 Family 25 Model 80 Stepping 0, AuthenticAMD



---------------  S Y S T E M  ---------------

OS:
 Windows 11 , 64 bit Build 26100 (10.0.26100.3902)
OS uptime: 0 days 0:04 hours
Hyper-V role detected

CPU: total 12 (initial active 12) (12 cores per cpu, 2 threads per core) family 25 model 80 stepping 0 microcode 0xa500011, cx8, cmov, fxsr, ht, mmx, 3dnowpref, sse, sse2, sse3, ssse3, sse4a, sse4.1, sse4.2, popcnt, lzcnt, tsc, tscinvbit, avx, avx2, aes, erms, clmul, bmi1, bmi2, adx, sha, fma, vzeroupper, clflush, clflushopt, hv

Memory: 4k page, system-wide physical 7521M (1495M free)
TotalPageFile size 7521M (AvailPageFile size 13M)
current process WorkingSet (physical memory assigned to process): 525M, peak: 529M
current process commit charge ("private bytes"): 572M, peak: 589M

vm_info: Java HotSpot(TM) 64-Bit Server VM (17.0.12+8-LTS-286) for windows-amd64 JRE (17.0.12+8-LTS-286), built on Jun  5 2024 06:46:59 by "mach5one" with MS VC++ 17.6 (VS2022)

END.
