#
# There is insufficient memory for the Java Runtime Environment to continue.
# Native memory allocation (mmap) failed to map 355467264 bytes for G1 virtual space
# Possible reasons:
#   The system is out of physical RAM or swap space
#   The process is running with CompressedOops enabled, and the Java Heap may be blocking the growth of the native heap
# Possible solutions:
#   Reduce memory load on the system
#   Increase physical memory or swap space
#   Check if swap backing store is full
#   Decrease Java heap size (-Xmx/-Xms)
#   Decrease number of Java threads
#   Decrease Java thread stack sizes (-Xss)
#   Set larger code cache with -XX:ReservedCodeCacheSize=
#   JVM is running with Unscaled Compressed Oops mode in which the Java heap is
#     placed in the first 4GB address space. The Java Heap base address is the
#     maximum limit for the native heap growth. Please use -XX:HeapBaseMinAddress
#     to set the Java Heap base and to place the Java Heap above 4GB virtual address.
# This output file may be truncated or incomplete.
#
#  Out of Memory Error (os_windows.cpp:3548), pid=17252, tid=15940
#
# JRE version: Java(TM) SE Runtime Environment (17.0.12+8) (build 17.0.12+8-LTS-286)
# Java VM: Java HotSpot(TM) 64-Bit Server VM (17.0.12+8-LTS-286, mixed mode, sharing, tiered, compressed oops, compressed class ptrs, g1 gc, windows-amd64)
# No core dump will be written. Minidumps are not enabled by default on client versions of Windows
#

---------------  S U M M A R Y ------------

Command Line: -XX:MaxMetaspaceSize=512m --add-opens=java.base/java.util=ALL-UNNAMED --add-opens=java.base/java.lang=ALL-UNNAMED --add-opens=java.base/java.lang.invoke=ALL-UNNAMED --add-opens=java.prefs/java.util.prefs=ALL-UNNAMED --add-opens=java.base/java.nio.charset=ALL-UNNAMED --add-opens=java.base/java.net=ALL-UNNAMED --add-opens=java.base/java.util.concurrent.atomic=ALL-UNNAMED -Xmx2048m -Dfile.encoding=windows-1252 -Duser.country=IN -Duser.language=en -Duser.variant -javaagent:C:\Users\ASHISH\.gradle\wrapper\dists\gradle-8.3-all\6en3ugtfdg5xnpx44z4qbwgas\gradle-8.3\lib\agents\gradle-instrumentation-agent-8.3.jar org.gradle.launcher.daemon.bootstrap.GradleDaemon 8.3

Host: AMD Ryzen 5 5600H with Radeon Graphics         , 12 cores, 7G,  Windows 11 , 64 bit Build 26100 (10.0.26100.3902)
Time: Thu Apr 17 07:29:10 2025 India Standard Time elapsed time: 40.214542 seconds (0d 0h 0m 40s)

---------------  T H R E A D  ---------------

Current thread (0x000002a00760dd00):  VMThread "VM Thread" [stack: 0x000000bf9a100000,0x000000bf9a200000] [id=15940]

Stack: [0x000000bf9a100000,0x000000bf9a200000]
Native frames: (J=compiled Java code, j=interpreted, Vv=VM code, C=native code)
V  [jvm.dll+0x67a04a]
V  [jvm.dll+0x7da4ed]
V  [jvm.dll+0x7dbe33]
V  [jvm.dll+0x7dc4a3]
V  [jvm.dll+0x24508f]
V  [jvm.dll+0x677089]
V  [jvm.dll+0x66bd32]
V  [jvm.dll+0x301fa6]
V  [jvm.dll+0x309546]
V  [jvm.dll+0x359d2e]
V  [jvm.dll+0x359f5f]
V  [jvm.dll+0x2d9078]
V  [jvm.dll+0x2d74ad]
V  [jvm.dll+0x2d6afc]
V  [jvm.dll+0x31a65b]
V  [jvm.dll+0x7e0d9b]
V  [jvm.dll+0x7e1ad4]
V  [jvm.dll+0x7e1fed]
V  [jvm.dll+0x7e23c4]
V  [jvm.dll+0x7e2490]
V  [jvm.dll+0x78abea]
V  [jvm.dll+0x678f35]
C  [ucrtbase.dll+0x37b0]
C  [KERNEL32.DLL+0x2e8d7]
C  [ntdll.dll+0x9c5dc]

VM_Operation (0x000000bf9baf6720): G1CollectForAllocation, mode: safepoint, requested by thread 0x000002a027f77e90


---------------  P R O C E S S  ---------------

Threads class SMR info:
_java_thread_list=0x000002a027195d60, length=136, elements={
0x000002a068fbdc30, 0x000002a007610750, 0x000002a007613130, 0x000002a00762c290,
0x000002a00762cb60, 0x000002a00762d430, 0x000002a00762dd00, 0x000002a007636d10,
0x000002a00763ce80, 0x000002a007639370, 0x000002a0075fd6b0, 0x000002a00797c840,
0x000002a0280c3f10, 0x000002a029681480, 0x000002a0284ebc80, 0x000002a0284fc870,
0x000002a0284e9490, 0x000002a027f78dc0, 0x000002a027f77e90, 0x000002a027f783a0,
0x000002a027f77980, 0x000002a027f77470, 0x000002a027f792d0, 0x000002a027f76540,
0x000002a027f75b20, 0x000002a027f76030, 0x000002a027f76f60, 0x000002a027f76a50,
0x000002a0297c7820, 0x000002a0297c4fa0, 0x000002a0297c68f0, 0x000002a0297c7d30,
0x000002a0297c7310, 0x000002a0297c63e0, 0x000002a0297c6e00, 0x000002a0297c8750,
0x000002a0297cb4e0, 0x000002a0297c8c60, 0x000002a0297ca5b0, 0x000002a0297ca0a0,
0x000002a0297cafd0, 0x000002a0297c9170, 0x000002a0297c9680, 0x000002a02963bb20,
0x000002a029638370, 0x000002a02963a1d0, 0x000002a02963c030, 0x000002a02963abf0,
0x000002a029638880, 0x000002a0296397b0, 0x000002a02963a6e0, 0x000002a029638d90,
0x000002a02963b610, 0x000002a02963ca50, 0x000002a0296392a0, 0x000002a02963cf60,
0x000002a02963c540, 0x000002a02963d470, 0x000002a029639cc0, 0x000002a02963d980,
0x000002a02963de90, 0x000002a02963e3a0, 0x000002a02963f2d0, 0x000002a02963f7e0,
0x000002a02963fcf0, 0x000002a02b3d5de0, 0x000002a02b3d4eb0, 0x000002a02b3d62f0,
0x000002a02b3d49a0, 0x000002a02b3d6800, 0x000002a02b3d7730, 0x000002a02b3d53c0,
0x000002a02b3d7c40, 0x000002a02b3d4490, 0x000002a02b3d8150, 0x000002a02b3d8660,
0x000002a02b3d7220, 0x000002a02b3d9080, 0x000002a02b3d6d10, 0x000002a02b3d8b70,
0x000002a02b3d58d0, 0x000002a02b3d9590, 0x000002a02b3d9aa0, 0x000002a02b3daee0,
0x000002a02b3dbe10, 0x000002a02b3d9fb0, 0x000002a02b3da4c0, 0x000002a02b3db3f0,
0x000002a02b3db900, 0x000002a029c70da0, 0x000002a029c70380, 0x000002a029c726f0,
0x000002a029c71cd0, 0x000002a029c721e0, 0x000002a029c712b0, 0x000002a029c74040,
0x000002a029c73b30, 0x000002a029c717c0, 0x000002a029c73620, 0x000002a029c70890,
0x000002a029c74550, 0x000002a029c74a60, 0x000002a029c74f70, 0x000002a029c75480,
0x000002a029c75990, 0x000002a029c763b0, 0x000002a029c75ea0, 0x000002a029c72c00,
0x000002a029c768c0, 0x000002a029c73110, 0x000002a029c76dd0, 0x000002a02a569a40,
0x000002a028ba2d60, 0x000002a02a569020, 0x000002a02a569f50, 0x000002a02a56a460,
0x000002a02a56b390, 0x000002a02a56a970, 0x000002a02a5680f0, 0x000002a02a568600,
0x000002a02a56d700, 0x000002a02a56ae80, 0x000002a02a56d1f0, 0x000002a02a56c2c0,
0x000002a02a56e120, 0x000002a02a56dc10, 0x000002a02a56cce0, 0x000002a02a56f050,
0x000002a02a56b8a0, 0x000002a02a56f560, 0x000002a02a56bdb0, 0x000002a02a56fa70,
0x000002a02d151560, 0x000002a02d1529a0, 0x000002a02d152490, 0x000002a028ba22c0
}

Java Threads: ( => current thread )
  0x000002a068fbdc30 JavaThread "main" [_thread_blocked, id=14740, stack(0x000000bf99b00000,0x000000bf99c00000)]
  0x000002a007610750 JavaThread "Reference Handler" daemon [_thread_blocked, id=1892, stack(0x000000bf9a200000,0x000000bf9a300000)]
  0x000002a007613130 JavaThread "Finalizer" daemon [_thread_blocked, id=15808, stack(0x000000bf9a300000,0x000000bf9a400000)]
  0x000002a00762c290 JavaThread "Signal Dispatcher" daemon [_thread_blocked, id=10332, stack(0x000000bf9a400000,0x000000bf9a500000)]
  0x000002a00762cb60 JavaThread "Attach Listener" daemon [_thread_blocked, id=14104, stack(0x000000bf9a500000,0x000000bf9a600000)]
  0x000002a00762d430 JavaThread "Service Thread" daemon [_thread_blocked, id=2332, stack(0x000000bf9a600000,0x000000bf9a700000)]
  0x000002a00762dd00 JavaThread "Monitor Deflation Thread" daemon [_thread_blocked, id=16304, stack(0x000000bf9a700000,0x000000bf9a800000)]
  0x000002a007636d10 JavaThread "C2 CompilerThread0" daemon [_thread_blocked, id=17188, stack(0x000000bf9a800000,0x000000bf9a900000)]
  0x000002a00763ce80 JavaThread "C1 CompilerThread0" daemon [_thread_blocked, id=9604, stack(0x000000bf9a900000,0x000000bf9aa00000)]
  0x000002a007639370 JavaThread "Sweeper thread" daemon [_thread_blocked, id=16148, stack(0x000000bf9aa00000,0x000000bf9ab00000)]
  0x000002a0075fd6b0 JavaThread "Common-Cleaner" daemon [_thread_blocked, id=5684, stack(0x000000bf9ab00000,0x000000bf9ac00000)]
  0x000002a00797c840 JavaThread "Notification Thread" daemon [_thread_blocked, id=8796, stack(0x000000bf9ad00000,0x000000bf9ae00000)]
  0x000002a0280c3f10 JavaThread "Daemon health stats" [_thread_blocked, id=2956, stack(0x000000bf9b400000,0x000000bf9b500000)]
  0x000002a029681480 JavaThread "Incoming local TCP Connector on port 50488" [_thread_in_native, id=10080, stack(0x000000bf9b500000,0x000000bf9b600000)]
  0x000002a0284ebc80 JavaThread "Daemon periodic checks" [_thread_blocked, id=11836, stack(0x000000bf9b600000,0x000000bf9b700000)]
  0x000002a0284fc870 JavaThread "Daemon" [_thread_blocked, id=8404, stack(0x000000bf9b700000,0x000000bf9b800000)]
  0x000002a0284e9490 JavaThread "Handler for socket connection from /127.0.0.1:50488 to /127.0.0.1:50489" [_thread_in_native, id=6056, stack(0x000000bf9b800000,0x000000bf9b900000)]
  0x000002a027f78dc0 JavaThread "Cancel handler" [_thread_blocked, id=2340, stack(0x000000bf9b900000,0x000000bf9ba00000)]
  0x000002a027f77e90 JavaThread "Daemon worker" [_thread_blocked, id=17112, stack(0x000000bf9ba00000,0x000000bf9bb00000)]
  0x000002a027f783a0 JavaThread "Asynchronous log dispatcher for DefaultDaemonConnection: socket connection from /127.0.0.1:50488 to /127.0.0.1:50489" [_thread_blocked, id=16516, stack(0x000000bf9bb00000,0x000000bf9bc00000)]
  0x000002a027f77980 JavaThread "Stdin handler" [_thread_blocked, id=16432, stack(0x000000bf9bc00000,0x000000bf9bd00000)]
  0x000002a027f77470 JavaThread "Daemon client event forwarder" [_thread_blocked, id=15776, stack(0x000000bf9bd00000,0x000000bf9be00000)]
  0x000002a027f792d0 JavaThread "Cache worker for journal cache (C:\Users\ASHISH\.gradle\caches\journal-1)" [_thread_blocked, id=17204, stack(0x000000bf9be00000,0x000000bf9bf00000)]
  0x000002a027f76540 JavaThread "File lock request listener" [_thread_in_native, id=15816, stack(0x000000bf9bf00000,0x000000bf9c000000)]
  0x000002a027f75b20 JavaThread "Cache worker for file hash cache (C:\Users\ASHISH\.gradle\caches\8.3\fileHashes)" [_thread_blocked, id=17200, stack(0x000000bf9af00000,0x000000bf9b000000)]
  0x000002a027f76030 JavaThread "File watcher server" daemon [_thread_blocked, id=8280, stack(0x000000bf9c500000,0x000000bf9c600000)]
  0x000002a027f76f60 JavaThread "File watcher consumer" daemon [_thread_blocked, id=10988, stack(0x000000bf9c600000,0x000000bf9c700000)]
  0x000002a027f76a50 JavaThread "Cache worker for checksums cache (E:\Projects\React JS\Music-player\Main\MUsic\Frontend\android\.gradle\8.3\checksums)" [_thread_blocked, id=16096, stack(0x000000bf9c700000,0x000000bf9c800000)]
  0x000002a0297c7820 JavaThread "Cache worker for file hash cache (E:\Projects\React JS\Music-player\Main\MUsic\Frontend\android\.gradle\8.3\fileHashes)" [_thread_blocked, id=1544, stack(0x000000bf9c800000,0x000000bf9c900000)]
  0x000002a0297c4fa0 JavaThread "Cache worker for cache directory md-supplier (C:\Users\ASHISH\.gradle\caches\8.3\md-supplier)" [_thread_blocked, id=8580, stack(0x000000bf9c900000,0x000000bf9ca00000)]
  0x000002a0297c68f0 JavaThread "Cache worker for file content cache (C:\Users\ASHISH\.gradle\caches\8.3\fileContent)" [_thread_blocked, id=1884, stack(0x000000bf9ca00000,0x000000bf9cb00000)]
  0x000002a0297c7d30 JavaThread "Cache worker for cache directory md-rule (C:\Users\ASHISH\.gradle\caches\8.3\md-rule)" [_thread_blocked, id=15844, stack(0x000000bf9cd00000,0x000000bf9ce00000)]
  0x000002a0297c7310 JavaThread "Cache worker for execution history cache (C:\Users\ASHISH\.gradle\caches\8.3\executionHistory)" [_thread_blocked, id=2016, stack(0x000000bf9ce00000,0x000000bf9cf00000)]
  0x000002a0297c63e0 JavaThread "jar transforms" [_thread_blocked, id=15924, stack(0x000000bf9d000000,0x000000bf9d100000)]
  0x000002a0297c6e00 JavaThread "jar transforms Thread 2" [_thread_blocked, id=2424, stack(0x000000bf9d100000,0x000000bf9d200000)]
  0x000002a0297c8750 JavaThread "jar transforms Thread 3" [_thread_blocked, id=16548, stack(0x000000bf9d200000,0x000000bf9d300000)]
  0x000002a0297cb4e0 JavaThread "jar transforms Thread 4" [_thread_blocked, id=16972, stack(0x000000bf9d300000,0x000000bf9d400000)]
  0x000002a0297c8c60 JavaThread "Cache worker for kotlin-dsl (C:\Users\ASHISH\.gradle\caches\8.3\kotlin-dsl)" [_thread_blocked, id=7600, stack(0x000000bf9d400000,0x000000bf9d500000)]
  0x000002a0297ca5b0 JavaThread "jar transforms Thread 5" [_thread_blocked, id=16708, stack(0x000000bf9d500000,0x000000bf9d600000)]
  0x000002a0297ca0a0 JavaThread "jar transforms Thread 6" [_thread_blocked, id=15400, stack(0x000000bf9d600000,0x000000bf9d700000)]
  0x000002a0297cafd0 JavaThread "Unconstrained build operations" [_thread_blocked, id=15464, stack(0x000000bf9ac00000,0x000000bf9ad00000)]
  0x000002a0297c9170 JavaThread "Unconstrained build operations Thread 2" [_thread_blocked, id=15720, stack(0x000000bf9cf00000,0x000000bf9d000000)]
  0x000002a0297c9680 JavaThread "jar transforms Thread 7" [_thread_blocked, id=4656, stack(0x000000bf9d800000,0x000000bf9d900000)]
  0x000002a02963bb20 JavaThread "jar transforms Thread 8" [_thread_blocked, id=1832, stack(0x000000bf9d900000,0x000000bf9da00000)]
  0x000002a029638370 JavaThread "jar transforms Thread 9" [_thread_blocked, id=15416, stack(0x000000bf9da00000,0x000000bf9db00000)]
  0x000002a02963a1d0 JavaThread "jar transforms Thread 10" [_thread_blocked, id=9080, stack(0x000000bf9db00000,0x000000bf9dc00000)]
  0x000002a02963c030 JavaThread "jar transforms Thread 11" [_thread_blocked, id=14080, stack(0x000000bf9dd00000,0x000000bf9de00000)]
  0x000002a02963abf0 JavaThread "jar transforms Thread 12" [_thread_blocked, id=6508, stack(0x000000bf9de00000,0x000000bf9df00000)]
  0x000002a029638880 JavaThread "Cache worker for dependencies-accessors (E:\Projects\React JS\Music-player\Main\MUsic\Frontend\android\.gradle\8.3\dependencies-accessors)" [_thread_blocked, id=16228, stack(0x000000bf9df00000,0x000000bf9e000000)]
  0x000002a0296397b0 JavaThread "Cache worker for Build Output Cleanup Cache (E:\Projects\React JS\Music-player\Main\MUsic\Frontend\node_modules\@react-native\gradle-plugin\.gradle\buildOutputCleanup)" [_thread_blocked, id=5400, stack(0x000000bf9e100000,0x000000bf9e200000)]
  0x000002a02963a6e0 JavaThread "Unconstrained build operations Thread 3" [_thread_blocked, id=3576, stack(0x000000bf9e200000,0x000000bf9e300000)]
  0x000002a029638d90 JavaThread "Unconstrained build operations Thread 4" [_thread_blocked, id=1792, stack(0x000000bf9e300000,0x000000bf9e400000)]
  0x000002a02963b610 JavaThread "Unconstrained build operations Thread 5" [_thread_blocked, id=2540, stack(0x000000bf9e400000,0x000000bf9e500000)]
  0x000002a02963ca50 JavaThread "Unconstrained build operations Thread 6" [_thread_blocked, id=15748, stack(0x000000bf9e500000,0x000000bf9e600000)]
  0x000002a0296392a0 JavaThread "Unconstrained build operations Thread 7" [_thread_blocked, id=4220, stack(0x000000bf9e600000,0x000000bf9e700000)]
  0x000002a02963cf60 JavaThread "Unconstrained build operations Thread 8" [_thread_blocked, id=14480, stack(0x000000bf9e700000,0x000000bf9e800000)]
  0x000002a02963c540 JavaThread "Unconstrained build operations Thread 9" [_thread_blocked, id=15784, stack(0x000000bf9e800000,0x000000bf9e900000)]
  0x000002a02963d470 JavaThread "Unconstrained build operations Thread 10" [_thread_blocked, id=11076, stack(0x000000bf9e900000,0x000000bf9ea00000)]
  0x000002a029639cc0 JavaThread "Unconstrained build operations Thread 11" [_thread_blocked, id=11764, stack(0x000000bf9ea00000,0x000000bf9eb00000)]
  0x000002a02963d980 JavaThread "Unconstrained build operations Thread 12" [_thread_blocked, id=14548, stack(0x000000bf9eb00000,0x000000bf9ec00000)]
  0x000002a02963de90 JavaThread "Unconstrained build operations Thread 13" [_thread_blocked, id=10084, stack(0x000000bf9ec00000,0x000000bf9ed00000)]
  0x000002a02963e3a0 JavaThread "Memory manager" [_thread_blocked, id=15064, stack(0x000000bf9ed00000,0x000000bf9ee00000)]
  0x000002a02963f2d0 JavaThread "Cache worker for Build Output Cleanup Cache (E:\Projects\React JS\Music-player\Main\MUsic\Frontend\android\.gradle\buildOutputCleanup)" [_thread_blocked, id=12216, stack(0x000000bf9e000000,0x000000bf9e100000)]
  0x000002a02963f7e0 JavaThread "ForkJoinPool.commonPool-worker-1" daemon [_thread_blocked, id=7400, stack(0x000000bf9ee00000,0x000000bf9ef00000)]
  0x000002a02963fcf0 JavaThread "ForkJoinPool.commonPool-worker-2" daemon [_thread_blocked, id=6160, stack(0x000000bf9ef00000,0x000000bf9f000000)]
  0x000002a02b3d5de0 JavaThread "ForkJoinPool.commonPool-worker-3" daemon [_thread_blocked, id=1496, stack(0x000000bf9f000000,0x000000bf9f100000)]
  0x000002a02b3d4eb0 JavaThread "ForkJoinPool.commonPool-worker-4" daemon [_thread_blocked, id=15608, stack(0x000000bf9f100000,0x000000bf9f200000)]
  0x000002a02b3d62f0 JavaThread "ForkJoinPool.commonPool-worker-5" daemon [_thread_blocked, id=3028, stack(0x000000bf9f200000,0x000000bf9f300000)]
  0x000002a02b3d49a0 JavaThread "ForkJoinPool.commonPool-worker-6" daemon [_thread_blocked, id=15540, stack(0x000000bf9f300000,0x000000bf9f400000)]
  0x000002a02b3d6800 JavaThread "ForkJoinPool.commonPool-worker-7" daemon [_thread_blocked, id=16780, stack(0x000000bf9f400000,0x000000bf9f500000)]
  0x000002a02b3d7730 JavaThread "ForkJoinPool.commonPool-worker-8" daemon [_thread_blocked, id=13104, stack(0x000000bf9f500000,0x000000bf9f600000)]
  0x000002a02b3d53c0 JavaThread "ForkJoinPool.commonPool-worker-9" daemon [_thread_blocked, id=15936, stack(0x000000bf9f600000,0x000000bf9f700000)]
  0x000002a02b3d7c40 JavaThread "ForkJoinPool.commonPool-worker-10" daemon [_thread_blocked, id=14516, stack(0x000000bf9f700000,0x000000bf9f800000)]
  0x000002a02b3d4490 JavaThread "ForkJoinPool.commonPool-worker-11" daemon [_thread_blocked, id=2380, stack(0x000000bf9f800000,0x000000bf9f900000)]
  0x000002a02b3d8150 JavaThread "included builds" [_thread_blocked, id=14880, stack(0x000000bf9fa00000,0x000000bf9fb00000)]
  0x000002a02b3d8660 JavaThread "Execution worker" [_thread_blocked, id=1080, stack(0x000000bf9fb00000,0x000000bf9fc00000)]
  0x000002a02b3d7220 JavaThread "Execution worker Thread 2" [_thread_blocked, id=2580, stack(0x000000bf9fc00000,0x000000bf9fd00000)]
  0x000002a02b3d9080 JavaThread "Execution worker Thread 3" [_thread_blocked, id=11268, stack(0x000000bf9fd00000,0x000000bf9fe00000)]
  0x000002a02b3d6d10 JavaThread "Execution worker Thread 4" [_thread_blocked, id=12596, stack(0x000000bf9fe00000,0x000000bf9ff00000)]
  0x000002a02b3d8b70 JavaThread "Execution worker Thread 5" [_thread_blocked, id=17300, stack(0x000000bf9ff00000,0x000000bfa0000000)]
  0x000002a02b3d58d0 JavaThread "Execution worker Thread 6" [_thread_blocked, id=15424, stack(0x000000bfa0000000,0x000000bfa0100000)]
  0x000002a02b3d9590 JavaThread "Execution worker Thread 7" [_thread_blocked, id=14064, stack(0x000000bfa0100000,0x000000bfa0200000)]
  0x000002a02b3d9aa0 JavaThread "Execution worker Thread 8" [_thread_blocked, id=8976, stack(0x000000bfa0200000,0x000000bfa0300000)]
  0x000002a02b3daee0 JavaThread "Execution worker Thread 9" [_thread_blocked, id=15768, stack(0x000000bfa0300000,0x000000bfa0400000)]
  0x000002a02b3dbe10 JavaThread "Execution worker Thread 10" [_thread_blocked, id=3472, stack(0x000000bfa0400000,0x000000bfa0500000)]
  0x000002a02b3d9fb0 JavaThread "Execution worker Thread 11" [_thread_blocked, id=13968, stack(0x000000bfa0500000,0x000000bfa0600000)]
  0x000002a02b3da4c0 JavaThread "Cache worker for execution history cache (E:\Projects\React JS\Music-player\Main\MUsic\Frontend\node_modules\@react-native\gradle-plugin\.gradle\8.3\executionHistory)" [_thread_blocked, id=1784, stack(0x000000bfa0600000,0x000000bfa0700000)]
  0x000002a02b3db3f0 JavaThread "Unconstrained build operations Thread 14" [_thread_blocked, id=15620, stack(0x000000bfa0700000,0x000000bfa0800000)]
  0x000002a02b3db900 JavaThread "Unconstrained build operations Thread 15" [_thread_blocked, id=5136, stack(0x000000bfa0800000,0x000000bfa0900000)]
  0x000002a029c70da0 JavaThread "Unconstrained build operations Thread 16" [_thread_blocked, id=16888, stack(0x000000bfa0900000,0x000000bfa0a00000)]
  0x000002a029c70380 JavaThread "Unconstrained build operations Thread 17" [_thread_blocked, id=15904, stack(0x000000bfa0a00000,0x000000bfa0b00000)]
  0x000002a029c726f0 JavaThread "Unconstrained build operations Thread 18" [_thread_blocked, id=6428, stack(0x000000bfa0b00000,0x000000bfa0c00000)]
  0x000002a029c71cd0 JavaThread "Unconstrained build operations Thread 19" [_thread_blocked, id=5892, stack(0x000000bfa0c00000,0x000000bfa0d00000)]
  0x000002a029c721e0 JavaThread "Unconstrained build operations Thread 20" [_thread_blocked, id=3108, stack(0x000000bfa0d00000,0x000000bfa0e00000)]
  0x000002a029c712b0 JavaThread "Unconstrained build operations Thread 21" [_thread_blocked, id=14584, stack(0x000000bfa0e00000,0x000000bfa0f00000)]
  0x000002a029c74040 JavaThread "Unconstrained build operations Thread 22" [_thread_blocked, id=4308, stack(0x000000bfa0f00000,0x000000bfa1000000)]
  0x000002a029c73b30 JavaThread "Unconstrained build operations Thread 23" [_thread_blocked, id=12024, stack(0x000000bfa1000000,0x000000bfa1100000)]
  0x000002a029c717c0 JavaThread "Unconstrained build operations Thread 24" [_thread_blocked, id=16560, stack(0x000000bfa1100000,0x000000bfa1200000)]
  0x000002a029c73620 JavaThread "Unconstrained build operations Thread 25" [_thread_blocked, id=7852, stack(0x000000bfa1200000,0x000000bfa1300000)]
  0x000002a029c70890 JavaThread "Unconstrained build operations Thread 26" [_thread_blocked, id=17260, stack(0x000000bfa1300000,0x000000bfa1400000)]
  0x000002a029c74550 JavaThread "Unconstrained build operations Thread 27" [_thread_blocked, id=3360, stack(0x000000bfa1400000,0x000000bfa1500000)]
  0x000002a029c74a60 JavaThread "Unconstrained build operations Thread 28" [_thread_blocked, id=15856, stack(0x000000bfa1500000,0x000000bfa1600000)]
  0x000002a029c74f70 JavaThread "Unconstrained build operations Thread 29" [_thread_blocked, id=5544, stack(0x000000bfa1600000,0x000000bfa1700000)]
  0x000002a029c75480 JavaThread "Unconstrained build operations Thread 30" [_thread_blocked, id=9656, stack(0x000000bfa1700000,0x000000bfa1800000)]
  0x000002a029c75990 JavaThread "Unconstrained build operations Thread 31" [_thread_blocked, id=15092, stack(0x000000bfa1800000,0x000000bfa1900000)]
  0x000002a029c763b0 JavaThread "Unconstrained build operations Thread 32" [_thread_blocked, id=3296, stack(0x000000bfa1900000,0x000000bfa1a00000)]
  0x000002a029c75ea0 JavaThread "Unconstrained build operations Thread 33" [_thread_blocked, id=17368, stack(0x000000bfa1a00000,0x000000bfa1b00000)]
  0x000002a029c72c00 JavaThread "Unconstrained build operations Thread 34" [_thread_blocked, id=8808, stack(0x000000bfa1b00000,0x000000bfa1c00000)]
  0x000002a029c768c0 JavaThread "Unconstrained build operations Thread 35" [_thread_blocked, id=16832, stack(0x000000bfa1c00000,0x000000bfa1d00000)]
  0x000002a029c73110 JavaThread "Unconstrained build operations Thread 36" [_thread_blocked, id=12040, stack(0x000000bfa1d00000,0x000000bfa1e00000)]
  0x000002a029c76dd0 JavaThread "Unconstrained build operations Thread 37" [_thread_blocked, id=2160, stack(0x000000bfa1e00000,0x000000bfa1f00000)]
  0x000002a02a569a40 JavaThread "Unconstrained build operations Thread 38" [_thread_blocked, id=15240, stack(0x000000bfa2100000,0x000000bfa2200000)]
  0x000002a028ba2d60 JavaThread "C2 CompilerThread1" daemon [_thread_blocked, id=5864, stack(0x000000bfa1f00000,0x000000bfa2000000)]
  0x000002a02a569020 JavaThread "Unconstrained build operations Thread 39" [_thread_blocked, id=8372, stack(0x000000bfa2200000,0x000000bfa2300000)]
  0x000002a02a569f50 JavaThread "Unconstrained build operations Thread 40" [_thread_blocked, id=16876, stack(0x000000bfa2300000,0x000000bfa2400000)]
  0x000002a02a56a460 JavaThread "Unconstrained build operations Thread 41" [_thread_blocked, id=8792, stack(0x000000bfa2400000,0x000000bfa2500000)]
  0x000002a02a56b390 JavaThread "Unconstrained build operations Thread 42" [_thread_blocked, id=16784, stack(0x000000bfa2500000,0x000000bfa2600000)]
  0x000002a02a56a970 JavaThread "Unconstrained build operations Thread 43" [_thread_blocked, id=4728, stack(0x000000bfa2600000,0x000000bfa2700000)]
  0x000002a02a5680f0 JavaThread "Unconstrained build operations Thread 44" [_thread_blocked, id=15980, stack(0x000000bfa2700000,0x000000bfa2800000)]
  0x000002a02a568600 JavaThread "Unconstrained build operations Thread 45" [_thread_blocked, id=14292, stack(0x000000bfa2800000,0x000000bfa2900000)]
  0x000002a02a56d700 JavaThread "Unconstrained build operations Thread 46" [_thread_blocked, id=4564, stack(0x000000bfa2900000,0x000000bfa2a00000)]
  0x000002a02a56ae80 JavaThread "Unconstrained build operations Thread 47" [_thread_blocked, id=13952, stack(0x000000bfa2a00000,0x000000bfa2b00000)]
  0x000002a02a56d1f0 JavaThread "Unconstrained build operations Thread 48" [_thread_blocked, id=15928, stack(0x000000bfa2b00000,0x000000bfa2c00000)]
  0x000002a02a56c2c0 JavaThread "Unconstrained build operations Thread 49" [_thread_blocked, id=6352, stack(0x000000bfa2c00000,0x000000bfa2d00000)]
  0x000002a02a56e120 JavaThread "Unconstrained build operations Thread 50" [_thread_blocked, id=1628, stack(0x000000bfa2d00000,0x000000bfa2e00000)]
  0x000002a02a56dc10 JavaThread "Unconstrained build operations Thread 51" [_thread_blocked, id=15912, stack(0x000000bfa2e00000,0x000000bfa2f00000)]
  0x000002a02a56cce0 JavaThread "Unconstrained build operations Thread 52" [_thread_blocked, id=14296, stack(0x000000bfa2f00000,0x000000bfa3000000)]
  0x000002a02a56f050 JavaThread "Unconstrained build operations Thread 53" [_thread_blocked, id=3900, stack(0x000000bfa3000000,0x000000bfa3100000)]
  0x000002a02a56b8a0 JavaThread "Unconstrained build operations Thread 54" [_thread_blocked, id=16928, stack(0x000000bfa3100000,0x000000bfa3200000)]
  0x000002a02a56f560 JavaThread "Unconstrained build operations Thread 55" [_thread_blocked, id=15880, stack(0x000000bfa3200000,0x000000bfa3300000)]
  0x000002a02a56bdb0 JavaThread "Unconstrained build operations Thread 56" [_thread_blocked, id=16680, stack(0x000000bfa3300000,0x000000bfa3400000)]
  0x000002a02a56fa70 JavaThread "Unconstrained build operations Thread 57" [_thread_blocked, id=17360, stack(0x000000bfa3400000,0x000000bfa3500000)]
  0x000002a02d151560 JavaThread "Unconstrained build operations Thread 58" [_thread_blocked, id=12424, stack(0x000000bfa3500000,0x000000bfa3600000)]
  0x000002a02d1529a0 JavaThread "Unconstrained build operations Thread 59" [_thread_blocked, id=16884, stack(0x000000bfa3600000,0x000000bfa3700000)]
  0x000002a02d152490 JavaThread "Unconstrained build operations Thread 60" [_thread_blocked, id=9220, stack(0x000000bfa3700000,0x000000bfa3800000)]
  0x000002a028ba22c0 JavaThread "C2 CompilerThread2" daemon [_thread_blocked, id=2772, stack(0x000000bfa2000000,0x000000bfa2100000)]

Other Threads:
=>0x000002a00760dd00 VMThread "VM Thread" [stack: 0x000000bf9a100000,0x000000bf9a200000] [id=15940]
  0x000002a069036530 WatcherThread [stack: 0x000000bf9ae00000,0x000000bf9af00000] [id=15112]
  0x000002a0690195c0 GCTaskThread "GC Thread#0" [stack: 0x000000bf99c00000,0x000000bf99d00000] [id=9636]
  0x000002a027c09080 GCTaskThread "GC Thread#1" [stack: 0x000000bf9b000000,0x000000bf9b100000] [id=15036]
  0x000002a027c3d610 GCTaskThread "GC Thread#2" [stack: 0x000000bf9b100000,0x000000bf9b200000] [id=16172]
  0x000002a0271bf090 GCTaskThread "GC Thread#3" [stack: 0x000000bf9b200000,0x000000bf9b300000] [id=424]
  0x000002a0278b6f00 GCTaskThread "GC Thread#4" [stack: 0x000000bf9b300000,0x000000bf9b400000] [id=13964]
  0x000002a028f76150 GCTaskThread "GC Thread#5" [stack: 0x000000bf9c000000,0x000000bf9c100000] [id=15520]
  0x000002a029045dd0 GCTaskThread "GC Thread#6" [stack: 0x000000bf9c100000,0x000000bf9c200000] [id=12948]
  0x000002a028ffa020 GCTaskThread "GC Thread#7" [stack: 0x000000bf9c200000,0x000000bf9c300000] [id=9068]
  0x000002a028b3a720 GCTaskThread "GC Thread#8" [stack: 0x000000bf9c300000,0x000000bf9c400000] [id=10980]
  0x000002a028b39960 GCTaskThread "GC Thread#9" [stack: 0x000000bf9c400000,0x000000bf9c500000] [id=17248]
  0x000002a06902a420 ConcurrentGCThread "G1 Main Marker" [stack: 0x000000bf99d00000,0x000000bf99e00000] [id=9016]
  0x000002a06902ca20 ConcurrentGCThread "G1 Conc#0" [stack: 0x000000bf99e00000,0x000000bf99f00000] [id=1564]
  0x000002a028b39c20 ConcurrentGCThread "G1 Conc#1" [stack: 0x000000bf9cb00000,0x000000bf9cc00000] [id=5812]
  0x000002a028b3b220 ConcurrentGCThread "G1 Conc#2" [stack: 0x000000bf9cc00000,0x000000bf9cd00000] [id=5936]
  0x000002a0074c5530 ConcurrentGCThread "G1 Refine#0" [stack: 0x000000bf99f00000,0x000000bf9a000000] [id=2344]
  0x000002a06906e0b0 ConcurrentGCThread "G1 Service" [stack: 0x000000bf9a000000,0x000000bf9a100000] [id=16016]

Threads with active compile tasks:
C2 CompilerThread0    40268 12095       4       sun.reflect.annotation.AnnotationParser::parseStringArray (85 bytes)
C2 CompilerThread1    40268 11976       4       org.gradle.internal.operations.DefaultBuildOperationRunner::execute (23 bytes)
C2 CompilerThread2    40268 11979       4       org.gradle.internal.operations.DefaultBuildOperationRunner::execute (147 bytes)

VM state: at safepoint (normal execution)

VM Mutex/Monitor currently owned by a thread:  ([mutex/lock_event])
[0x000002a068fb91c0] Threads_lock - owner thread: 0x000002a00760dd00
[0x000002a068fb8440] Heap_lock - owner thread: 0x000002a027f77e90

Heap address: 0x0000000080000000, size: 2048 MB, Compressed Oops mode: 32-bit

CDS archive(s) mapped at: [0x000002a008000000-0x000002a008bd0000-0x000002a008bd0000), size 12386304, SharedBaseAddress: 0x000002a008000000, ArchiveRelocationMode: 1.
Compressed class space mapped at: 0x000002a009000000-0x000002a023000000, reserved size: 436207616
Narrow klass base: 0x000002a008000000, Narrow klass shift: 0, Narrow klass range: 0x100000000

GC Precious Log:
 CPUs: 12 total, 12 available
 Memory: 7521M
 Large Page Support: Disabled
 NUMA Support: Disabled
 Compressed Oops: Enabled (32-bit)
 Heap Region Size: 1M
 Heap Min Capacity: 8M
 Heap Initial Capacity: 118M
 Heap Max Capacity: 2G
 Pre-touch: Disabled
 Parallel Workers: 10
 Concurrent Workers: 3
 Concurrent Refinement Workers: 10
 Periodic GC: Disabled

Heap:
 garbage-first heap   total 235520K, used 140316K [0x0000000080000000, 0x0000000100000000)
  region size 1024K, 1 young (1024K), 1 survivors (1024K)
 Metaspace       used 97316K, committed 98368K, reserved 557056K
  class space    used 13651K, committed 14144K, reserved 425984K

Heap Regions: E=young(eden), S=young(survivor), O=old, HS=humongous(starts), HC=humongous(continues), CS=collection set, F=free, OA=open archive, CA=closed archive, TAMS=top-at-mark-start (previous, next)
|   0|0x0000000080000000, 0x0000000080100000, 0x0000000080100000|100%|HS|  |TAMS 0x0000000080100000, 0x0000000080000000| Complete 
|   1|0x0000000080100000, 0x0000000080200000, 0x0000000080200000|100%|HC|  |TAMS 0x0000000080200000, 0x0000000080100000| Complete 
|   2|0x0000000080200000, 0x0000000080300000, 0x0000000080300000|100%|HC|  |TAMS 0x0000000080300000, 0x0000000080200000| Complete 
|   3|0x0000000080300000, 0x0000000080400000, 0x0000000080400000|100%|HC|  |TAMS 0x0000000080400000, 0x0000000080300000| Complete 
|   4|0x0000000080400000, 0x0000000080500000, 0x0000000080500000|100%| O|  |TAMS 0x0000000080500000, 0x0000000080400000| Untracked 
|   5|0x0000000080500000, 0x0000000080600000, 0x0000000080600000|100%| O|  |TAMS 0x0000000080600000, 0x0000000080500000| Untracked 
|   6|0x0000000080600000, 0x0000000080700000, 0x0000000080700000|100%| O|  |TAMS 0x0000000080700000, 0x0000000080600000| Untracked 
|   7|0x0000000080700000, 0x0000000080800000, 0x0000000080800000|100%| O|  |TAMS 0x0000000080800000, 0x0000000080700000| Untracked 
|   8|0x0000000080800000, 0x0000000080900000, 0x0000000080900000|100%| O|  |TAMS 0x0000000080900000, 0x0000000080800000| Untracked 
|   9|0x0000000080900000, 0x0000000080a00000, 0x0000000080a00000|100%| O|  |TAMS 0x0000000080a00000, 0x0000000080900000| Untracked 
|  10|0x0000000080a00000, 0x0000000080b00000, 0x0000000080b00000|100%| O|  |TAMS 0x0000000080b00000, 0x0000000080a00000| Untracked 
|  11|0x0000000080b00000, 0x0000000080c00000, 0x0000000080c00000|100%| O|  |TAMS 0x0000000080c00000, 0x0000000080b00000| Untracked 
|  12|0x0000000080c00000, 0x0000000080d00000, 0x0000000080d00000|100%| O|  |TAMS 0x0000000080d00000, 0x0000000080c00000| Untracked 
|  13|0x0000000080d00000, 0x0000000080e00000, 0x0000000080e00000|100%| O|  |TAMS 0x0000000080e00000, 0x0000000080d00000| Untracked 
|  14|0x0000000080e00000, 0x0000000080f00000, 0x0000000080f00000|100%| O|  |TAMS 0x0000000080f00000, 0x0000000080e00000| Untracked 
|  15|0x0000000080f00000, 0x0000000081000000, 0x0000000081000000|100%| O|  |TAMS 0x0000000081000000, 0x0000000080f00000| Untracked 
|  16|0x0000000081000000, 0x0000000081100000, 0x0000000081100000|100%| O|  |TAMS 0x0000000081100000, 0x0000000081000000| Untracked 
|  17|0x0000000081100000, 0x0000000081200000, 0x0000000081200000|100%| O|  |TAMS 0x0000000081200000, 0x0000000081100000| Untracked 
|  18|0x0000000081200000, 0x0000000081300000, 0x0000000081300000|100%| O|  |TAMS 0x0000000081300000, 0x0000000081200000| Untracked 
|  19|0x0000000081300000, 0x0000000081400000, 0x0000000081400000|100%| O|  |TAMS 0x0000000081400000, 0x0000000081300000| Untracked 
|  20|0x0000000081400000, 0x0000000081500000, 0x0000000081500000|100%| O|  |TAMS 0x0000000081500000, 0x0000000081400000| Untracked 
|  21|0x0000000081500000, 0x0000000081600000, 0x0000000081600000|100%| O|  |TAMS 0x0000000081600000, 0x0000000081500000| Untracked 
|  22|0x0000000081600000, 0x0000000081700000, 0x0000000081700000|100%| O|  |TAMS 0x0000000081700000, 0x0000000081600000| Untracked 
|  23|0x0000000081700000, 0x0000000081800000, 0x0000000081800000|100%| O|  |TAMS 0x0000000081800000, 0x0000000081700000| Untracked 
|  24|0x0000000081800000, 0x0000000081900000, 0x0000000081900000|100%| O|  |TAMS 0x0000000081900000, 0x0000000081800000| Untracked 
|  25|0x0000000081900000, 0x0000000081a00000, 0x0000000081a00000|100%| O|  |TAMS 0x0000000081a00000, 0x0000000081900000| Untracked 
|  26|0x0000000081a00000, 0x0000000081b00000, 0x0000000081b00000|100%| O|  |TAMS 0x0000000081b00000, 0x0000000081a00000| Untracked 
|  27|0x0000000081b00000, 0x0000000081c00000, 0x0000000081c00000|100%| O|  |TAMS 0x0000000081c00000, 0x0000000081b00000| Untracked 
|  28|0x0000000081c00000, 0x0000000081d00000, 0x0000000081d00000|100%| O|  |TAMS 0x0000000081d00000, 0x0000000081c00000| Untracked 
|  29|0x0000000081d00000, 0x0000000081e00000, 0x0000000081e00000|100%| O|  |TAMS 0x0000000081e00000, 0x0000000081d00000| Untracked 
|  30|0x0000000081e00000, 0x0000000081f00000, 0x0000000081f00000|100%| O|  |TAMS 0x0000000081f00000, 0x0000000081e00000| Untracked 
|  31|0x0000000081f00000, 0x0000000082000000, 0x0000000082000000|100%| O|  |TAMS 0x0000000082000000, 0x0000000081f00000| Untracked 
|  32|0x0000000082000000, 0x0000000082100000, 0x0000000082100000|100%| O|  |TAMS 0x0000000082100000, 0x0000000082000000| Untracked 
|  33|0x0000000082100000, 0x0000000082200000, 0x0000000082200000|100%| O|  |TAMS 0x0000000082200000, 0x0000000082100000| Untracked 
|  34|0x0000000082200000, 0x0000000082300000, 0x0000000082300000|100%| O|  |TAMS 0x0000000082300000, 0x0000000082200000| Untracked 
|  35|0x0000000082300000, 0x0000000082400000, 0x0000000082400000|100%| O|  |TAMS 0x0000000082400000, 0x0000000082300000| Untracked 
|  36|0x0000000082400000, 0x0000000082500000, 0x0000000082500000|100%| O|  |TAMS 0x0000000082500000, 0x0000000082400000| Untracked 
|  37|0x0000000082500000, 0x0000000082600000, 0x0000000082600000|100%| O|  |TAMS 0x0000000082600000, 0x0000000082500000| Untracked 
|  38|0x0000000082600000, 0x0000000082700000, 0x0000000082700000|100%| O|  |TAMS 0x0000000082700000, 0x0000000082600000| Untracked 
|  39|0x0000000082700000, 0x0000000082800000, 0x0000000082800000|100%| O|  |TAMS 0x0000000082800000, 0x0000000082700000| Untracked 
|  40|0x0000000082800000, 0x0000000082900000, 0x0000000082900000|100%|HS|  |TAMS 0x0000000082900000, 0x0000000082800000| Complete 
|  41|0x0000000082900000, 0x0000000082a00000, 0x0000000082a00000|100%|HC|  |TAMS 0x0000000082a00000, 0x0000000082900000| Complete 
|  42|0x0000000082a00000, 0x0000000082b00000, 0x0000000082b00000|100%|HS|  |TAMS 0x0000000082b00000, 0x0000000082a00000| Complete 
|  43|0x0000000082b00000, 0x0000000082c00000, 0x0000000082c00000|100%|HC|  |TAMS 0x0000000082c00000, 0x0000000082b00000| Complete 
|  44|0x0000000082c00000, 0x0000000082d00000, 0x0000000082d00000|100%| O|  |TAMS 0x0000000082d00000, 0x0000000082c00000| Untracked 
|  45|0x0000000082d00000, 0x0000000082e00000, 0x0000000082e00000|100%| O|  |TAMS 0x0000000082e00000, 0x0000000082d00000| Untracked 
|  46|0x0000000082e00000, 0x0000000082f00000, 0x0000000082f00000|100%|HS|  |TAMS 0x0000000082f00000, 0x0000000082e00000| Complete 
|  47|0x0000000082f00000, 0x0000000083000000, 0x0000000083000000|100%|HC|  |TAMS 0x0000000083000000, 0x0000000082f00000| Complete 
|  48|0x0000000083000000, 0x0000000083100000, 0x0000000083100000|100%|HC|  |TAMS 0x0000000083100000, 0x0000000083000000| Complete 
|  49|0x0000000083100000, 0x0000000083200000, 0x0000000083200000|100%|HC|  |TAMS 0x0000000083200000, 0x0000000083100000| Complete 
|  50|0x0000000083200000, 0x0000000083300000, 0x0000000083300000|100%| O|  |TAMS 0x0000000083300000, 0x0000000083200000| Untracked 
|  51|0x0000000083300000, 0x0000000083400000, 0x0000000083400000|100%| O|  |TAMS 0x0000000083400000, 0x0000000083300000| Untracked 
|  52|0x0000000083400000, 0x0000000083500000, 0x0000000083500000|100%| O|  |TAMS 0x0000000083500000, 0x0000000083400000| Untracked 
|  53|0x0000000083500000, 0x0000000083600000, 0x0000000083600000|100%|HS|  |TAMS 0x0000000083600000, 0x0000000083500000| Complete 
|  54|0x0000000083600000, 0x0000000083700000, 0x0000000083700000|100%|HC|  |TAMS 0x0000000083700000, 0x0000000083600000| Complete 
|  55|0x0000000083700000, 0x0000000083800000, 0x0000000083800000|100%|HC|  |TAMS 0x0000000083800000, 0x0000000083700000| Complete 
|  56|0x0000000083800000, 0x0000000083900000, 0x0000000083900000|100%|HC|  |TAMS 0x0000000083900000, 0x0000000083800000| Complete 
|  57|0x0000000083900000, 0x0000000083a00000, 0x0000000083a00000|100%| O|  |TAMS 0x0000000083a00000, 0x0000000083900000| Untracked 
|  58|0x0000000083a00000, 0x0000000083b00000, 0x0000000083b00000|100%|HS|  |TAMS 0x0000000083b00000, 0x0000000083a00000| Complete 
|  59|0x0000000083b00000, 0x0000000083c00000, 0x0000000083c00000|100%| O|  |TAMS 0x0000000083c00000, 0x0000000083b00000| Untracked 
|  60|0x0000000083c00000, 0x0000000083d00000, 0x0000000083d00000|100%| O|  |TAMS 0x0000000083d00000, 0x0000000083c00000| Untracked 
|  61|0x0000000083d00000, 0x0000000083e00000, 0x0000000083e00000|100%| O|  |TAMS 0x0000000083e00000, 0x0000000083d00000| Untracked 
|  62|0x0000000083e00000, 0x0000000083f00000, 0x0000000083f00000|100%| O|  |TAMS 0x0000000083f00000, 0x0000000083e00000| Untracked 
|  63|0x0000000083f00000, 0x0000000084000000, 0x0000000084000000|100%|HS|  |TAMS 0x0000000084000000, 0x0000000083f00000| Complete 
|  64|0x0000000084000000, 0x0000000084100000, 0x0000000084100000|100%| O|  |TAMS 0x0000000084100000, 0x0000000084000000| Untracked 
|  65|0x0000000084100000, 0x0000000084200000, 0x0000000084200000|100%|HS|  |TAMS 0x0000000084200000, 0x0000000084100000| Complete 
|  66|0x0000000084200000, 0x0000000084300000, 0x0000000084300000|100%|HS|  |TAMS 0x0000000084300000, 0x0000000084200000| Complete 
|  67|0x0000000084300000, 0x0000000084400000, 0x0000000084400000|100%| O|  |TAMS 0x0000000084400000, 0x0000000084300000| Untracked 
|  68|0x0000000084400000, 0x0000000084500000, 0x0000000084500000|100%| O|  |TAMS 0x0000000084500000, 0x0000000084400000| Untracked 
|  69|0x0000000084500000, 0x0000000084600000, 0x0000000084600000|100%| O|  |TAMS 0x0000000084600000, 0x0000000084500000| Untracked 
|  70|0x0000000084600000, 0x0000000084700000, 0x0000000084700000|100%|HS|  |TAMS 0x0000000084700000, 0x0000000084600000| Complete 
|  71|0x0000000084700000, 0x0000000084800000, 0x0000000084800000|100%| O|  |TAMS 0x0000000084800000, 0x0000000084700000| Untracked 
|  72|0x0000000084800000, 0x0000000084900000, 0x0000000084900000|100%| O|  |TAMS 0x0000000084900000, 0x0000000084800000| Untracked 
|  73|0x0000000084900000, 0x0000000084a00000, 0x0000000084a00000|100%| O|  |TAMS 0x0000000084a00000, 0x0000000084900000| Untracked 
|  74|0x0000000084a00000, 0x0000000084b00000, 0x0000000084b00000|100%| O|  |TAMS 0x0000000084b00000, 0x0000000084a00000| Untracked 
|  75|0x0000000084b00000, 0x0000000084c00000, 0x0000000084c00000|100%| O|  |TAMS 0x0000000084c00000, 0x0000000084b00000| Untracked 
|  76|0x0000000084c00000, 0x0000000084d00000, 0x0000000084d00000|100%| O|  |TAMS 0x0000000084d00000, 0x0000000084c00000| Untracked 
|  77|0x0000000084d00000, 0x0000000084e00000, 0x0000000084e00000|100%| O|  |TAMS 0x0000000084e00000, 0x0000000084d00000| Untracked 
|  78|0x0000000084e00000, 0x0000000084f00000, 0x0000000084f00000|100%| O|  |TAMS 0x0000000084f00000, 0x0000000084e00000| Untracked 
|  79|0x0000000084f00000, 0x0000000085000000, 0x0000000085000000|100%| O|  |TAMS 0x0000000085000000, 0x0000000084f00000| Untracked 
|  80|0x0000000085000000, 0x0000000085100000, 0x0000000085100000|100%| O|  |TAMS 0x0000000085100000, 0x0000000085000000| Untracked 
|  81|0x0000000085100000, 0x0000000085200000, 0x0000000085200000|100%| O|  |TAMS 0x0000000085200000, 0x0000000085100000| Untracked 
|  82|0x0000000085200000, 0x0000000085300000, 0x0000000085300000|100%| O|  |TAMS 0x0000000085300000, 0x0000000085200000| Untracked 
|  83|0x0000000085300000, 0x0000000085400000, 0x0000000085400000|100%| O|  |TAMS 0x0000000085400000, 0x0000000085300000| Untracked 
|  84|0x0000000085400000, 0x0000000085500000, 0x0000000085500000|100%| O|  |TAMS 0x0000000085500000, 0x0000000085400000| Untracked 
|  85|0x0000000085500000, 0x0000000085600000, 0x0000000085600000|100%| O|  |TAMS 0x0000000085600000, 0x0000000085500000| Untracked 
|  86|0x0000000085600000, 0x0000000085700000, 0x0000000085700000|100%| O|  |TAMS 0x0000000085700000, 0x0000000085600000| Untracked 
|  87|0x0000000085700000, 0x0000000085800000, 0x0000000085800000|100%| O|  |TAMS 0x0000000085800000, 0x0000000085700000| Untracked 
|  88|0x0000000085800000, 0x0000000085900000, 0x0000000085900000|100%| O|  |TAMS 0x0000000085900000, 0x0000000085800000| Untracked 
|  89|0x0000000085900000, 0x0000000085a00000, 0x0000000085a00000|100%| O|  |TAMS 0x0000000085a00000, 0x0000000085900000| Untracked 
|  90|0x0000000085a00000, 0x0000000085b00000, 0x0000000085b00000|100%| O|  |TAMS 0x0000000085b00000, 0x0000000085a00000| Untracked 
|  91|0x0000000085b00000, 0x0000000085c00000, 0x0000000085c00000|100%| O|  |TAMS 0x0000000085c00000, 0x0000000085b00000| Untracked 
|  92|0x0000000085c00000, 0x0000000085d00000, 0x0000000085d00000|100%| O|  |TAMS 0x0000000085d00000, 0x0000000085c00000| Untracked 
|  93|0x0000000085d00000, 0x0000000085e00000, 0x0000000085e00000|100%|HS|  |TAMS 0x0000000085e00000, 0x0000000085d00000| Complete 
|  94|0x0000000085e00000, 0x0000000085f00000, 0x0000000085f00000|100%|HS|  |TAMS 0x0000000085f00000, 0x0000000085e00000| Complete 
|  95|0x0000000085f00000, 0x0000000086000000, 0x0000000086000000|100%|HS|  |TAMS 0x0000000086000000, 0x0000000085f00000| Complete 
|  96|0x0000000086000000, 0x0000000086100000, 0x0000000086100000|100%|HC|  |TAMS 0x0000000086100000, 0x0000000086000000| Complete 
|  97|0x0000000086100000, 0x0000000086200000, 0x0000000086200000|100%| O|  |TAMS 0x0000000086200000, 0x0000000086100000| Untracked 
|  98|0x0000000086200000, 0x0000000086300000, 0x0000000086300000|100%| O|  |TAMS 0x0000000086300000, 0x0000000086200000| Untracked 
|  99|0x0000000086300000, 0x0000000086400000, 0x0000000086400000|100%| O|  |TAMS 0x0000000086400000, 0x0000000086300000| Untracked 
| 100|0x0000000086400000, 0x0000000086500000, 0x0000000086500000|100%| O|  |TAMS 0x0000000086500000, 0x0000000086400000| Untracked 
| 101|0x0000000086500000, 0x0000000086600000, 0x0000000086600000|100%| O|  |TAMS 0x0000000086600000, 0x0000000086500000| Untracked 
| 102|0x0000000086600000, 0x0000000086700000, 0x0000000086700000|100%| O|  |TAMS 0x0000000086700000, 0x0000000086600000| Untracked 
| 103|0x0000000086700000, 0x0000000086800000, 0x0000000086800000|100%| O|  |TAMS 0x0000000086800000, 0x0000000086700000| Untracked 
| 104|0x0000000086800000, 0x0000000086900000, 0x0000000086900000|100%| O|  |TAMS 0x0000000086900000, 0x0000000086800000| Untracked 
| 105|0x0000000086900000, 0x0000000086a00000, 0x0000000086a00000|100%| O|  |TAMS 0x0000000086a00000, 0x0000000086900000| Untracked 
| 106|0x0000000086a00000, 0x0000000086b00000, 0x0000000086b00000|100%| O|  |TAMS 0x0000000086b00000, 0x0000000086a00000| Untracked 
| 107|0x0000000086b00000, 0x0000000086c00000, 0x0000000086c00000|100%| O|  |TAMS 0x0000000086c00000, 0x0000000086b00000| Untracked 
| 108|0x0000000086c00000, 0x0000000086d00000, 0x0000000086d00000|100%| O|  |TAMS 0x0000000086d00000, 0x0000000086c00000| Untracked 
| 109|0x0000000086d00000, 0x0000000086e00000, 0x0000000086e00000|100%| O|  |TAMS 0x0000000086e00000, 0x0000000086d00000| Untracked 
| 110|0x0000000086e00000, 0x0000000086f00000, 0x0000000086f00000|100%| O|  |TAMS 0x0000000086f00000, 0x0000000086e00000| Untracked 
| 111|0x0000000086f00000, 0x0000000087000000, 0x0000000087000000|100%| O|  |TAMS 0x0000000087000000, 0x0000000086f00000| Untracked 
| 112|0x0000000087000000, 0x0000000087100000, 0x0000000087100000|100%| O|  |TAMS 0x0000000087100000, 0x0000000087000000| Untracked 
| 113|0x0000000087100000, 0x0000000087200000, 0x0000000087200000|100%| O|  |TAMS 0x0000000087200000, 0x0000000087100000| Untracked 
| 114|0x0000000087200000, 0x0000000087300000, 0x0000000087300000|100%| O|  |TAMS 0x0000000087300000, 0x0000000087200000| Untracked 
| 115|0x0000000087300000, 0x0000000087400000, 0x0000000087400000|100%| O|  |TAMS 0x0000000087400000, 0x0000000087300000| Untracked 
| 116|0x0000000087400000, 0x0000000087500000, 0x0000000087500000|100%| O|  |TAMS 0x0000000087500000, 0x0000000087400000| Untracked 
| 117|0x0000000087500000, 0x0000000087600000, 0x0000000087600000|100%| O|  |TAMS 0x0000000087600000, 0x0000000087500000| Untracked 
| 118|0x0000000087600000, 0x0000000087700000, 0x0000000087700000|100%| O|  |TAMS 0x0000000087700000, 0x0000000087600000| Untracked 
| 119|0x0000000087700000, 0x0000000087800000, 0x0000000087800000|100%| O|  |TAMS 0x0000000087800000, 0x0000000087700000| Untracked 
| 120|0x0000000087800000, 0x0000000087900000, 0x0000000087900000|100%| O|  |TAMS 0x0000000087900000, 0x0000000087800000| Untracked 
| 121|0x0000000087900000, 0x0000000087900000, 0x0000000087a00000|  0%| F|  |TAMS 0x0000000087900000, 0x0000000087900000| Untracked 
| 122|0x0000000087a00000, 0x0000000087b00000, 0x0000000087b00000|100%|HS|  |TAMS 0x0000000087b00000, 0x0000000087a00000| Complete 
| 123|0x0000000087b00000, 0x0000000087c00000, 0x0000000087c00000|100%| O|  |TAMS 0x0000000087b00000, 0x0000000087b00000| Untracked 
| 124|0x0000000087c00000, 0x0000000087d00000, 0x0000000087d00000|100%| O|  |TAMS 0x0000000087c00000, 0x0000000087c00000| Untracked 
| 125|0x0000000087d00000, 0x0000000087e00000, 0x0000000087e00000|100%| O|  |TAMS 0x0000000087d00000, 0x0000000087d00000| Untracked 
| 126|0x0000000087e00000, 0x0000000087f00000, 0x0000000087f00000|100%| O|  |TAMS 0x0000000087e00000, 0x0000000087e00000| Untracked 
| 127|0x0000000087f00000, 0x0000000088000000, 0x0000000088000000|100%| O|  |TAMS 0x0000000087f00000, 0x0000000087f00000| Untracked 
| 128|0x0000000088000000, 0x0000000088100000, 0x0000000088100000|100%| O|  |TAMS 0x0000000088000000, 0x0000000088000000| Untracked 
| 129|0x0000000088100000, 0x0000000088200000, 0x0000000088200000|100%| O|  |TAMS 0x0000000088100000, 0x0000000088100000| Untracked 
| 130|0x0000000088200000, 0x0000000088300000, 0x0000000088300000|100%| O|  |TAMS 0x0000000088200000, 0x0000000088200000| Untracked 
| 131|0x0000000088300000, 0x0000000088400000, 0x0000000088400000|100%| O|  |TAMS 0x0000000088300000, 0x0000000088300000| Untracked 
| 132|0x0000000088400000, 0x0000000088500000, 0x0000000088500000|100%| O|  |TAMS 0x0000000088400000, 0x0000000088400000| Untracked 
| 133|0x0000000088500000, 0x0000000088600000, 0x0000000088600000|100%| O|  |TAMS 0x0000000088500000, 0x0000000088500000| Untracked 
| 134|0x0000000088600000, 0x0000000088700000, 0x0000000088700000|100%| O|  |TAMS 0x0000000088600000, 0x0000000088600000| Untracked 
| 135|0x0000000088700000, 0x0000000088800000, 0x0000000088800000|100%| O|  |TAMS 0x0000000088700000, 0x0000000088700000| Untracked 
| 136|0x0000000088800000, 0x0000000088900000, 0x0000000088900000|100%| O|  |TAMS 0x0000000088800000, 0x0000000088800000| Untracked 
| 137|0x0000000088900000, 0x000000008895e408, 0x0000000088a00000| 36%| O|  |TAMS 0x0000000088900000, 0x0000000088900000| Untracked 
| 138|0x0000000088a00000, 0x0000000088a00000, 0x0000000088b00000|  0%| F|  |TAMS 0x0000000088a00000, 0x0000000088a00000| Untracked 
| 139|0x0000000088b00000, 0x0000000088b00000, 0x0000000088c00000|  0%| F|  |TAMS 0x0000000088b00000, 0x0000000088b00000| Untracked 
| 140|0x0000000088c00000, 0x0000000088c00000, 0x0000000088d00000|  0%| F|  |TAMS 0x0000000088c00000, 0x0000000088c00000| Untracked 
| 141|0x0000000088d00000, 0x0000000088d00000, 0x0000000088e00000|  0%| F|  |TAMS 0x0000000088d00000, 0x0000000088d00000| Untracked 
| 142|0x0000000088e00000, 0x0000000088e00000, 0x0000000088f00000|  0%| F|  |TAMS 0x0000000088e00000, 0x0000000088e00000| Untracked 
| 143|0x0000000088f00000, 0x0000000088f00000, 0x0000000089000000|  0%| F|  |TAMS 0x0000000088f00000, 0x0000000088f00000| Untracked 
| 144|0x0000000089000000, 0x0000000089000000, 0x0000000089100000|  0%| F|  |TAMS 0x0000000089000000, 0x0000000089000000| Untracked 
| 145|0x0000000089100000, 0x0000000089100000, 0x0000000089200000|  0%| F|  |TAMS 0x0000000089100000, 0x0000000089100000| Untracked 
| 146|0x0000000089200000, 0x0000000089200000, 0x0000000089300000|  0%| F|  |TAMS 0x0000000089200000, 0x0000000089200000| Untracked 
| 147|0x0000000089300000, 0x0000000089300000, 0x0000000089400000|  0%| F|  |TAMS 0x0000000089300000, 0x0000000089300000| Untracked 
| 148|0x0000000089400000, 0x0000000089400000, 0x0000000089500000|  0%| F|  |TAMS 0x0000000089400000, 0x0000000089400000| Untracked 
| 149|0x0000000089500000, 0x0000000089500000, 0x0000000089600000|  0%| F|  |TAMS 0x0000000089500000, 0x0000000089500000| Untracked 
| 150|0x0000000089600000, 0x0000000089600000, 0x0000000089700000|  0%| F|  |TAMS 0x0000000089600000, 0x0000000089600000| Untracked 
| 151|0x0000000089700000, 0x0000000089700000, 0x0000000089800000|  0%| F|  |TAMS 0x0000000089700000, 0x0000000089700000| Untracked 
| 152|0x0000000089800000, 0x0000000089800000, 0x0000000089900000|  0%| F|  |TAMS 0x0000000089800000, 0x0000000089800000| Untracked 
| 153|0x0000000089900000, 0x0000000089900000, 0x0000000089a00000|  0%| F|  |TAMS 0x0000000089900000, 0x0000000089900000| Untracked 
| 154|0x0000000089a00000, 0x0000000089a00000, 0x0000000089b00000|  0%| F|  |TAMS 0x0000000089a00000, 0x0000000089a00000| Untracked 
| 155|0x0000000089b00000, 0x0000000089b00000, 0x0000000089c00000|  0%| F|  |TAMS 0x0000000089b00000, 0x0000000089b00000| Untracked 
| 156|0x0000000089c00000, 0x0000000089c00000, 0x0000000089d00000|  0%| F|  |TAMS 0x0000000089c00000, 0x0000000089c00000| Untracked 
| 157|0x0000000089d00000, 0x0000000089d00000, 0x0000000089e00000|  0%| F|  |TAMS 0x0000000089d00000, 0x0000000089d00000| Untracked 
| 158|0x0000000089e00000, 0x0000000089e00000, 0x0000000089f00000|  0%| F|  |TAMS 0x0000000089e00000, 0x0000000089e00000| Untracked 
| 159|0x0000000089f00000, 0x0000000089f00000, 0x000000008a000000|  0%| F|  |TAMS 0x0000000089f00000, 0x0000000089f00000| Untracked 
| 160|0x000000008a000000, 0x000000008a000000, 0x000000008a100000|  0%| F|  |TAMS 0x000000008a000000, 0x000000008a000000| Untracked 
| 161|0x000000008a100000, 0x000000008a100000, 0x000000008a200000|  0%| F|  |TAMS 0x000000008a100000, 0x000000008a100000| Untracked 
| 162|0x000000008a200000, 0x000000008a200000, 0x000000008a300000|  0%| F|  |TAMS 0x000000008a200000, 0x000000008a200000| Untracked 
| 163|0x000000008a300000, 0x000000008a300000, 0x000000008a400000|  0%| F|  |TAMS 0x000000008a300000, 0x000000008a300000| Untracked 
| 164|0x000000008a400000, 0x000000008a400000, 0x000000008a500000|  0%| F|  |TAMS 0x000000008a400000, 0x000000008a400000| Untracked 
| 165|0x000000008a500000, 0x000000008a500000, 0x000000008a600000|  0%| F|  |TAMS 0x000000008a500000, 0x000000008a500000| Untracked 
| 166|0x000000008a600000, 0x000000008a600000, 0x000000008a700000|  0%| F|  |TAMS 0x000000008a600000, 0x000000008a600000| Untracked 
| 167|0x000000008a700000, 0x000000008a700000, 0x000000008a800000|  0%| F|  |TAMS 0x000000008a700000, 0x000000008a700000| Untracked 
| 168|0x000000008a800000, 0x000000008a800000, 0x000000008a900000|  0%| F|  |TAMS 0x000000008a800000, 0x000000008a800000| Untracked 
| 169|0x000000008a900000, 0x000000008a900000, 0x000000008aa00000|  0%| F|  |TAMS 0x000000008a900000, 0x000000008a900000| Untracked 
| 170|0x000000008aa00000, 0x000000008aa00000, 0x000000008ab00000|  0%| F|  |TAMS 0x000000008aa00000, 0x000000008aa00000| Untracked 
| 171|0x000000008ab00000, 0x000000008ab00000, 0x000000008ac00000|  0%| F|  |TAMS 0x000000008ab00000, 0x000000008ab00000| Untracked 
| 172|0x000000008ac00000, 0x000000008ac00000, 0x000000008ad00000|  0%| F|  |TAMS 0x000000008ac00000, 0x000000008ac00000| Untracked 
| 173|0x000000008ad00000, 0x000000008ad00000, 0x000000008ae00000|  0%| F|  |TAMS 0x000000008ad00000, 0x000000008ad00000| Untracked 
| 174|0x000000008ae00000, 0x000000008ae00000, 0x000000008af00000|  0%| F|  |TAMS 0x000000008ae00000, 0x000000008ae00000| Untracked 
| 175|0x000000008af00000, 0x000000008af00000, 0x000000008b000000|  0%| F|  |TAMS 0x000000008af00000, 0x000000008af00000| Untracked 
| 176|0x000000008b000000, 0x000000008b000000, 0x000000008b100000|  0%| F|  |TAMS 0x000000008b000000, 0x000000008b000000| Untracked 
| 177|0x000000008b100000, 0x000000008b100000, 0x000000008b200000|  0%| F|  |TAMS 0x000000008b100000, 0x000000008b100000| Untracked 
| 178|0x000000008b200000, 0x000000008b200000, 0x000000008b300000|  0%| F|  |TAMS 0x000000008b200000, 0x000000008b200000| Untracked 
| 179|0x000000008b300000, 0x000000008b300000, 0x000000008b400000|  0%| F|  |TAMS 0x000000008b300000, 0x000000008b300000| Untracked 
| 180|0x000000008b400000, 0x000000008b400000, 0x000000008b500000|  0%| F|  |TAMS 0x000000008b400000, 0x000000008b400000| Untracked 
| 181|0x000000008b500000, 0x000000008b500000, 0x000000008b600000|  0%| F|  |TAMS 0x000000008b500000, 0x000000008b500000| Untracked 
| 182|0x000000008b600000, 0x000000008b600000, 0x000000008b700000|  0%| F|  |TAMS 0x000000008b600000, 0x000000008b600000| Untracked 
| 183|0x000000008b700000, 0x000000008b700000, 0x000000008b800000|  0%| F|  |TAMS 0x000000008b700000, 0x000000008b700000| Untracked 
| 184|0x000000008b800000, 0x000000008b800000, 0x000000008b900000|  0%| F|  |TAMS 0x000000008b800000, 0x000000008b800000| Untracked 
| 185|0x000000008b900000, 0x000000008b900000, 0x000000008ba00000|  0%| F|  |TAMS 0x000000008b900000, 0x000000008b900000| Untracked 
| 186|0x000000008ba00000, 0x000000008ba00000, 0x000000008bb00000|  0%| F|  |TAMS 0x000000008ba00000, 0x000000008ba00000| Untracked 
| 187|0x000000008bb00000, 0x000000008bb00000, 0x000000008bc00000|  0%| F|  |TAMS 0x000000008bb00000, 0x000000008bb00000| Untracked 
| 188|0x000000008bc00000, 0x000000008bc00000, 0x000000008bd00000|  0%| F|  |TAMS 0x000000008bc00000, 0x000000008bc00000| Untracked 
| 189|0x000000008bd00000, 0x000000008bd00000, 0x000000008be00000|  0%| F|  |TAMS 0x000000008bd00000, 0x000000008bd00000| Untracked 
| 190|0x000000008be00000, 0x000000008be00000, 0x000000008bf00000|  0%| F|  |TAMS 0x000000008be00000, 0x000000008be00000| Untracked 
| 191|0x000000008bf00000, 0x000000008bf00000, 0x000000008c000000|  0%| F|  |TAMS 0x000000008bf00000, 0x000000008bf00000| Untracked 
| 192|0x000000008c000000, 0x000000008c000000, 0x000000008c100000|  0%| F|  |TAMS 0x000000008c000000, 0x000000008c000000| Untracked 
| 193|0x000000008c100000, 0x000000008c100000, 0x000000008c200000|  0%| F|  |TAMS 0x000000008c100000, 0x000000008c100000| Untracked 
| 194|0x000000008c200000, 0x000000008c200000, 0x000000008c300000|  0%| F|  |TAMS 0x000000008c200000, 0x000000008c200000| Untracked 
| 195|0x000000008c300000, 0x000000008c300000, 0x000000008c400000|  0%| F|  |TAMS 0x000000008c300000, 0x000000008c300000| Untracked 
| 196|0x000000008c400000, 0x000000008c400000, 0x000000008c500000|  0%| F|  |TAMS 0x000000008c400000, 0x000000008c400000| Untracked 
| 197|0x000000008c500000, 0x000000008c500000, 0x000000008c600000|  0%| F|  |TAMS 0x000000008c500000, 0x000000008c500000| Untracked 
| 198|0x000000008c600000, 0x000000008c600000, 0x000000008c700000|  0%| F|  |TAMS 0x000000008c600000, 0x000000008c600000| Untracked 
| 199|0x000000008c700000, 0x000000008c700000, 0x000000008c800000|  0%| F|  |TAMS 0x000000008c700000, 0x000000008c700000| Untracked 
| 200|0x000000008c800000, 0x000000008c800000, 0x000000008c900000|  0%| F|  |TAMS 0x000000008c800000, 0x000000008c800000| Untracked 
| 201|0x000000008c900000, 0x000000008c900000, 0x000000008ca00000|  0%| F|  |TAMS 0x000000008c900000, 0x000000008c900000| Untracked 
| 202|0x000000008ca00000, 0x000000008ca00000, 0x000000008cb00000|  0%| F|  |TAMS 0x000000008ca00000, 0x000000008ca00000| Untracked 
| 203|0x000000008cb00000, 0x000000008cb00000, 0x000000008cc00000|  0%| F|  |TAMS 0x000000008cb00000, 0x000000008cb00000| Untracked 
| 204|0x000000008cc00000, 0x000000008cc00000, 0x000000008cd00000|  0%| F|  |TAMS 0x000000008cc00000, 0x000000008cc00000| Untracked 
| 205|0x000000008cd00000, 0x000000008cd00000, 0x000000008ce00000|  0%| F|  |TAMS 0x000000008cd00000, 0x000000008cd00000| Untracked 
| 206|0x000000008ce00000, 0x000000008ce00000, 0x000000008cf00000|  0%| F|  |TAMS 0x000000008ce00000, 0x000000008ce00000| Untracked 
| 207|0x000000008cf00000, 0x000000008cf00000, 0x000000008d000000|  0%| F|  |TAMS 0x000000008cf00000, 0x000000008cf00000| Untracked 
| 208|0x000000008d000000, 0x000000008d000000, 0x000000008d100000|  0%| F|  |TAMS 0x000000008d000000, 0x000000008d000000| Untracked 
| 209|0x000000008d100000, 0x000000008d100000, 0x000000008d200000|  0%| F|  |TAMS 0x000000008d100000, 0x000000008d100000| Untracked 
| 210|0x000000008d200000, 0x000000008d200000, 0x000000008d300000|  0%| F|  |TAMS 0x000000008d200000, 0x000000008d200000| Untracked 
| 211|0x000000008d300000, 0x000000008d300000, 0x000000008d400000|  0%| F|  |TAMS 0x000000008d300000, 0x000000008d300000| Untracked 
| 212|0x000000008d400000, 0x000000008d400000, 0x000000008d500000|  0%| F|  |TAMS 0x000000008d400000, 0x000000008d400000| Untracked 
| 213|0x000000008d500000, 0x000000008d500000, 0x000000008d600000|  0%| F|  |TAMS 0x000000008d500000, 0x000000008d500000| Untracked 
| 214|0x000000008d600000, 0x000000008d600000, 0x000000008d700000|  0%| F|  |TAMS 0x000000008d600000, 0x000000008d600000| Untracked 
| 215|0x000000008d700000, 0x000000008d700000, 0x000000008d800000|  0%| F|  |TAMS 0x000000008d700000, 0x000000008d700000| Untracked 
| 216|0x000000008d800000, 0x000000008d800000, 0x000000008d900000|  0%| F|  |TAMS 0x000000008d800000, 0x000000008d800000| Untracked 
| 217|0x000000008d900000, 0x000000008d900000, 0x000000008da00000|  0%| F|  |TAMS 0x000000008d900000, 0x000000008d900000| Untracked 
| 218|0x000000008da00000, 0x000000008da00000, 0x000000008db00000|  0%| F|  |TAMS 0x000000008da00000, 0x000000008da00000| Untracked 
| 219|0x000000008db00000, 0x000000008db00000, 0x000000008dc00000|  0%| F|  |TAMS 0x000000008db00000, 0x000000008db00000| Untracked 
| 220|0x000000008dc00000, 0x000000008dc00000, 0x000000008dd00000|  0%| F|  |TAMS 0x000000008dc00000, 0x000000008dc00000| Untracked 
| 221|0x000000008dd00000, 0x000000008dd00000, 0x000000008de00000|  0%| F|  |TAMS 0x000000008dd00000, 0x000000008dd00000| Untracked 
| 222|0x000000008de00000, 0x000000008dea8cc8, 0x000000008df00000| 65%| S|CS|TAMS 0x000000008de00000, 0x000000008de00000| Complete 
| 223|0x000000008df00000, 0x000000008df00000, 0x000000008e000000|  0%| F|  |TAMS 0x000000008df00000, 0x000000008df00000| Untracked 
| 224|0x000000008e000000, 0x000000008e000000, 0x000000008e100000|  0%| F|  |TAMS 0x000000008e000000, 0x000000008e000000| Untracked 
| 225|0x000000008e100000, 0x000000008e100000, 0x000000008e200000|  0%| F|  |TAMS 0x000000008e100000, 0x000000008e100000| Untracked 
| 226|0x000000008e200000, 0x000000008e200000, 0x000000008e300000|  0%| F|  |TAMS 0x000000008e200000, 0x000000008e200000| Untracked 
| 227|0x000000008e300000, 0x000000008e300000, 0x000000008e400000|  0%| F|  |TAMS 0x000000008e300000, 0x000000008e300000| Untracked 
| 228|0x000000008e400000, 0x000000008e400000, 0x000000008e500000|  0%| F|  |TAMS 0x000000008e400000, 0x000000008e400000| Untracked 
| 229|0x000000008e500000, 0x000000008e500000, 0x000000008e600000|  0%| F|  |TAMS 0x000000008e500000, 0x000000008e500000| Untracked 

Card table byte_map: [0x000002a000400000,0x000002a000800000] _byte_map_base: 0x000002a000000000

Marking Bits (Prev, Next): (CMBitMap*) 0x000002a069019b30, (CMBitMap*) 0x000002a069019af0
 Prev Bits: [0x000002a002c00000, 0x000002a004c00000)
 Next Bits: [0x000002a000c00000, 0x000002a002c00000)

Polling page: 0x000002a066f60000

Metaspace:

Usage:
  Non-class:     81.70 MB used.
      Class:     13.33 MB used.
       Both:     95.04 MB used.

Virtual space:
  Non-class space:      128.00 MB reserved,      82.25 MB ( 64%) committed,  2 nodes.
      Class space:      416.00 MB reserved,      13.81 MB (  3%) committed,  1 nodes.
             Both:      544.00 MB reserved,      96.06 MB ( 18%) committed. 

Chunk freelists:
   Non-Class:  12.95 MB
       Class:  2.22 MB
        Both:  15.18 MB

MaxMetaspaceSize: 512.00 MB
CompressedClassSpaceSize: 416.00 MB
Initial GC threshold: 21.00 MB
Current GC threshold: 157.31 MB
CDS: on
MetaspaceReclaimPolicy: balanced
 - commit_granule_bytes: 65536.
 - commit_granule_words: 8192.
 - virtual_space_node_default_size: 8388608.
 - enlarge_chunks_in_place: 1.
 - new_chunks_are_fully_committed: 0.
 - uncommit_free_chunks: 1.
 - use_allocation_guard: 0.
 - handle_deallocations: 1.


Internal statistics:

num_allocs_failed_limit: 6.
num_arena_births: 1242.
num_arena_deaths: 0.
num_vsnodes_births: 3.
num_vsnodes_deaths: 0.
num_space_committed: 1537.
num_space_uncommitted: 0.
num_chunks_returned_to_freelist: 6.
num_chunks_taken_from_freelist: 5298.
num_chunk_merges: 6.
num_chunk_splits: 3462.
num_chunks_enlarged: 2232.
num_inconsistent_stats: 0.

CodeHeap 'non-profiled nmethods': size=120000Kb used=6914Kb max_used=6914Kb free=113085Kb
 bounds [0x000002a078330000, 0x000002a078a00000, 0x000002a07f860000]
CodeHeap 'profiled nmethods': size=120000Kb used=21378Kb max_used=21378Kb free=98621Kb
 bounds [0x000002a070860000, 0x000002a071d50000, 0x000002a077d90000]
CodeHeap 'non-nmethods': size=5760Kb used=2443Kb max_used=2494Kb free=3316Kb
 bounds [0x000002a077d90000, 0x000002a078010000, 0x000002a078330000]
 total_blobs=11561 nmethods=10579 adapters=894
 compilation: enabled
              stopped_count=0, restarted_count=0
 full_count=0

Compilation events (20 events):
Event: 38.986 Thread 0x000002a00763ce80 nmethod 12083 0x000002a071d33b10 code [0x000002a071d33da0, 0x000002a071d349d8]
Event: 38.989 Thread 0x000002a00763ce80 12084       3       java.io.File::<init> (47 bytes)
Event: 38.990 Thread 0x000002a00763ce80 nmethod 12084 0x000002a071d34e90 code [0x000002a071d35060, 0x000002a071d353e8]
Event: 38.994 Thread 0x000002a00763ce80 12085       3       java.lang.invoke.BoundMethodHandle::speciesDataFor (32 bytes)
Event: 38.995 Thread 0x000002a00763ce80 nmethod 12085 0x000002a071d35510 code [0x000002a071d356c0, 0x000002a071d35a58]
Event: 38.995 Thread 0x000002a00763ce80 12086       3       java.lang.invoke.ClassSpecializer$SpeciesData::getterFunction (78 bytes)
Event: 38.995 Thread 0x000002a00763ce80 nmethod 12086 0x000002a071d35b90 code [0x000002a071d35d40, 0x000002a071d36048]
Event: 38.995 Thread 0x000002a00763ce80 12087       3       java.lang.invoke.LambdaFormEditor::oldSpeciesData (8 bytes)
Event: 38.996 Thread 0x000002a00763ce80 nmethod 12087 0x000002a071d36190 code [0x000002a071d36360, 0x000002a071d36778]
Event: 39.004 Thread 0x000002a00763ce80 12090   !   3       com.google.gson.Gson::getAdapter (258 bytes)
Event: 39.006 Thread 0x000002a00763ce80 nmethod 12090 0x000002a071d36890 code [0x000002a071d36ce0, 0x000002a071d39128]
Event: 39.006 Thread 0x000002a00763ce80 12091       3       com.google.gson.internal.$Gson$Types::resolve (499 bytes)
Event: 39.008 Thread 0x000002a007636d10 12095       4       sun.reflect.annotation.AnnotationParser::parseStringArray (85 bytes)
Event: 39.008 Thread 0x000002a00763ce80 nmethod 12091 0x000002a071d39f90 code [0x000002a071d3a460, 0x000002a071d3d3a8]
Event: 39.008 Thread 0x000002a00763ce80 12092       3       com.google.gson.internal.$Gson$Types::getRawType (157 bytes)
Event: 39.010 Thread 0x000002a00763ce80 nmethod 12092 0x000002a071d3e090 code [0x000002a071d3e440, 0x000002a071d40078]
Event: 39.010 Thread 0x000002a00763ce80 12093       3       jdk.internal.reflect.UnsafeQualifiedStaticObjectFieldAccessorImpl::get (15 bytes)
Event: 39.010 Thread 0x000002a00763ce80 nmethod 12093 0x000002a071d40710 code [0x000002a071d408a0, 0x000002a071d40a18]
Event: 39.010 Thread 0x000002a00763ce80 12094       1       java.lang.reflect.Field::getGenericSignature (5 bytes)
Event: 39.011 Thread 0x000002a00763ce80 nmethod 12094 0x000002a0789f0610 code [0x000002a0789f07a0, 0x000002a0789f0878]

GC Heap History (20 events):
Event: 26.406 GC heap after
{Heap after GC invocations=47 (full 0):
 garbage-first heap   total 152576K, used 87672K [0x0000000080000000, 0x0000000100000000)
  region size 1024K, 3 young (3072K), 3 survivors (3072K)
 Metaspace       used 79941K, committed 80640K, reserved 557056K
  class space    used 11096K, committed 11456K, reserved 425984K
}
Event: 26.459 GC heap before
{Heap before GC invocations=47 (full 0):
 garbage-first heap   total 152576K, used 90744K [0x0000000080000000, 0x0000000100000000)
  region size 1024K, 7 young (7168K), 3 survivors (3072K)
 Metaspace       used 80256K, committed 80960K, reserved 557056K
  class space    used 11137K, committed 11456K, reserved 425984K
}
Event: 26.464 GC heap after
{Heap after GC invocations=48 (full 0):
 garbage-first heap   total 201728K, used 87769K [0x0000000080000000, 0x0000000100000000)
  region size 1024K, 1 young (1024K), 1 survivors (1024K)
 Metaspace       used 80256K, committed 80960K, reserved 557056K
  class space    used 11137K, committed 11456K, reserved 425984K
}
Event: 33.253 GC heap before
{Heap before GC invocations=48 (full 0):
 garbage-first heap   total 201728K, used 150233K [0x0000000080000000, 0x0000000100000000)
  region size 1024K, 62 young (63488K), 1 survivors (1024K)
 Metaspace       used 82112K, committed 82816K, reserved 557056K
  class space    used 11388K, committed 11712K, reserved 425984K
}
Event: 33.258 GC heap after
{Heap after GC invocations=49 (full 0):
 garbage-first heap   total 201728K, used 91680K [0x0000000080000000, 0x0000000100000000)
  region size 1024K, 5 young (5120K), 5 survivors (5120K)
 Metaspace       used 82112K, committed 82816K, reserved 557056K
  class space    used 11388K, committed 11712K, reserved 425984K
}
Event: 34.220 GC heap before
{Heap before GC invocations=49 (full 0):
 garbage-first heap   total 201728K, used 155168K [0x0000000080000000, 0x0000000100000000)
  region size 1024K, 66 young (67584K), 5 survivors (5120K)
 Metaspace       used 85983K, committed 86720K, reserved 557056K
  class space    used 11968K, committed 12288K, reserved 425984K
}
Event: 34.230 GC heap after
{Heap after GC invocations=50 (full 0):
 garbage-first heap   total 201728K, used 94628K [0x0000000080000000, 0x0000000100000000)
  region size 1024K, 8 young (8192K), 8 survivors (8192K)
 Metaspace       used 85983K, committed 86720K, reserved 557056K
  class space    used 11968K, committed 12288K, reserved 425984K
}
Event: 35.112 GC heap before
{Heap before GC invocations=50 (full 0):
 garbage-first heap   total 201728K, used 158116K [0x0000000080000000, 0x0000000100000000)
  region size 1024K, 70 young (71680K), 8 survivors (8192K)
 Metaspace       used 90306K, committed 91008K, reserved 557056K
  class space    used 12697K, committed 13056K, reserved 425984K
}
Event: 35.123 GC heap after
{Heap after GC invocations=51 (full 0):
 garbage-first heap   total 201728K, used 97631K [0x0000000080000000, 0x0000000100000000)
  region size 1024K, 6 young (6144K), 6 survivors (6144K)
 Metaspace       used 90306K, committed 91008K, reserved 557056K
  class space    used 12697K, committed 13056K, reserved 425984K
}
Event: 36.056 GC heap before
{Heap before GC invocations=51 (full 0):
 garbage-first heap   total 201728K, used 161119K [0x0000000080000000, 0x0000000100000000)
  region size 1024K, 68 young (69632K), 6 survivors (6144K)
 Metaspace       used 92535K, committed 93376K, reserved 557056K
  class space    used 13047K, committed 13440K, reserved 425984K
}
Event: 36.067 GC heap after
{Heap after GC invocations=52 (full 0):
 garbage-first heap   total 201728K, used 104324K [0x0000000080000000, 0x0000000100000000)
  region size 1024K, 9 young (9216K), 9 survivors (9216K)
 Metaspace       used 92535K, committed 93376K, reserved 557056K
  class space    used 13047K, committed 13440K, reserved 425984K
}
Event: 37.526 GC heap before
{Heap before GC invocations=53 (full 0):
 garbage-first heap   total 201728K, used 165764K [0x0000000080000000, 0x0000000100000000)
  region size 1024K, 66 young (67584K), 9 survivors (9216K)
 Metaspace       used 93667K, committed 94656K, reserved 557056K
  class space    used 13194K, committed 13632K, reserved 425984K
}
Event: 37.548 GC heap after
{Heap after GC invocations=54 (full 0):
 garbage-first heap   total 201728K, used 123450K [0x0000000080000000, 0x0000000100000000)
  region size 1024K, 9 young (9216K), 9 survivors (9216K)
 Metaspace       used 93667K, committed 94656K, reserved 557056K
  class space    used 13194K, committed 13632K, reserved 425984K
}
Event: 37.551 GC heap before
{Heap before GC invocations=54 (full 0):
 garbage-first heap   total 201728K, used 124474K [0x0000000080000000, 0x0000000100000000)
  region size 1024K, 10 young (10240K), 9 survivors (9216K)
 Metaspace       used 93667K, committed 94656K, reserved 557056K
  class space    used 13194K, committed 13632K, reserved 425984K
}
Event: 37.559 GC heap after
{Heap after GC invocations=55 (full 0):
 garbage-first heap   total 201728K, used 124504K [0x0000000080000000, 0x0000000100000000)
  region size 1024K, 1 young (1024K), 1 survivors (1024K)
 Metaspace       used 93667K, committed 94656K, reserved 557056K
  class space    used 13194K, committed 13632K, reserved 425984K
}
Event: 38.356 GC heap before
{Heap before GC invocations=55 (full 0):
 garbage-first heap   total 201728K, used 165464K [0x0000000080000000, 0x0000000100000000)
  region size 1024K, 38 young (38912K), 1 survivors (1024K)
 Metaspace       used 95368K, committed 96384K, reserved 557056K
  class space    used 13358K, committed 13824K, reserved 425984K
}
Event: 38.363 GC heap after
{Heap after GC invocations=56 (full 0):
 garbage-first heap   total 201728K, used 134612K [0x0000000080000000, 0x0000000100000000)
  region size 1024K, 5 young (5120K), 5 survivors (5120K)
 Metaspace       used 95368K, committed 96384K, reserved 557056K
  class space    used 13358K, committed 13824K, reserved 425984K
}
Event: 38.847 GC heap before
{Heap before GC invocations=57 (full 0):
 garbage-first heap   total 235520K, used 161236K [0x0000000080000000, 0x0000000100000000)
  region size 1024K, 32 young (32768K), 5 survivors (5120K)
 Metaspace       used 96660K, committed 97728K, reserved 557056K
  class space    used 13570K, committed 14080K, reserved 425984K
}
Event: 38.860 GC heap after
{Heap after GC invocations=58 (full 0):
 garbage-first heap   total 235520K, used 139673K [0x0000000080000000, 0x0000000100000000)
  region size 1024K, 4 young (4096K), 4 survivors (4096K)
 Metaspace       used 96660K, committed 97728K, reserved 557056K
  class space    used 13570K, committed 14080K, reserved 425984K
}
Event: 39.014 GC heap before
{Heap before GC invocations=58 (full 0):
 garbage-first heap   total 235520K, used 145817K [0x0000000080000000, 0x0000000100000000)
  region size 1024K, 11 young (11264K), 4 survivors (4096K)
 Metaspace       used 97316K, committed 98368K, reserved 557056K
  class space    used 13651K, committed 14144K, reserved 425984K
}

Deoptimization events (20 events):
Event: 38.842 Thread 0x000002a027f77e90 Uncommon trap: trap_request=0xfffffff4 fr.pc=0x000002a0786fd868 relative=0x00000000000002c8
Event: 38.842 Thread 0x000002a027f77e90 Uncommon trap: reason=null_check action=make_not_entrant pc=0x000002a0786fd868 method=sun.invoke.util.VerifyType.isNullConversion(Ljava/lang/Class;Ljava/lang/Class;Z)Z @ 67 c2
Event: 38.842 Thread 0x000002a027f77e90 DEOPT PACKING pc=0x000002a0786fd868 sp=0x000000bf9baf89e0
Event: 38.842 Thread 0x000002a027f77e90 DEOPT UNPACKING pc=0x000002a077de23a3 sp=0x000000bf9baf8960 mode 2
Event: 38.904 Thread 0x000002a027f77e90 Uncommon trap: trap_request=0xffffff45 fr.pc=0x000002a0786902c8 relative=0x0000000000000348
Event: 38.904 Thread 0x000002a027f77e90 Uncommon trap: reason=unstable_if action=reinterpret pc=0x000002a0786902c8 method=com.google.gson.stream.JsonReader.doPeek()I @ 525 c2
Event: 38.904 Thread 0x000002a027f77e90 DEOPT PACKING pc=0x000002a0786902c8 sp=0x000000bf9baf8d20
Event: 38.904 Thread 0x000002a027f77e90 DEOPT UNPACKING pc=0x000002a077de23a3 sp=0x000000bf9baf8ca0 mode 2
Event: 38.979 Thread 0x000002a027f77e90 Uncommon trap: trap_request=0xffffff45 fr.pc=0x000002a0783951bc relative=0x000000000000051c
Event: 38.979 Thread 0x000002a027f77e90 Uncommon trap: reason=unstable_if action=reinterpret pc=0x000002a0783951bc method=java.io.WinNTFileSystem.isLetter(C)Z @ 21 c2
Event: 38.979 Thread 0x000002a027f77e90 DEOPT PACKING pc=0x000002a0783951bc sp=0x000000bf9baf9120
Event: 38.979 Thread 0x000002a027f77e90 DEOPT UNPACKING pc=0x000002a077de23a3 sp=0x000000bf9baf8f78 mode 2
Event: 38.979 Thread 0x000002a027f77e90 Uncommon trap: trap_request=0xffffff45 fr.pc=0x000002a078957c04 relative=0x00000000000001c4
Event: 38.979 Thread 0x000002a027f77e90 Uncommon trap: reason=unstable_if action=reinterpret pc=0x000002a078957c04 method=java.io.WinNTFileSystem.isLetter(C)Z @ 9 c2
Event: 38.979 Thread 0x000002a027f77e90 DEOPT PACKING pc=0x000002a078957c04 sp=0x000000bf9baf91e0
Event: 38.979 Thread 0x000002a027f77e90 DEOPT UNPACKING pc=0x000002a077de23a3 sp=0x000000bf9baf90c0 mode 2
Event: 38.991 Thread 0x000002a027f77e90 Uncommon trap: trap_request=0xffffff45 fr.pc=0x000002a0784dc45c relative=0x00000000000002dc
Event: 38.991 Thread 0x000002a027f77e90 Uncommon trap: reason=unstable_if action=reinterpret pc=0x000002a0784dc45c method=java.io.WinNTFileSystem.isLetter(C)Z @ 21 c2
Event: 38.991 Thread 0x000002a027f77e90 DEOPT PACKING pc=0x000002a0784dc45c sp=0x000000bf9baf9050
Event: 38.991 Thread 0x000002a027f77e90 DEOPT UNPACKING pc=0x000002a077de23a3 sp=0x000000bf9baf8f40 mode 2

Classes unloaded (0 events):
No events

Classes redefined (0 events):
No events

Internal exceptions (20 events):
Event: 38.645 Thread 0x000002a027f77e90 Exception <a 'java/lang/ClassNotFoundException'{0x000000008dbbb600}: org/gradle/api/tasks/DeleteCustomizer> (0x000000008dbbb600) 
thrown [s\open\src\hotspot\share\classfile\systemDictionary.cpp, line 256]
Event: 38.646 Thread 0x000002a027f77e90 Exception <a 'java/lang/ClassNotFoundException'{0x000000008dbe5860}: org/gradle/api/tasks/Delete_DecoratedCustomizer> (0x000000008dbe5860) 
thrown [s\open\src\hotspot\share\classfile\systemDictionary.cpp, line 256]
Event: 38.683 Thread 0x000002a027f77e90 Exception <a 'java/lang/ClassNotFoundException'{0x000000008d9eec70}: org/gradle/api/tasks/compile/JavaCompile_DecoratedBeanInfo> (0x000000008d9eec70) 
thrown [s\open\src\hotspot\share\classfile\systemDictionary.cpp, line 256]
Event: 38.684 Thread 0x000002a027f77e90 Exception <a 'java/lang/ClassNotFoundException'{0x000000008d9ff848}: org/gradle/api/tasks/compile/JavaCompileBeanInfo> (0x000000008d9ff848) 
thrown [s\open\src\hotspot\share\classfile\systemDictionary.cpp, line 256]
Event: 38.686 Thread 0x000002a027f77e90 Exception <a 'java/lang/ClassNotFoundException'{0x000000008d810960}: org/gradle/api/tasks/compile/AbstractCompileBeanInfo> (0x000000008d810960) 
thrown [s\open\src\hotspot\share\classfile\systemDictionary.cpp, line 256]
Event: 38.686 Thread 0x000002a027f77e90 Exception <a 'java/lang/ClassNotFoundException'{0x000000008d81e838}: org/gradle/api/tasks/SourceTaskBeanInfo> (0x000000008d81e838) 
thrown [s\open\src\hotspot\share\classfile\systemDictionary.cpp, line 256]
Event: 38.687 Thread 0x000002a027f77e90 Exception <a 'java/lang/ClassNotFoundException'{0x000000008d82c730}: org/gradle/api/tasks/SourceTaskCustomizer> (0x000000008d82c730) 
thrown [s\open\src\hotspot\share\classfile\systemDictionary.cpp, line 256]
Event: 38.689 Thread 0x000002a027f77e90 Exception <a 'java/lang/ClassNotFoundException'{0x000000008d861128}: org/gradle/api/tasks/compile/AbstractCompileCustomizer> (0x000000008d861128) 
thrown [s\open\src\hotspot\share\classfile\systemDictionary.cpp, line 256]
Event: 38.690 Thread 0x000002a027f77e90 Exception <a 'java/lang/ClassNotFoundException'{0x000000008d88a6e0}: org/gradle/api/tasks/compile/JavaCompileCustomizer> (0x000000008d88a6e0) 
thrown [s\open\src\hotspot\share\classfile\systemDictionary.cpp, line 256]
Event: 38.691 Thread 0x000002a027f77e90 Exception <a 'java/lang/ClassNotFoundException'{0x000000008d8b4458}: org/gradle/api/tasks/compile/JavaCompile_DecoratedCustomizer> (0x000000008d8b4458) 
thrown [s\open\src\hotspot\share\classfile\systemDictionary.cpp, line 256]
Event: 38.790 Thread 0x000002a027f77e90 Exception <a 'sun/nio/fs/WindowsException'{0x000000008d362a40}> (0x000000008d362a40) 
thrown [s\open\src\hotspot\share\prims\jni.cpp, line 516]
Event: 38.841 Thread 0x000002a027f77e90 Exception <a 'java/lang/NoSuchMethodError'{0x000000008d1cdb28}: 'java.lang.Object java.lang.invoke.Invokers$Holder.invoker(java.lang.Object, java.lang.Object, java.lang.Object, java.lang.Object, java.lang.Object, java.lang.Object)'> (0x000000008d1cdb28) 
thrown [s\open\src\hotspot\share\interpreter\linkResolver.cpp, line 759]
Event: 38.842 Thread 0x000002a027f77e90 Implicit null exception at 0x000002a0786fd63a to 0x000002a0786fd854
Event: 38.843 Thread 0x000002a027f77e90 Exception <a 'java/lang/NoSuchMethodError'{0x000000008d1d8998}: 'int java.lang.invoke.DirectMethodHandle$Holder.invokeStatic(java.lang.Object, java.lang.Object, int)'> (0x000000008d1d8998) 
thrown [s\open\src\hotspot\share\interpreter\linkResolver.cpp, line 759]
Event: 38.843 Thread 0x000002a027f77e90 Exception <a 'java/lang/NoSuchMethodError'{0x000000008d1dd748}: 'int java.lang.invoke.DirectMethodHandle$Holder.invokeSpecial(java.lang.Object, java.lang.Object, java.lang.Object, int)'> (0x000000008d1dd748) 
thrown [s\open\src\hotspot\share\interpreter\linkResolver.cpp, line 759]
Event: 38.845 Thread 0x000002a027f77e90 Exception <a 'java/lang/NoSuchMethodError'{0x000000008d1f2bc0}: 'java.lang.Object java.lang.invoke.DirectMethodHandle$Holder.invokeSpecial(java.lang.Object, java.lang.Object, java.lang.Object, java.lang.Object, int, java.lang.Object)'> (0x000000008d1f2bc0) 
thrown [s\open\src\hotspot\share\interpreter\linkResolver.cpp, line 759]
Event: 38.888 Thread 0x000002a027f77e90 Exception <a 'sun/nio/fs/WindowsException'{0x000000008e407af8}> (0x000000008e407af8) 
thrown [s\open\src\hotspot\share\prims\jni.cpp, line 516]
Event: 38.997 Thread 0x000002a027f77e90 Exception <a 'java/lang/NoSuchMethodError'{0x000000008df0e838}: 'java.lang.Object java.lang.invoke.DirectMethodHandle$Holder.invokeSpecial(java.lang.Object, java.lang.Object, java.lang.Object, java.lang.Object, long)'> (0x000000008df0e838) 
thrown [s\open\src\hotspot\share\interpreter\linkResolver.cpp, line 759]
Event: 38.998 Thread 0x000002a027f77e90 Exception <a 'java/lang/NoSuchMethodError'{0x000000008df13108}: 'java.lang.Object java.lang.invoke.Invokers$Holder.linkToTargetMethod(java.lang.Object, java.lang.Object, long, java.lang.Object)'> (0x000000008df13108) 
thrown [s\open\src\hotspot\share\interpreter\linkResolver.cpp, line 759]
Event: 39.011 Thread 0x000002a027f77e90 Exception <a 'sun/nio/fs/WindowsException'{0x000000008dfb37f0}> (0x000000008dfb37f0) 
thrown [s\open\src\hotspot\share\prims\jni.cpp, line 516]

VM Operations (20 events):
Event: 37.559 Executing VM operation: G1CollectForAllocation done
Event: 37.565 Executing VM operation: HandshakeAllThreads
Event: 37.566 Executing VM operation: HandshakeAllThreads done
Event: 37.788 Executing VM operation: HandshakeAllThreads
Event: 37.788 Executing VM operation: HandshakeAllThreads done
Event: 38.129 Executing VM operation: ICBufferFull
Event: 38.130 Executing VM operation: ICBufferFull done
Event: 38.356 Executing VM operation: G1CollectForAllocation
Event: 38.364 Executing VM operation: G1CollectForAllocation done
Event: 38.443 Executing VM operation: HandshakeAllThreads
Event: 38.443 Executing VM operation: HandshakeAllThreads done
Event: 38.451 Executing VM operation: G1Concurrent
Event: 38.459 Executing VM operation: G1Concurrent done
Event: 38.512 Executing VM operation: G1Concurrent
Event: 38.513 Executing VM operation: G1Concurrent done
Event: 38.846 Executing VM operation: G1CollectForAllocation
Event: 38.860 Executing VM operation: G1CollectForAllocation done
Event: 38.899 Executing VM operation: HandshakeAllThreads
Event: 38.900 Executing VM operation: HandshakeAllThreads done
Event: 39.014 Executing VM operation: G1CollectForAllocation

Events (20 events):
Event: 38.084 Thread 0x000002a02d1529a0 Thread added: 0x000002a02d1529a0
Event: 38.085 Thread 0x000002a02d152490 Thread added: 0x000002a02d152490
Event: 38.385 Thread 0x000002a028b9f2f0 Thread exited: 0x000002a028b9f2f0
Event: 38.527 loading class jdk/internal/loader/URLClassPath$JarLoader$3
Event: 38.527 loading class jdk/internal/loader/URLClassPath$JarLoader$3 done
Event: 38.536 loading class jdk/internal/reflect/UnsafeQualifiedStaticCharacterFieldAccessorImpl
Event: 38.536 loading class jdk/internal/reflect/UnsafeQualifiedStaticCharacterFieldAccessorImpl done
Event: 38.675 Thread 0x000002a028ba22c0 Thread added: 0x000002a028ba22c0
Event: 38.842 loading class sun/invoke/util/ValueConversions$1
Event: 38.842 loading class sun/invoke/util/ValueConversions$1 done
Event: 38.844 loading class java/lang/invoke/BoundMethodHandle$Species_LI
Event: 38.844 loading class java/lang/invoke/BoundMethodHandle$Species_LI done
Event: 38.880 loading class jdk/internal/reflect/UnsafeIntegerFieldAccessorImpl
Event: 38.881 loading class jdk/internal/reflect/UnsafeIntegerFieldAccessorImpl done
Event: 38.881 loading class jdk/internal/reflect/UnsafeByteFieldAccessorImpl
Event: 38.881 loading class jdk/internal/reflect/UnsafeByteFieldAccessorImpl done
Event: 38.885 loading class jdk/internal/reflect/UnsafeQualifiedIntegerFieldAccessorImpl
Event: 38.886 loading class jdk/internal/reflect/UnsafeQualifiedIntegerFieldAccessorImpl done
Event: 38.904 loading class jdk/internal/reflect/UnsafeQualifiedBooleanFieldAccessorImpl
Event: 38.905 loading class jdk/internal/reflect/UnsafeQualifiedBooleanFieldAccessorImpl done


Dynamic libraries:
0x00007ff6d9e80000 - 0x00007ff6d9e90000 	C:\Program Files\Java\jdk-17\bin\java.exe
0x00007ff968100000 - 0x00007ff968366000 	C:\WINDOWS\SYSTEM32\ntdll.dll
0x00007ff966f00000 - 0x00007ff966fc9000 	C:\WINDOWS\System32\KERNEL32.DLL
0x00007ff965830000 - 0x00007ff965bfc000 	C:\WINDOWS\System32\KERNELBASE.dll
0x00007ff9622b0000 - 0x00007ff96234e000 	C:\WINDOWS\SYSTEM32\apphelp.dll
0x00007ff965c00000 - 0x00007ff965d4b000 	C:\WINDOWS\System32\ucrtbase.dll
0x00007ff943d70000 - 0x00007ff943d8b000 	C:\Program Files\Java\jdk-17\bin\VCRUNTIME140.dll
0x00007ff943d90000 - 0x00007ff943da9000 	C:\Program Files\Java\jdk-17\bin\jli.dll
0x00007ff967030000 - 0x00007ff9670e2000 	C:\WINDOWS\System32\ADVAPI32.dll
0x00007ff967e20000 - 0x00007ff967ec9000 	C:\WINDOWS\System32\msvcrt.dll
0x00007ff9671a0000 - 0x00007ff967246000 	C:\WINDOWS\System32\sechost.dll
0x00007ff9665f0000 - 0x00007ff966706000 	C:\WINDOWS\System32\RPCRT4.dll
0x00007ff967a80000 - 0x00007ff967c4a000 	C:\WINDOWS\System32\USER32.dll
0x00007ff94a360000 - 0x00007ff94a5fa000 	C:\WINDOWS\WinSxS\amd64_microsoft.windows.common-controls_6595b64144ccf1df_6.0.26100.3902_none_3e0695f2e335fa27\COMCTL32.dll
0x00007ff9654a0000 - 0x00007ff9654c7000 	C:\WINDOWS\System32\win32u.dll
0x00007ff966730000 - 0x00007ff96675b000 	C:\WINDOWS\System32\GDI32.dll
0x00007ff9654d0000 - 0x00007ff965602000 	C:\WINDOWS\System32\gdi32full.dll
0x00007ff95e410000 - 0x00007ff95e41b000 	C:\WINDOWS\SYSTEM32\VERSION.dll
0x00007ff965e10000 - 0x00007ff965eb3000 	C:\WINDOWS\System32\msvcp_win.dll
0x00007ff9679f0000 - 0x00007ff967a20000 	C:\WINDOWS\System32\IMM32.DLL
0x00007ff94aa00000 - 0x00007ff94aa0c000 	C:\Program Files\Java\jdk-17\bin\vcruntime140_1.dll
0x00007ff900560000 - 0x00007ff9005ee000 	C:\Program Files\Java\jdk-17\bin\msvcp140.dll
0x00007ff8ec780000 - 0x00007ff8ed360000 	C:\Program Files\Java\jdk-17\bin\server\jvm.dll
0x00007ff966720000 - 0x00007ff966728000 	C:\WINDOWS\System32\PSAPI.DLL
0x00007ff942b20000 - 0x00007ff942b2a000 	C:\WINDOWS\SYSTEM32\WSOCK32.dll
0x00007ff95d450000 - 0x00007ff95d486000 	C:\WINDOWS\SYSTEM32\WINMM.dll
0x00007ff966810000 - 0x00007ff966884000 	C:\WINDOWS\System32\WS2_32.dll
0x00007ff964170000 - 0x00007ff96418a000 	C:\WINDOWS\SYSTEM32\kernel.appcore.dll
0x00007ff949620000 - 0x00007ff94962a000 	C:\Program Files\Java\jdk-17\bin\jimage.dll
0x00007ff95a2e0000 - 0x00007ff95a521000 	C:\WINDOWS\SYSTEM32\DBGHELP.DLL
0x00007ff966a70000 - 0x00007ff966df4000 	C:\WINDOWS\System32\combase.dll
0x00007ff967900000 - 0x00007ff9679e0000 	C:\WINDOWS\System32\OLEAUT32.dll
0x00007ff946f10000 - 0x00007ff946f49000 	C:\WINDOWS\SYSTEM32\dbgcore.DLL
0x00007ff965790000 - 0x00007ff965829000 	C:\WINDOWS\System32\bcryptPrimitives.dll
0x00007ff944f90000 - 0x00007ff944f9e000 	C:\Program Files\Java\jdk-17\bin\instrument.dll
0x00007ff943d40000 - 0x00007ff943d65000 	C:\Program Files\Java\jdk-17\bin\java.dll
0x00007ff8ff360000 - 0x00007ff8ff437000 	C:\Program Files\Java\jdk-17\bin\jsvml.dll
0x00007ff965ec0000 - 0x00007ff9665ed000 	C:\WINDOWS\System32\SHELL32.dll
0x00007ff965610000 - 0x00007ff965784000 	C:\WINDOWS\System32\wintypes.dll
0x00007ff962f10000 - 0x00007ff963766000 	C:\WINDOWS\SYSTEM32\windows.storage.dll
0x00007ff967f50000 - 0x00007ff96803f000 	C:\WINDOWS\System32\SHCORE.dll
0x00007ff968050000 - 0x00007ff9680b9000 	C:\WINDOWS\System32\shlwapi.dll
0x00007ff9651a0000 - 0x00007ff9651cf000 	C:\WINDOWS\SYSTEM32\profapi.dll
0x00007ff9052b0000 - 0x00007ff9052c8000 	C:\Program Files\Java\jdk-17\bin\zip.dll
0x00007ff943d20000 - 0x00007ff943d39000 	C:\Program Files\Java\jdk-17\bin\net.dll
0x00007ff95e0a0000 - 0x00007ff95e1be000 	C:\WINDOWS\SYSTEM32\WINHTTP.dll
0x00007ff9646e0000 - 0x00007ff96474a000 	C:\WINDOWS\system32\mswsock.dll
0x00007ff905860000 - 0x00007ff905876000 	C:\Program Files\Java\jdk-17\bin\nio.dll
0x00007ff949010000 - 0x00007ff949020000 	C:\Program Files\Java\jdk-17\bin\verify.dll
0x00007ff9038f0000 - 0x00007ff903917000 	C:\Users\ASHISH\.gradle\native\68d5fa5c4cc2d200863cafc0d521ce42e7d3e7ee720ec0a83991735586a16f82\windows-amd64\native-platform.dll
0x00007ff8fdc00000 - 0x00007ff8fdd44000 	C:\Users\ASHISH\.gradle\native\e376f236ea51e6404a007f0833ffe2c6e607c4080706a723a18a27aeea778392\windows-amd64\native-platform-file-events.dll
0x00007ff9486c0000 - 0x00007ff9486ca000 	C:\Program Files\Java\jdk-17\bin\management.dll
0x00007ff9453c0000 - 0x00007ff9453cb000 	C:\Program Files\Java\jdk-17\bin\management_ext.dll
0x00007ff964980000 - 0x00007ff96499c000 	C:\WINDOWS\SYSTEM32\CRYPTSP.dll
0x00007ff9640d0000 - 0x00007ff96410a000 	C:\WINDOWS\system32\rsaenh.dll
0x00007ff964780000 - 0x00007ff9647ab000 	C:\WINDOWS\SYSTEM32\USERENV.dll
0x00007ff965170000 - 0x00007ff965196000 	C:\WINDOWS\SYSTEM32\bcrypt.dll
0x00007ff9649a0000 - 0x00007ff9649ac000 	C:\WINDOWS\SYSTEM32\CRYPTBASE.dll
0x00007ff963ad0000 - 0x00007ff963b03000 	C:\WINDOWS\SYSTEM32\IPHLPAPI.DLL
0x00007ff967c60000 - 0x00007ff967c6a000 	C:\WINDOWS\System32\NSI.dll
0x00007ff95e420000 - 0x00007ff95e43f000 	C:\WINDOWS\SYSTEM32\dhcpcsvc6.DLL
0x00007ff95ddc0000 - 0x00007ff95dde5000 	C:\WINDOWS\SYSTEM32\dhcpcsvc.DLL
0x00007ff963bc0000 - 0x00007ff963ce7000 	C:\WINDOWS\SYSTEM32\DNSAPI.dll
0x00007ff943d10000 - 0x00007ff943d1e000 	C:\Program Files\Java\jdk-17\bin\sunmscapi.dll
0x00007ff965320000 - 0x00007ff965497000 	C:\WINDOWS\System32\CRYPT32.dll
0x00007ff964b90000 - 0x00007ff964bc0000 	C:\WINDOWS\SYSTEM32\ncrypt.dll
0x00007ff964b40000 - 0x00007ff964b7f000 	C:\WINDOWS\SYSTEM32\NTASN1.dll
0x00007ff95ddb0000 - 0x00007ff95ddb8000 	C:\WINDOWS\system32\wshunix.dll
0x00007ff9486b0000 - 0x00007ff9486bb000 	C:\Windows\System32\rasadhlp.dll
0x00007ff95b280000 - 0x00007ff95b306000 	C:\WINDOWS\System32\fwpuclnt.dll
0x00007ff934850000 - 0x00007ff934868000 	C:\WINDOWS\system32\napinsp.dll
0x00007ff9495b0000 - 0x00007ff9495c2000 	C:\WINDOWS\System32\winrnr.dll
0x00007ff949510000 - 0x00007ff949540000 	C:\WINDOWS\system32\nlansp_c.dll
0x00007ff937630000 - 0x00007ff937646000 	C:\WINDOWS\system32\wshbth.dll

dbghelp: loaded successfully - version: 4.0.5 - missing functions: none
symbol engine: initialized successfully - sym options: 0x614 - pdb path: .;C:\Program Files\Java\jdk-17\bin;C:\WINDOWS\SYSTEM32;C:\WINDOWS\WinSxS\amd64_microsoft.windows.common-controls_6595b64144ccf1df_6.0.26100.3902_none_3e0695f2e335fa27;C:\Program Files\Java\jdk-17\bin\server;C:\Users\ASHISH\.gradle\native\68d5fa5c4cc2d200863cafc0d521ce42e7d3e7ee720ec0a83991735586a16f82\windows-amd64;C:\Users\ASHISH\.gradle\native\e376f236ea51e6404a007f0833ffe2c6e607c4080706a723a18a27aeea778392\windows-amd64

VM Arguments:
jvm_args: -XX:MaxMetaspaceSize=512m --add-opens=java.base/java.util=ALL-UNNAMED --add-opens=java.base/java.lang=ALL-UNNAMED --add-opens=java.base/java.lang.invoke=ALL-UNNAMED --add-opens=java.prefs/java.util.prefs=ALL-UNNAMED --add-opens=java.base/java.nio.charset=ALL-UNNAMED --add-opens=java.base/java.net=ALL-UNNAMED --add-opens=java.base/java.util.concurrent.atomic=ALL-UNNAMED -Xmx2048m -Dfile.encoding=windows-1252 -Duser.country=IN -Duser.language=en -Duser.variant -javaagent:C:\Users\ASHISH\.gradle\wrapper\dists\gradle-8.3-all\6en3ugtfdg5xnpx44z4qbwgas\gradle-8.3\lib\agents\gradle-instrumentation-agent-8.3.jar 
java_command: org.gradle.launcher.daemon.bootstrap.GradleDaemon 8.3
java_class_path (initial): C:\Users\ASHISH\.gradle\wrapper\dists\gradle-8.3-all\6en3ugtfdg5xnpx44z4qbwgas\gradle-8.3\lib\gradle-launcher-8.3.jar
Launcher Type: SUN_STANDARD

[Global flags]
     intx CICompilerCount                          = 4                                         {product} {ergonomic}
   size_t CompressedClassSpaceSize                 = 436207616                                 {product} {ergonomic}
     uint ConcGCThreads                            = 3                                         {product} {ergonomic}
     uint G1ConcRefinementThreads                  = 10                                        {product} {ergonomic}
   size_t G1HeapRegionSize                         = 1048576                                   {product} {ergonomic}
    uintx GCDrainStackTargetSize                   = 64                                        {product} {ergonomic}
   size_t InitialHeapSize                          = 123731968                                 {product} {ergonomic}
   size_t MarkStackSize                            = 4194304                                   {product} {ergonomic}
   size_t MaxHeapSize                              = 2147483648                                {product} {command line}
   size_t MaxMetaspaceSize                         = 536870912                                 {product} {command line}
   size_t MaxNewSize                               = 1287651328                                {product} {ergonomic}
   size_t MinHeapDeltaBytes                        = 1048576                                   {product} {ergonomic}
   size_t MinHeapSize                              = 8388608                                   {product} {ergonomic}
    uintx NonNMethodCodeHeapSize                   = 5839372                                {pd product} {ergonomic}
    uintx NonProfiledCodeHeapSize                  = 122909434                              {pd product} {ergonomic}
    uintx ProfiledCodeHeapSize                     = 122909434                              {pd product} {ergonomic}
    uintx ReservedCodeCacheSize                    = 251658240                              {pd product} {ergonomic}
     bool SegmentedCodeCache                       = true                                      {product} {ergonomic}
   size_t SoftMaxHeapSize                          = 2147483648                             {manageable} {ergonomic}
     bool UseCompressedClassPointers               = true                           {product lp64_product} {ergonomic}
     bool UseCompressedOops                        = true                           {product lp64_product} {ergonomic}
     bool UseG1GC                                  = true                                      {product} {ergonomic}
     bool UseLargePagesIndividualAllocation        = false                                  {pd product} {ergonomic}

Logging:
Log output configuration:
 #0: stdout all=warning uptime,level,tags
 #1: stderr all=off uptime,level,tags

Environment Variables:
CLASSPATH=E:\Projects\React JS\Music-player\Main\MUsic\Frontend\android\\gradle\wrapper\gradle-wrapper.jar
PATH=E:\Projects\React JS\Music-player\Main\MUsic\Frontend\node_modules\.bin;E:\Projects\React JS\Music-player\Main\MUsic\Frontend\node_modules\.bin;E:\Projects\React JS\Music-player\Main\MUsic\node_modules\.bin;E:\Projects\React JS\Music-player\Main\node_modules\.bin;E:\Projects\React JS\Music-player\node_modules\.bin;E:\Projects\React JS\node_modules\.bin;E:\Projects\node_modules\.bin;E:\node_modules\.bin;C:\Program Files\nodejs\node_modules\npm\node_modules\@npmcli\run-script\lib\node-gyp-bin;E:\Projects\React JS\Music-player\Main\MUsic\Frontend\node_modules\.bin;E:\Projects\React JS\Music-player\Main\MUsic\node_modules\.bin;E:\Projects\React JS\Music-player\Main\node_modules\.bin;E:\Projects\React JS\Music-player\node_modules\.bin;E:\Projects\React JS\node_modules\.bin;E:\Projects\node_modules\.bin;E:\node_modules\.bin;C:\Program Files\nodejs\node_modules\npm\node_modules\@npmcli\run-script\lib\node-gyp-bin;C:\Program Files\PowerShell\7;c:\Users\ASHISH\AppData\Local\Programs\cursor\resources\app\bin;c:\Users\ASHISH\AppData\Local\Programs\cursor\resources\app\bin;c:\Users\ASHISH\AppData\Local\Programs\cursor\resources\app\bin;C:\Python313\Scripts\;C:\Python313\;c:\Users\ASHISH\AppData\Local\Programs\cursor\resources\app\bin;c:\Users\ASHISH\AppData\Local\Programs\cursor\resources\app\bin;c:\Users\ASHISH\AppData\Local\Programs\cursor\resources\app\bin;C:\Program Files\Common Files\Oracle\Java\javapath;c:\Users\ASHISH\AppData\Local\Programs\cursor\resources\app\bin;C:\WINDOWS\system32;C:\WINDOWS;C:\WINDOWS\System32\Wbem;C:\WINDOWS\System32\WindowsPowerShell\v1.0\;C:\WINDOWS\System32\OpenSSH\;C:\Program Files (x86)\NVIDIA Corporation\PhysX\Common;C:\Program Files\NVIDIA Corporation\NVIDIA app\NvDLISR;C:\Program Files\HP\HP One Agent;C:\Program Files\Git\cmd;c:\Users\ASHISH\AppData\Local\Programs\cursor\resources\app\bin;C:\Users\ASHISH\AppData\Local\Programs\Python\Launcher\;C:\Users\ASHISH\AppData\Local\Microsoft\WindowsApps;C:\Users\ASHISH\AppD;C:\Program Files\nodejs
USERNAME=ASHISH
LANG=en_US.UTF-8
OS=Windows_NT
PROCESSOR_IDENTIFIER=AMD64 Family 25 Model 80 Stepping 0, AuthenticAMD



---------------  S Y S T E M  ---------------

OS:
 Windows 11 , 64 bit Build 26100 (10.0.26100.3902)
OS uptime: 0 days 0:27 hours
Hyper-V role detected

CPU: total 12 (initial active 12) (12 cores per cpu, 2 threads per core) family 25 model 80 stepping 0 microcode 0xa500011, cx8, cmov, fxsr, ht, mmx, 3dnowpref, sse, sse2, sse3, ssse3, sse4a, sse4.1, sse4.2, popcnt, lzcnt, tsc, tscinvbit, avx, avx2, aes, erms, clmul, bmi1, bmi2, adx, sha, fma, vzeroupper, clflush, clflushopt, hv

Memory: 4k page, system-wide physical 7521M (1789M free)
TotalPageFile size 7521M (AvailPageFile size 222M)
current process WorkingSet (physical memory assigned to process): 525M, peak: 527M
current process commit charge ("private bytes"): 578M, peak: 920M

vm_info: Java HotSpot(TM) 64-Bit Server VM (17.0.12+8-LTS-286) for windows-amd64 JRE (17.0.12+8-LTS-286), built on Jun  5 2024 06:46:59 by "mach5one" with MS VC++ 17.6 (VS2022)

END.
